<?xml version="1.0" encoding="UTF-8"?>
<testsuite xmlns:xsi="http://www.w3.org/2001/XMLSchema-instance" xsi:noNamespaceSchemaLocation="https://maven.apache.org/surefire/maven-surefire-plugin/xsd/surefire-test-report-3.0.xsd" version="3.0" name="iteration2.api.TransferTest" time="16.109" tests="9" errors="0" skipped="0" failures="0">
  <properties>
[...]
</properties>
  <testcase name="userCanTransfer(String, String, int, int, double)[1]" classname="iteration2.api.TransferTest" time="2.038">
    <system-out><![CDATA[Request method:	POST
Request URI:	http://host.docker.internal:4111/api/v1/admin/users
Proxy:			<none>
Request params:	<none>
Query params:	<none>
Form params:	<none>
Path params:	<none>
Headers:		Accept=application/json, application/javascript, text/javascript, text/json
				Authorization=Basic YWRtaW46YWRtaW4=
				Content-Type=application/json
Cookies:		<none>
Multiparts:		<none>
Body:
{
    "username": "4dYAGVtUK",
    "password": "ISSnhkn042%%",
    "role": "USER"
}
HTTP/1.1 201 
Vary: Origin
Vary: Access-Control-Request-Method
Vary: Access-Control-Request-Headers
Authorization: Basic NGRZQUdWdFVLOklTU25oa24wNDIlJQ==
X-Content-Type-Options: nosniff
X-XSS-Protection: 0
Cache-Control: no-cache, no-store, max-age=0, must-revalidate
Pragma: no-cache
Expires: 0
X-Frame-Options: DENY
Content-Type: application/json
Transfer-Encoding: chunked
Date: Wed, 08 Oct 2025 20:35:21 GMT
Keep-Alive: timeout=60
Connection: keep-alive

{
    "id": 146,
    "username": "4dYAGVtUK",
    "password": "$2a$10$AL9ijOVFOsmomNptAlABtOuvn1dULwLFK/YRRyA45RtPJzVarm1Be",
    "name": null,
    "role": "USER",
    "accounts": [
        
    ]
}
Request method:	POST
Request URI:	http://host.docker.internal:4111/api/v1/auth/login
Proxy:			<none>
Request params:	<none>
Query params:	<none>
Form params:	<none>
Path params:	<none>
Headers:		Accept=application/json, application/javascript, text/javascript, text/json
				Content-Type=application/json
Cookies:		<none>
Multiparts:		<none>
Body:
{
    "username": "4dYAGVtUK",
    "password": "ISSnhkn042%%"
}
HTTP/1.1 200 
Vary: Origin
Vary: Access-Control-Request-Method
Vary: Access-Control-Request-Headers
Authorization: Basic NGRZQUdWdFVLOklTU25oa24wNDIlJQ==
X-Content-Type-Options: nosniff
X-XSS-Protection: 0
Cache-Control: no-cache, no-store, max-age=0, must-revalidate
Pragma: no-cache
Expires: 0
X-Frame-Options: DENY
Content-Type: application/json
Transfer-Encoding: chunked
Date: Wed, 08 Oct 2025 20:35:21 GMT
Keep-Alive: timeout=60
Connection: keep-alive

{
    "username": "4dYAGVtUK",
    "role": "USER"
}
Request method:	POST
Request URI:	http://host.docker.internal:4111/api/v1/accounts
Proxy:			<none>
Request params:	<none>
Query params:	<none>
Form params:	<none>
Path params:	<none>
Headers:		Accept=application/json, application/javascript, text/javascript, text/json
				Authorization=Basic NGRZQUdWdFVLOklTU25oa24wNDIlJQ==
				Content-Type=application/json
Cookies:		<none>
Multiparts:		<none>
Body:
HTTP/1.1 201 
Vary: Origin
Vary: Access-Control-Request-Method
Vary: Access-Control-Request-Headers
X-Content-Type-Options: nosniff
X-XSS-Protection: 0
Cache-Control: no-cache, no-store, max-age=0, must-revalidate
Pragma: no-cache
Expires: 0
X-Frame-Options: DENY
Content-Type: application/json
Transfer-Encoding: chunked
Date: Wed, 08 Oct 2025 20:35:21 GMT
Keep-Alive: timeout=60
Connection: keep-alive

{
    "id": 67,
    "accountNumber": "ACC67",
    "balance": 0.0,
    "transactions": [
        
    ]
}
Request method:	POST
Request URI:	http://host.docker.internal:4111/api/v1/admin/users
Proxy:			<none>
Request params:	<none>
Query params:	<none>
Form params:	<none>
Path params:	<none>
Headers:		Accept=application/json, application/javascript, text/javascript, text/json
				Authorization=Basic YWRtaW46YWRtaW4=
				Content-Type=application/json
Cookies:		<none>
Multiparts:		<none>
Body:
{
    "username": "FzA349KmUtkrjb",
    "password": "EARqgob388%$",
    "role": "USER"
}
HTTP/1.1 201 
Vary: Origin
Vary: Access-Control-Request-Method
Vary: Access-Control-Request-Headers
Authorization: Basic RnpBMzQ5S21VdGtyamI6RUFScWdvYjM4OCUk
X-Content-Type-Options: nosniff
X-XSS-Protection: 0
Cache-Control: no-cache, no-store, max-age=0, must-revalidate
Pragma: no-cache
Expires: 0
X-Frame-Options: DENY
Content-Type: application/json
Transfer-Encoding: chunked
Date: Wed, 08 Oct 2025 20:35:23 GMT
Keep-Alive: timeout=60
Connection: keep-alive

{
    "id": 147,
    "username": "FzA349KmUtkrjb",
    "password": "$2a$10$308KItCtyLCdmcfJVf9BjOaw5DJbRW7PZJmL7yMVBYbUL5CzkS4fW",
    "name": null,
    "role": "USER",
    "accounts": [
        
    ]
}
Request method:	POST
Request URI:	http://host.docker.internal:4111/api/v1/auth/login
Proxy:			<none>
Request params:	<none>
Query params:	<none>
Form params:	<none>
Path params:	<none>
Headers:		Accept=application/json, application/javascript, text/javascript, text/json
				Content-Type=application/json
Cookies:		<none>
Multiparts:		<none>
Body:
{
    "username": "FzA349KmUtkrjb",
    "password": "EARqgob388%$"
}
HTTP/1.1 200 
Vary: Origin
Vary: Access-Control-Request-Method
Vary: Access-Control-Request-Headers
Authorization: Basic RnpBMzQ5S21VdGtyamI6RUFScWdvYjM4OCUk
X-Content-Type-Options: nosniff
X-XSS-Protection: 0
Cache-Control: no-cache, no-store, max-age=0, must-revalidate
Pragma: no-cache
Expires: 0
X-Frame-Options: DENY
Content-Type: application/json
Transfer-Encoding: chunked
Date: Wed, 08 Oct 2025 20:35:23 GMT
Keep-Alive: timeout=60
Connection: keep-alive

{
    "username": "FzA349KmUtkrjb",
    "role": "USER"
}
Request method:	POST
Request URI:	http://host.docker.internal:4111/api/v1/accounts
Proxy:			<none>
Request params:	<none>
Query params:	<none>
Form params:	<none>
Path params:	<none>
Headers:		Accept=application/json, application/javascript, text/javascript, text/json
				Authorization=Basic RnpBMzQ5S21VdGtyamI6RUFScWdvYjM4OCUk
				Content-Type=application/json
Cookies:		<none>
Multiparts:		<none>
Body:
HTTP/1.1 201 
Vary: Origin
Vary: Access-Control-Request-Method
Vary: Access-Control-Request-Headers
X-Content-Type-Options: nosniff
X-XSS-Protection: 0
Cache-Control: no-cache, no-store, max-age=0, must-revalidate
Pragma: no-cache
Expires: 0
X-Frame-Options: DENY
Content-Type: application/json
Transfer-Encoding: chunked
Date: Wed, 08 Oct 2025 20:35:23 GMT
Keep-Alive: timeout=60
Connection: keep-alive

{
    "id": 68,
    "accountNumber": "ACC68",
    "balance": 0.0,
    "transactions": [
        
    ]
}
Request method:	POST
Request URI:	http://host.docker.internal:4111/api/v1/admin/users
Proxy:			<none>
Request params:	<none>
Query params:	<none>
Form params:	<none>
Path params:	<none>
Headers:		Accept=application/json, application/javascript, text/javascript, text/json
				Authorization=Basic YWRtaW46YWRtaW4=
				Content-Type=application/json
Cookies:		<none>
Multiparts:		<none>
Body:
{
    "username": "tHQnNU0",
    "password": "CJNjboq454%%",
    "role": "USER"
}
HTTP/1.1 201 
Vary: Origin
Vary: Access-Control-Request-Method
Vary: Access-Control-Request-Headers
Authorization: Basic dEhRbk5VMDpDSk5qYm9xNDU0JSU=
X-Content-Type-Options: nosniff
X-XSS-Protection: 0
Cache-Control: no-cache, no-store, max-age=0, must-revalidate
Pragma: no-cache
Expires: 0
X-Frame-Options: DENY
Content-Type: application/json
Transfer-Encoding: chunked
Date: Wed, 08 Oct 2025 20:35:24 GMT
Keep-Alive: timeout=60
Connection: keep-alive

{
    "id": 148,
    "username": "tHQnNU0",
    "password": "$2a$10$iYsoD8f.XqKqk7LGoggnpu3qa66skSrPYiwWnIRoBldUqYGJZ67/m",
    "name": null,
    "role": "USER",
    "accounts": [
        
    ]
}
Request method:	POST
Request URI:	http://host.docker.internal:4111/api/v1/auth/login
Proxy:			<none>
Request params:	<none>
Query params:	<none>
Form params:	<none>
Path params:	<none>
Headers:		Accept=application/json, application/javascript, text/javascript, text/json
				Content-Type=application/json
Cookies:		<none>
Multiparts:		<none>
Body:
{
    "username": "tHQnNU0",
    "password": "CJNjboq454%%"
}
HTTP/1.1 200 
Vary: Origin
Vary: Access-Control-Request-Method
Vary: Access-Control-Request-Headers
Authorization: Basic dEhRbk5VMDpDSk5qYm9xNDU0JSU=
X-Content-Type-Options: nosniff
X-XSS-Protection: 0
Cache-Control: no-cache, no-store, max-age=0, must-revalidate
Pragma: no-cache
Expires: 0
X-Frame-Options: DENY
Content-Type: application/json
Transfer-Encoding: chunked
Date: Wed, 08 Oct 2025 20:35:24 GMT
Keep-Alive: timeout=60
Connection: keep-alive

{
    "username": "tHQnNU0",
    "role": "USER"
}
Request method:	GET
Request URI:	http://host.docker.internal:4111/api/v1/customer/profile
Proxy:			<none>
Request params:	<none>
Query params:	<none>
Form params:	<none>
Path params:	<none>
Headers:		Accept=application/json, application/javascript, text/javascript, text/json
				Authorization=Basic dEhRbk5VMDpDSk5qYm9xNDU0JSU=
				Content-Type=application/json
Cookies:		<none>
Multiparts:		<none>
Body:			<none>
HTTP/1.1 200 
Vary: Origin
Vary: Access-Control-Request-Method
Vary: Access-Control-Request-Headers
X-Content-Type-Options: nosniff
X-XSS-Protection: 0
Cache-Control: no-cache, no-store, max-age=0, must-revalidate
Pragma: no-cache
Expires: 0
X-Frame-Options: DENY
Content-Type: application/json
Transfer-Encoding: chunked
Date: Wed, 08 Oct 2025 20:35:24 GMT
Keep-Alive: timeout=60
Connection: keep-alive

{
    "id": 148,
    "username": "tHQnNU0",
    "password": "$2a$10$iYsoD8f.XqKqk7LGoggnpu3qa66skSrPYiwWnIRoBldUqYGJZ67/m",
    "name": null,
    "role": "USER",
    "accounts": [
        
    ]
}
Request method:	GET
Request URI:	http://host.docker.internal:4111/api/v1/customer/accounts
Proxy:			<none>
Request params:	<none>
Query params:	<none>
Form params:	<none>
Path params:	<none>
Headers:		Accept=application/json, application/javascript, text/javascript, text/json
				Authorization=Basic NGRZQUdWdFVLOklTU25oa24wNDIlJQ==
				Content-Type=application/json
Cookies:		<none>
Multiparts:		<none>
Body:			<none>
HTTP/1.1 200 
Vary: Origin
Vary: Access-Control-Request-Method
Vary: Access-Control-Request-Headers
X-Content-Type-Options: nosniff
X-XSS-Protection: 0
Cache-Control: no-cache, no-store, max-age=0, must-revalidate
Pragma: no-cache
Expires: 0
X-Frame-Options: DENY
Content-Type: application/json
Transfer-Encoding: chunked
Date: Wed, 08 Oct 2025 20:35:24 GMT
Keep-Alive: timeout=60
Connection: keep-alive

[
    {
        "id": 67,
        "accountNumber": "ACC67",
        "balance": 0.0,
        "transactions": [
            
        ]
    }
]
Request method:	POST
Request URI:	http://host.docker.internal:4111/api/v1/accounts/deposit
Proxy:			<none>
Request params:	<none>
Query params:	<none>
Form params:	<none>
Path params:	<none>
Headers:		Accept=application/json, application/javascript, text/javascript, text/json
				Authorization=Basic NGRZQUdWdFVLOklTU25oa24wNDIlJQ==
				Content-Type=application/json
Cookies:		<none>
Multiparts:		<none>
Body:
{
    "id": 67,
    "balance": 300.0
}
HTTP/1.1 200 
Vary: Origin
Vary: Access-Control-Request-Method
Vary: Access-Control-Request-Headers
X-Content-Type-Options: nosniff
X-XSS-Protection: 0
Cache-Control: no-cache, no-store, max-age=0, must-revalidate
Pragma: no-cache
Expires: 0
X-Frame-Options: DENY
Content-Type: application/json
Transfer-Encoding: chunked
Date: Wed, 08 Oct 2025 20:35:25 GMT
Keep-Alive: timeout=60
Connection: keep-alive

{
    "id": 67,
    "accountNumber": "ACC67",
    "balance": 300.0,
    "transactions": [
        {
            "id": 118,
            "amount": 300.0,
            "type": "DEPOSIT",
            "timestamp": "Wed Oct 08 20:35:25 UTC 2025",
            "relatedAccountId": 67
        }
    ]
}
Request method:	GET
Request URI:	http://host.docker.internal:4111/api/v1/customer/accounts
Proxy:			<none>
Request params:	<none>
Query params:	<none>
Form params:	<none>
Path params:	<none>
Headers:		Accept=application/json, application/javascript, text/javascript, text/json
				Authorization=Basic NGRZQUdWdFVLOklTU25oa24wNDIlJQ==
				Content-Type=application/json
Cookies:		<none>
Multiparts:		<none>
Body:			<none>
HTTP/1.1 200 
Vary: Origin
Vary: Access-Control-Request-Method
Vary: Access-Control-Request-Headers
X-Content-Type-Options: nosniff
X-XSS-Protection: 0
Cache-Control: no-cache, no-store, max-age=0, must-revalidate
Pragma: no-cache
Expires: 0
X-Frame-Options: DENY
Content-Type: application/json
Transfer-Encoding: chunked
Date: Wed, 08 Oct 2025 20:35:25 GMT
Keep-Alive: timeout=60
Connection: keep-alive

[
    {
        "id": 67,
        "accountNumber": "ACC67",
        "balance": 300.0,
        "transactions": [
            {
                "id": 118,
                "amount": 300.0,
                "type": "DEPOSIT",
                "timestamp": "Wed Oct 08 20:35:25 UTC 2025",
                "relatedAccountId": 67
            }
        ]
    }
]
Request method:	GET
Request URI:	http://host.docker.internal:4111/api/v1/customer/accounts
Proxy:			<none>
Request params:	<none>
Query params:	<none>
Form params:	<none>
Path params:	<none>
Headers:		Accept=application/json, application/javascript, text/javascript, text/json
				Authorization=Basic NGRZQUdWdFVLOklTU25oa24wNDIlJQ==
				Content-Type=application/json
Cookies:		<none>
Multiparts:		<none>
Body:			<none>
HTTP/1.1 200 
Vary: Origin
Vary: Access-Control-Request-Method
Vary: Access-Control-Request-Headers
X-Content-Type-Options: nosniff
X-XSS-Protection: 0
Cache-Control: no-cache, no-store, max-age=0, must-revalidate
Pragma: no-cache
Expires: 0
X-Frame-Options: DENY
Content-Type: application/json
Transfer-Encoding: chunked
Date: Wed, 08 Oct 2025 20:35:25 GMT
Keep-Alive: timeout=60
Connection: keep-alive

[
    {
        "id": 67,
        "accountNumber": "ACC67",
        "balance": 300.0,
        "transactions": [
            {
                "id": 118,
                "amount": 300.0,
                "type": "DEPOSIT",
                "timestamp": "Wed Oct 08 20:35:25 UTC 2025",
                "relatedAccountId": 67
            }
        ]
    }
]
Request method:	GET
Request URI:	http://host.docker.internal:4111/api/v1/customer/accounts
Proxy:			<none>
Request params:	<none>
Query params:	<none>
Form params:	<none>
Path params:	<none>
Headers:		Accept=application/json, application/javascript, text/javascript, text/json
				Authorization=Basic RnpBMzQ5S21VdGtyamI6RUFScWdvYjM4OCUk
				Content-Type=application/json
Cookies:		<none>
Multiparts:		<none>
Body:			<none>
HTTP/1.1 200 
Vary: Origin
Vary: Access-Control-Request-Method
Vary: Access-Control-Request-Headers
X-Content-Type-Options: nosniff
X-XSS-Protection: 0
Cache-Control: no-cache, no-store, max-age=0, must-revalidate
Pragma: no-cache
Expires: 0
X-Frame-Options: DENY
Content-Type: application/json
Transfer-Encoding: chunked
Date: Wed, 08 Oct 2025 20:35:25 GMT
Keep-Alive: timeout=60
Connection: keep-alive

[
    {
        "id": 68,
        "accountNumber": "ACC68",
        "balance": 0.0,
        "transactions": [
            
        ]
    }
]
Request method:	POST
Request URI:	http://host.docker.internal:4111/api/v1/accounts/transfer
Proxy:			<none>
Request params:	<none>
Query params:	<none>
Form params:	<none>
Path params:	<none>
Headers:		Accept=application/json, application/javascript, text/javascript, text/json
				Authorization=Basic NGRZQUdWdFVLOklTU25oa24wNDIlJQ==
				Content-Type=application/json
Cookies:		<none>
Multiparts:		<none>
Body:
{
    "senderAccountId": 67,
    "receiverAccountId": 68,
    "amount": 50.0
}
HTTP/1.1 200 
Vary: Origin
Vary: Access-Control-Request-Method
Vary: Access-Control-Request-Headers
X-Content-Type-Options: nosniff
X-XSS-Protection: 0
Cache-Control: no-cache, no-store, max-age=0, must-revalidate
Pragma: no-cache
Expires: 0
X-Frame-Options: DENY
Content-Type: application/json
Transfer-Encoding: chunked
Date: Wed, 08 Oct 2025 20:35:26 GMT
Keep-Alive: timeout=60
Connection: keep-alive

{
    "receiverAccountId": 68,
    "amount": 50.0,
    "message": "Transfer successful",
    "senderAccountId": 67
}
Request method:	GET
Request URI:	http://host.docker.internal:4111/api/v1/customer/accounts
Proxy:			<none>
Request params:	<none>
Query params:	<none>
Form params:	<none>
Path params:	<none>
Headers:		Accept=application/json, application/javascript, text/javascript, text/json
				Authorization=Basic NGRZQUdWdFVLOklTU25oa24wNDIlJQ==
				Content-Type=application/json
Cookies:		<none>
Multiparts:		<none>
Body:			<none>
HTTP/1.1 200 
Vary: Origin
Vary: Access-Control-Request-Method
Vary: Access-Control-Request-Headers
X-Content-Type-Options: nosniff
X-XSS-Protection: 0
Cache-Control: no-cache, no-store, max-age=0, must-revalidate
Pragma: no-cache
Expires: 0
X-Frame-Options: DENY
Content-Type: application/json
Transfer-Encoding: chunked
Date: Wed, 08 Oct 2025 20:35:26 GMT
Keep-Alive: timeout=60
Connection: keep-alive

[
    {
        "id": 67,
        "accountNumber": "ACC67",
        "balance": 250.0,
        "transactions": [
            {
                "id": 119,
                "amount": 50.0,
                "type": "TRANSFER_OUT",
                "timestamp": "Wed Oct 08 20:35:26 UTC 2025",
                "relatedAccountId": 68
            },
            {
                "id": 118,
                "amount": 300.0,
                "type": "DEPOSIT",
                "timestamp": "Wed Oct 08 20:35:25 UTC 2025",
                "relatedAccountId": 67
            }
        ]
    }
]
Request method:	GET
Request URI:	http://host.docker.internal:4111/api/v1/customer/accounts
Proxy:			<none>
Request params:	<none>
Query params:	<none>
Form params:	<none>
Path params:	<none>
Headers:		Accept=application/json, application/javascript, text/javascript, text/json
				Authorization=Basic RnpBMzQ5S21VdGtyamI6RUFScWdvYjM4OCUk
				Content-Type=application/json
Cookies:		<none>
Multiparts:		<none>
Body:			<none>
HTTP/1.1 200 
Vary: Origin
Vary: Access-Control-Request-Method
Vary: Access-Control-Request-Headers
X-Content-Type-Options: nosniff
X-XSS-Protection: 0
Cache-Control: no-cache, no-store, max-age=0, must-revalidate
Pragma: no-cache
Expires: 0
X-Frame-Options: DENY
Content-Type: application/json
Transfer-Encoding: chunked
Date: Wed, 08 Oct 2025 20:35:26 GMT
Keep-Alive: timeout=60
Connection: keep-alive

[
    {
        "id": 68,
        "accountNumber": "ACC68",
        "balance": 50.0,
        "transactions": [
            {
                "id": 120,
                "amount": 50.0,
                "type": "TRANSFER_IN",
                "timestamp": "Wed Oct 08 20:35:26 UTC 2025",
                "relatedAccountId": 67
            }
        ]
    }
]
]]></system-out>
  </testcase>
  <testcase name="userCanTransfer(String, String, int, int, double)[2]" classname="iteration2.api.TransferTest" time="1.301">
    <system-out><![CDATA[Request method:	GET
Request URI:	http://host.docker.internal:4111/api/v1/customer/accounts
Proxy:			<none>
Request params:	<none>
Query params:	<none>
Form params:	<none>
Path params:	<none>
Headers:		Accept=application/json, application/javascript, text/javascript, text/json
				Authorization=Basic NGRZQUdWdFVLOklTU25oa24wNDIlJQ==
				Content-Type=application/json
Cookies:		<none>
Multiparts:		<none>
Body:			<none>
HTTP/1.1 200 
Vary: Origin
Vary: Access-Control-Request-Method
Vary: Access-Control-Request-Headers
X-Content-Type-Options: nosniff
X-XSS-Protection: 0
Cache-Control: no-cache, no-store, max-age=0, must-revalidate
Pragma: no-cache
Expires: 0
X-Frame-Options: DENY
Content-Type: application/json
Transfer-Encoding: chunked
Date: Wed, 08 Oct 2025 20:35:28 GMT
Keep-Alive: timeout=60
Connection: keep-alive

[
    {
        "id": 67,
        "accountNumber": "ACC67",
        "balance": 250.0,
        "transactions": [
            {
                "id": 119,
                "amount": 50.0,
                "type": "TRANSFER_OUT",
                "timestamp": "Wed Oct 08 20:35:26 UTC 2025",
                "relatedAccountId": 68
            },
            {
                "id": 118,
                "amount": 300.0,
                "type": "DEPOSIT",
                "timestamp": "Wed Oct 08 20:35:25 UTC 2025",
                "relatedAccountId": 67
            }
        ]
    }
]
Request method:	GET
Request URI:	http://host.docker.internal:4111/api/v1/customer/accounts
Proxy:			<none>
Request params:	<none>
Query params:	<none>
Form params:	<none>
Path params:	<none>
Headers:		Accept=application/json, application/javascript, text/javascript, text/json
				Authorization=Basic RnpBMzQ5S21VdGtyamI6RUFScWdvYjM4OCUk
				Content-Type=application/json
Cookies:		<none>
Multiparts:		<none>
Body:			<none>
HTTP/1.1 200 
Vary: Origin
Vary: Access-Control-Request-Method
Vary: Access-Control-Request-Headers
X-Content-Type-Options: nosniff
X-XSS-Protection: 0
Cache-Control: no-cache, no-store, max-age=0, must-revalidate
Pragma: no-cache
Expires: 0
X-Frame-Options: DENY
Content-Type: application/json
Transfer-Encoding: chunked
Date: Wed, 08 Oct 2025 20:35:28 GMT
Keep-Alive: timeout=60
Connection: keep-alive

[
    {
        "id": 68,
        "accountNumber": "ACC68",
        "balance": 50.0,
        "transactions": [
            {
                "id": 120,
                "amount": 50.0,
                "type": "TRANSFER_IN",
                "timestamp": "Wed Oct 08 20:35:26 UTC 2025",
                "relatedAccountId": 67
            }
        ]
    }
]
Request method:	POST
Request URI:	http://host.docker.internal:4111/api/v1/accounts/transfer
Proxy:			<none>
Request params:	<none>
Query params:	<none>
Form params:	<none>
Path params:	<none>
Headers:		Accept=application/json, application/javascript, text/javascript, text/json
				Authorization=Basic NGRZQUdWdFVLOklTU25oa24wNDIlJQ==
				Content-Type=application/json
Cookies:		<none>
Multiparts:		<none>
Body:
{
    "senderAccountId": 67,
    "receiverAccountId": 68,
    "amount": 0.01
}
HTTP/1.1 200 
Vary: Origin
Vary: Access-Control-Request-Method
Vary: Access-Control-Request-Headers
X-Content-Type-Options: nosniff
X-XSS-Protection: 0
Cache-Control: no-cache, no-store, max-age=0, must-revalidate
Pragma: no-cache
Expires: 0
X-Frame-Options: DENY
Content-Type: application/json
Transfer-Encoding: chunked
Date: Wed, 08 Oct 2025 20:35:28 GMT
Keep-Alive: timeout=60
Connection: keep-alive

{
    "receiverAccountId": 68,
    "amount": 0.01,
    "message": "Transfer successful",
    "senderAccountId": 67
}
Request method:	GET
Request URI:	http://host.docker.internal:4111/api/v1/customer/accounts
Proxy:			<none>
Request params:	<none>
Query params:	<none>
Form params:	<none>
Path params:	<none>
Headers:		Accept=application/json, application/javascript, text/javascript, text/json
				Authorization=Basic NGRZQUdWdFVLOklTU25oa24wNDIlJQ==
				Content-Type=application/json
Cookies:		<none>
Multiparts:		<none>
Body:			<none>
HTTP/1.1 200 
Vary: Origin
Vary: Access-Control-Request-Method
Vary: Access-Control-Request-Headers
X-Content-Type-Options: nosniff
X-XSS-Protection: 0
Cache-Control: no-cache, no-store, max-age=0, must-revalidate
Pragma: no-cache
Expires: 0
X-Frame-Options: DENY
Content-Type: application/json
Transfer-Encoding: chunked
Date: Wed, 08 Oct 2025 20:35:28 GMT
Keep-Alive: timeout=60
Connection: keep-alive

[
    {
        "id": 67,
        "accountNumber": "ACC67",
        "balance": 249.99,
        "transactions": [
            {
                "id": 121,
                "amount": 0.01,
                "type": "TRANSFER_OUT",
                "timestamp": "Wed Oct 08 20:35:28 UTC 2025",
                "relatedAccountId": 68
            },
            {
                "id": 119,
                "amount": 50.0,
                "type": "TRANSFER_OUT",
                "timestamp": "Wed Oct 08 20:35:26 UTC 2025",
                "relatedAccountId": 68
            },
            {
                "id": 118,
                "amount": 300.0,
                "type": "DEPOSIT",
                "timestamp": "Wed Oct 08 20:35:25 UTC 2025",
                "relatedAccountId": 67
            }
        ]
    }
]
Request method:	GET
Request URI:	http://host.docker.internal:4111/api/v1/customer/accounts
Proxy:			<none>
Request params:	<none>
Query params:	<none>
Form params:	<none>
Path params:	<none>
Headers:		Accept=application/json, application/javascript, text/javascript, text/json
				Authorization=Basic RnpBMzQ5S21VdGtyamI6RUFScWdvYjM4OCUk
				Content-Type=application/json
Cookies:		<none>
Multiparts:		<none>
Body:			<none>
HTTP/1.1 200 
Vary: Origin
Vary: Access-Control-Request-Method
Vary: Access-Control-Request-Headers
X-Content-Type-Options: nosniff
X-XSS-Protection: 0
Cache-Control: no-cache, no-store, max-age=0, must-revalidate
Pragma: no-cache
Expires: 0
X-Frame-Options: DENY
Content-Type: application/json
Transfer-Encoding: chunked
Date: Wed, 08 Oct 2025 20:35:28 GMT
Keep-Alive: timeout=60
Connection: keep-alive

[
    {
        "id": 68,
        "accountNumber": "ACC68",
        "balance": 50.01,
        "transactions": [
            {
                "id": 122,
                "amount": 0.01,
                "type": "TRANSFER_IN",
                "timestamp": "Wed Oct 08 20:35:28 UTC 2025",
                "relatedAccountId": 67
            },
            {
                "id": 120,
                "amount": 50.0,
                "type": "TRANSFER_IN",
                "timestamp": "Wed Oct 08 20:35:26 UTC 2025",
                "relatedAccountId": 67
            }
        ]
    }
]
]]></system-out>
  </testcase>
  <testcase name="userCanTransfer(String, String, int, int, double)[3]" classname="iteration2.api.TransferTest" time="1.283">
    <system-out><![CDATA[Request method:	GET
Request URI:	http://host.docker.internal:4111/api/v1/customer/accounts
Proxy:			<none>
Request params:	<none>
Query params:	<none>
Form params:	<none>
Path params:	<none>
Headers:		Accept=application/json, application/javascript, text/javascript, text/json
				Authorization=Basic RnpBMzQ5S21VdGtyamI6RUFScWdvYjM4OCUk
				Content-Type=application/json
Cookies:		<none>
Multiparts:		<none>
Body:			<none>
HTTP/1.1 200 
Vary: Origin
Vary: Access-Control-Request-Method
Vary: Access-Control-Request-Headers
X-Content-Type-Options: nosniff
X-XSS-Protection: 0
Cache-Control: no-cache, no-store, max-age=0, must-revalidate
Pragma: no-cache
Expires: 0
X-Frame-Options: DENY
Content-Type: application/json
Transfer-Encoding: chunked
Date: Wed, 08 Oct 2025 20:35:29 GMT
Keep-Alive: timeout=60
Connection: keep-alive

[
    {
        "id": 68,
        "accountNumber": "ACC68",
        "balance": 50.01,
        "transactions": [
            {
                "id": 122,
                "amount": 0.01,
                "type": "TRANSFER_IN",
                "timestamp": "Wed Oct 08 20:35:28 UTC 2025",
                "relatedAccountId": 67
            },
            {
                "id": 120,
                "amount": 50.0,
                "type": "TRANSFER_IN",
                "timestamp": "Wed Oct 08 20:35:26 UTC 2025",
                "relatedAccountId": 67
            }
        ]
    }
]
Request method:	GET
Request URI:	http://host.docker.internal:4111/api/v1/customer/accounts
Proxy:			<none>
Request params:	<none>
Query params:	<none>
Form params:	<none>
Path params:	<none>
Headers:		Accept=application/json, application/javascript, text/javascript, text/json
				Authorization=Basic NGRZQUdWdFVLOklTU25oa24wNDIlJQ==
				Content-Type=application/json
Cookies:		<none>
Multiparts:		<none>
Body:			<none>
HTTP/1.1 200 
Vary: Origin
Vary: Access-Control-Request-Method
Vary: Access-Control-Request-Headers
X-Content-Type-Options: nosniff
X-XSS-Protection: 0
Cache-Control: no-cache, no-store, max-age=0, must-revalidate
Pragma: no-cache
Expires: 0
X-Frame-Options: DENY
Content-Type: application/json
Transfer-Encoding: chunked
Date: Wed, 08 Oct 2025 20:35:29 GMT
Keep-Alive: timeout=60
Connection: keep-alive

[
    {
        "id": 67,
        "accountNumber": "ACC67",
        "balance": 249.99,
        "transactions": [
            {
                "id": 121,
                "amount": 0.01,
                "type": "TRANSFER_OUT",
                "timestamp": "Wed Oct 08 20:35:28 UTC 2025",
                "relatedAccountId": 68
            },
            {
                "id": 119,
                "amount": 50.0,
                "type": "TRANSFER_OUT",
                "timestamp": "Wed Oct 08 20:35:26 UTC 2025",
                "relatedAccountId": 68
            },
            {
                "id": 118,
                "amount": 300.0,
                "type": "DEPOSIT",
                "timestamp": "Wed Oct 08 20:35:25 UTC 2025",
                "relatedAccountId": 67
            }
        ]
    }
]
Request method:	POST
Request URI:	http://host.docker.internal:4111/api/v1/accounts/transfer
Proxy:			<none>
Request params:	<none>
Query params:	<none>
Form params:	<none>
Path params:	<none>
Headers:		Accept=application/json, application/javascript, text/javascript, text/json
				Authorization=Basic RnpBMzQ5S21VdGtyamI6RUFScWdvYjM4OCUk
				Content-Type=application/json
Cookies:		<none>
Multiparts:		<none>
Body:
{
    "senderAccountId": 68,
    "receiverAccountId": 67,
    "amount": 10.0
}
HTTP/1.1 200 
Vary: Origin
Vary: Access-Control-Request-Method
Vary: Access-Control-Request-Headers
X-Content-Type-Options: nosniff
X-XSS-Protection: 0
Cache-Control: no-cache, no-store, max-age=0, must-revalidate
Pragma: no-cache
Expires: 0
X-Frame-Options: DENY
Content-Type: application/json
Transfer-Encoding: chunked
Date: Wed, 08 Oct 2025 20:35:29 GMT
Keep-Alive: timeout=60
Connection: keep-alive

{
    "receiverAccountId": 67,
    "amount": 10.0,
    "message": "Transfer successful",
    "senderAccountId": 68
}
Request method:	GET
Request URI:	http://host.docker.internal:4111/api/v1/customer/accounts
Proxy:			<none>
Request params:	<none>
Query params:	<none>
Form params:	<none>
Path params:	<none>
Headers:		Accept=application/json, application/javascript, text/javascript, text/json
				Authorization=Basic RnpBMzQ5S21VdGtyamI6RUFScWdvYjM4OCUk
				Content-Type=application/json
Cookies:		<none>
Multiparts:		<none>
Body:			<none>
HTTP/1.1 200 
Vary: Origin
Vary: Access-Control-Request-Method
Vary: Access-Control-Request-Headers
X-Content-Type-Options: nosniff
X-XSS-Protection: 0
Cache-Control: no-cache, no-store, max-age=0, must-revalidate
Pragma: no-cache
Expires: 0
X-Frame-Options: DENY
Content-Type: application/json
Transfer-Encoding: chunked
Date: Wed, 08 Oct 2025 20:35:29 GMT
Keep-Alive: timeout=60
Connection: keep-alive

[
    {
        "id": 68,
        "accountNumber": "ACC68",
        "balance": 40.01,
        "transactions": [
            {
                "id": 122,
                "amount": 0.01,
                "type": "TRANSFER_IN",
                "timestamp": "Wed Oct 08 20:35:28 UTC 2025",
                "relatedAccountId": 67
            },
            {
                "id": 120,
                "amount": 50.0,
                "type": "TRANSFER_IN",
                "timestamp": "Wed Oct 08 20:35:26 UTC 2025",
                "relatedAccountId": 67
            },
            {
                "id": 123,
                "amount": 10.0,
                "type": "TRANSFER_OUT",
                "timestamp": "Wed Oct 08 20:35:29 UTC 2025",
                "relatedAccountId": 67
            }
        ]
    }
]
Request method:	GET
Request URI:	http://host.docker.internal:4111/api/v1/customer/accounts
Proxy:			<none>
Request params:	<none>
Query params:	<none>
Form params:	<none>
Path params:	<none>
Headers:		Accept=application/json, application/javascript, text/javascript, text/json
				Authorization=Basic NGRZQUdWdFVLOklTU25oa24wNDIlJQ==
				Content-Type=application/json
Cookies:		<none>
Multiparts:		<none>
Body:			<none>
HTTP/1.1 200 
Vary: Origin
Vary: Access-Control-Request-Method
Vary: Access-Control-Request-Headers
X-Content-Type-Options: nosniff
X-XSS-Protection: 0
Cache-Control: no-cache, no-store, max-age=0, must-revalidate
Pragma: no-cache
Expires: 0
X-Frame-Options: DENY
Content-Type: application/json
Transfer-Encoding: chunked
Date: Wed, 08 Oct 2025 20:35:30 GMT
Keep-Alive: timeout=60
Connection: keep-alive

[
    {
        "id": 67,
        "accountNumber": "ACC67",
        "balance": 259.99,
        "transactions": [
            {
                "id": 121,
                "amount": 0.01,
                "type": "TRANSFER_OUT",
                "timestamp": "Wed Oct 08 20:35:28 UTC 2025",
                "relatedAccountId": 68
            },
            {
                "id": 119,
                "amount": 50.0,
                "type": "TRANSFER_OUT",
                "timestamp": "Wed Oct 08 20:35:26 UTC 2025",
                "relatedAccountId": 68
            },
            {
                "id": 118,
                "amount": 300.0,
                "type": "DEPOSIT",
                "timestamp": "Wed Oct 08 20:35:25 UTC 2025",
                "relatedAccountId": 67
            },
            {
                "id": 124,
                "amount": 10.0,
                "type": "TRANSFER_IN",
                "timestamp": "Wed Oct 08 20:35:29 UTC 2025",
                "relatedAccountId": 68
            }
        ]
    }
]
]]></system-out>
  </testcase>
  <testcase name="userInvalidTransferToken(String, int, int, double)[1]" classname="iteration2.api.TransferTest" time="1.234">
    <system-out><![CDATA[Request method:	GET
Request URI:	http://host.docker.internal:4111/api/v1/customer/accounts
Proxy:			<none>
Request params:	<none>
Query params:	<none>
Form params:	<none>
Path params:	<none>
Headers:		Accept=application/json, application/javascript, text/javascript, text/json
				Authorization=Basic NGRZQUdWdFVLOklTU25oa24wNDIlJQ==
				Content-Type=application/json
Cookies:		<none>
Multiparts:		<none>
Body:			<none>
HTTP/1.1 200 
Vary: Origin
Vary: Access-Control-Request-Method
Vary: Access-Control-Request-Headers
X-Content-Type-Options: nosniff
X-XSS-Protection: 0
Cache-Control: no-cache, no-store, max-age=0, must-revalidate
Pragma: no-cache
Expires: 0
X-Frame-Options: DENY
Content-Type: application/json
Transfer-Encoding: chunked
Date: Wed, 08 Oct 2025 20:35:30 GMT
Keep-Alive: timeout=60
Connection: keep-alive

[
    {
        "id": 67,
        "accountNumber": "ACC67",
        "balance": 259.99,
        "transactions": [
            {
                "id": 121,
                "amount": 0.01,
                "type": "TRANSFER_OUT",
                "timestamp": "Wed Oct 08 20:35:28 UTC 2025",
                "relatedAccountId": 68
            },
            {
                "id": 119,
                "amount": 50.0,
                "type": "TRANSFER_OUT",
                "timestamp": "Wed Oct 08 20:35:26 UTC 2025",
                "relatedAccountId": 68
            },
            {
                "id": 118,
                "amount": 300.0,
                "type": "DEPOSIT",
                "timestamp": "Wed Oct 08 20:35:25 UTC 2025",
                "relatedAccountId": 67
            },
            {
                "id": 124,
                "amount": 10.0,
                "type": "TRANSFER_IN",
                "timestamp": "Wed Oct 08 20:35:29 UTC 2025",
                "relatedAccountId": 68
            }
        ]
    }
]
Request method:	GET
Request URI:	http://host.docker.internal:4111/api/v1/customer/accounts
Proxy:			<none>
Request params:	<none>
Query params:	<none>
Form params:	<none>
Path params:	<none>
Headers:		Accept=application/json, application/javascript, text/javascript, text/json
				Authorization=Basic RnpBMzQ5S21VdGtyamI6RUFScWdvYjM4OCUk
				Content-Type=application/json
Cookies:		<none>
Multiparts:		<none>
Body:			<none>
HTTP/1.1 200 
Vary: Origin
Vary: Access-Control-Request-Method
Vary: Access-Control-Request-Headers
X-Content-Type-Options: nosniff
X-XSS-Protection: 0
Cache-Control: no-cache, no-store, max-age=0, must-revalidate
Pragma: no-cache
Expires: 0
X-Frame-Options: DENY
Content-Type: application/json
Transfer-Encoding: chunked
Date: Wed, 08 Oct 2025 20:35:30 GMT
Keep-Alive: timeout=60
Connection: keep-alive

[
    {
        "id": 68,
        "accountNumber": "ACC68",
        "balance": 40.01,
        "transactions": [
            {
                "id": 122,
                "amount": 0.01,
                "type": "TRANSFER_IN",
                "timestamp": "Wed Oct 08 20:35:28 UTC 2025",
                "relatedAccountId": 67
            },
            {
                "id": 120,
                "amount": 50.0,
                "type": "TRANSFER_IN",
                "timestamp": "Wed Oct 08 20:35:26 UTC 2025",
                "relatedAccountId": 67
            },
            {
                "id": 123,
                "amount": 10.0,
                "type": "TRANSFER_OUT",
                "timestamp": "Wed Oct 08 20:35:29 UTC 2025",
                "relatedAccountId": 67
            }
        ]
    }
]
Request method:	POST
Request URI:	http://host.docker.internal:4111/api/v1/accounts/transfer
Proxy:			<none>
Request params:	<none>
Query params:	<none>
Form params:	<none>
Path params:	<none>
Headers:		Accept=application/json, application/javascript, text/javascript, text/json
				Authorization=Basic NGRZQUdWdFVLOklTU25oa24wNDIlJQ==
				Content-Type=application/json
Cookies:		<none>
Multiparts:		<none>
Body:
{
    "senderAccountId": 68,
    "receiverAccountId": 67,
    "amount": 50.0
}
HTTP/1.1 403 
Vary: Origin
Vary: Access-Control-Request-Method
Vary: Access-Control-Request-Headers
X-Content-Type-Options: nosniff
X-XSS-Protection: 0
Cache-Control: no-cache, no-store, max-age=0, must-revalidate
Pragma: no-cache
Expires: 0
X-Frame-Options: DENY
Content-Type: application/json
Content-Length: 30
Date: Wed, 08 Oct 2025 20:35:30 GMT
Keep-Alive: timeout=60
Connection: keep-alive

Unauthorized access to account
Request method:	GET
Request URI:	http://host.docker.internal:4111/api/v1/customer/accounts
Proxy:			<none>
Request params:	<none>
Query params:	<none>
Form params:	<none>
Path params:	<none>
Headers:		Accept=application/json, application/javascript, text/javascript, text/json
				Authorization=Basic NGRZQUdWdFVLOklTU25oa24wNDIlJQ==
				Content-Type=application/json
Cookies:		<none>
Multiparts:		<none>
Body:			<none>
HTTP/1.1 200 
Vary: Origin
Vary: Access-Control-Request-Method
Vary: Access-Control-Request-Headers
X-Content-Type-Options: nosniff
X-XSS-Protection: 0
Cache-Control: no-cache, no-store, max-age=0, must-revalidate
Pragma: no-cache
Expires: 0
X-Frame-Options: DENY
Content-Type: application/json
Transfer-Encoding: chunked
Date: Wed, 08 Oct 2025 20:35:31 GMT
Keep-Alive: timeout=60
Connection: keep-alive

[
    {
        "id": 67,
        "accountNumber": "ACC67",
        "balance": 259.99,
        "transactions": [
            {
                "id": 121,
                "amount": 0.01,
                "type": "TRANSFER_OUT",
                "timestamp": "Wed Oct 08 20:35:28 UTC 2025",
                "relatedAccountId": 68
            },
            {
                "id": 119,
                "amount": 50.0,
                "type": "TRANSFER_OUT",
                "timestamp": "Wed Oct 08 20:35:26 UTC 2025",
                "relatedAccountId": 68
            },
            {
                "id": 118,
                "amount": 300.0,
                "type": "DEPOSIT",
                "timestamp": "Wed Oct 08 20:35:25 UTC 2025",
                "relatedAccountId": 67
            },
            {
                "id": 124,
                "amount": 10.0,
                "type": "TRANSFER_IN",
                "timestamp": "Wed Oct 08 20:35:29 UTC 2025",
                "relatedAccountId": 68
            }
        ]
    }
]
Request method:	GET
Request URI:	http://host.docker.internal:4111/api/v1/customer/accounts
Proxy:			<none>
Request params:	<none>
Query params:	<none>
Form params:	<none>
Path params:	<none>
Headers:		Accept=application/json, application/javascript, text/javascript, text/json
				Authorization=Basic RnpBMzQ5S21VdGtyamI6RUFScWdvYjM4OCUk
				Content-Type=application/json
Cookies:		<none>
Multiparts:		<none>
Body:			<none>
HTTP/1.1 200 
Vary: Origin
Vary: Access-Control-Request-Method
Vary: Access-Control-Request-Headers
X-Content-Type-Options: nosniff
X-XSS-Protection: 0
Cache-Control: no-cache, no-store, max-age=0, must-revalidate
Pragma: no-cache
Expires: 0
X-Frame-Options: DENY
Content-Type: application/json
Transfer-Encoding: chunked
Date: Wed, 08 Oct 2025 20:35:31 GMT
Keep-Alive: timeout=60
Connection: keep-alive

[
    {
        "id": 68,
        "accountNumber": "ACC68",
        "balance": 40.01,
        "transactions": [
            {
                "id": 122,
                "amount": 0.01,
                "type": "TRANSFER_IN",
                "timestamp": "Wed Oct 08 20:35:28 UTC 2025",
                "relatedAccountId": 67
            },
            {
                "id": 120,
                "amount": 50.0,
                "type": "TRANSFER_IN",
                "timestamp": "Wed Oct 08 20:35:26 UTC 2025",
                "relatedAccountId": 67
            },
            {
                "id": 123,
                "amount": 10.0,
                "type": "TRANSFER_OUT",
                "timestamp": "Wed Oct 08 20:35:29 UTC 2025",
                "relatedAccountId": 67
            }
        ]
    }
]
]]></system-out>
  </testcase>
  <testcase name="userInvalidTransferToken(String, int, int, double)[2]" classname="iteration2.api.TransferTest" time="1.214">
    <system-out><![CDATA[Request method:	GET
Request URI:	http://host.docker.internal:4111/api/v1/customer/accounts
Proxy:			<none>
Request params:	<none>
Query params:	<none>
Form params:	<none>
Path params:	<none>
Headers:		Accept=application/json, application/javascript, text/javascript, text/json
				Authorization=Basic NGRZQUdWdFVLOklTU25oa24wNDIlJQ==
				Content-Type=application/json
Cookies:		<none>
Multiparts:		<none>
Body:			<none>
HTTP/1.1 200 
Vary: Origin
Vary: Access-Control-Request-Method
Vary: Access-Control-Request-Headers
X-Content-Type-Options: nosniff
X-XSS-Protection: 0
Cache-Control: no-cache, no-store, max-age=0, must-revalidate
Pragma: no-cache
Expires: 0
X-Frame-Options: DENY
Content-Type: application/json
Transfer-Encoding: chunked
Date: Wed, 08 Oct 2025 20:35:31 GMT
Keep-Alive: timeout=60
Connection: keep-alive

[
    {
        "id": 67,
        "accountNumber": "ACC67",
        "balance": 259.99,
        "transactions": [
            {
                "id": 121,
                "amount": 0.01,
                "type": "TRANSFER_OUT",
                "timestamp": "Wed Oct 08 20:35:28 UTC 2025",
                "relatedAccountId": 68
            },
            {
                "id": 119,
                "amount": 50.0,
                "type": "TRANSFER_OUT",
                "timestamp": "Wed Oct 08 20:35:26 UTC 2025",
                "relatedAccountId": 68
            },
            {
                "id": 118,
                "amount": 300.0,
                "type": "DEPOSIT",
                "timestamp": "Wed Oct 08 20:35:25 UTC 2025",
                "relatedAccountId": 67
            },
            {
                "id": 124,
                "amount": 10.0,
                "type": "TRANSFER_IN",
                "timestamp": "Wed Oct 08 20:35:29 UTC 2025",
                "relatedAccountId": 68
            }
        ]
    }
]
Request method:	GET
Request URI:	http://host.docker.internal:4111/api/v1/customer/accounts
Proxy:			<none>
Request params:	<none>
Query params:	<none>
Form params:	<none>
Path params:	<none>
Headers:		Accept=application/json, application/javascript, text/javascript, text/json
				Authorization=Basic RnpBMzQ5S21VdGtyamI6RUFScWdvYjM4OCUk
				Content-Type=application/json
Cookies:		<none>
Multiparts:		<none>
Body:			<none>
HTTP/1.1 200 
Vary: Origin
Vary: Access-Control-Request-Method
Vary: Access-Control-Request-Headers
X-Content-Type-Options: nosniff
X-XSS-Protection: 0
Cache-Control: no-cache, no-store, max-age=0, must-revalidate
Pragma: no-cache
Expires: 0
X-Frame-Options: DENY
Content-Type: application/json
Transfer-Encoding: chunked
Date: Wed, 08 Oct 2025 20:35:31 GMT
Keep-Alive: timeout=60
Connection: keep-alive

[
    {
        "id": 68,
        "accountNumber": "ACC68",
        "balance": 40.01,
        "transactions": [
            {
                "id": 122,
                "amount": 0.01,
                "type": "TRANSFER_IN",
                "timestamp": "Wed Oct 08 20:35:28 UTC 2025",
                "relatedAccountId": 67
            },
            {
                "id": 120,
                "amount": 50.0,
                "type": "TRANSFER_IN",
                "timestamp": "Wed Oct 08 20:35:26 UTC 2025",
                "relatedAccountId": 67
            },
            {
                "id": 123,
                "amount": 10.0,
                "type": "TRANSFER_OUT",
                "timestamp": "Wed Oct 08 20:35:29 UTC 2025",
                "relatedAccountId": 67
            }
        ]
    }
]
Request method:	POST
Request URI:	http://host.docker.internal:4111/api/v1/accounts/transfer
Proxy:			<none>
Request params:	<none>
Query params:	<none>
Form params:	<none>
Path params:	<none>
Headers:		Accept=application/json, application/javascript, text/javascript, text/json
				Authorization=Basic YWRtaW46YWRtaW4=
				Content-Type=application/json
Cookies:		<none>
Multiparts:		<none>
Body:
{
    "senderAccountId": 67,
    "receiverAccountId": 68,
    "amount": 50.0
}
HTTP/1.1 403 
Vary: Origin
Vary: Access-Control-Request-Method
Vary: Access-Control-Request-Headers
X-Content-Type-Options: nosniff
X-XSS-Protection: 0
Cache-Control: no-cache, no-store, max-age=0, must-revalidate
Pragma: no-cache
Expires: 0
X-Frame-Options: DENY
Content-Type: application/json
Transfer-Encoding: chunked
Date: Wed, 08 Oct 2025 20:35:31 GMT
Keep-Alive: timeout=60
Connection: keep-alive

{
    "timestamp": "2025-10-08T20:35:32.295+00:00",
    "status": 403,
    "error": "Forbidden",
    "path": "/api/v1/accounts/transfer"
}
Request method:	GET
Request URI:	http://host.docker.internal:4111/api/v1/customer/accounts
Proxy:			<none>
Request params:	<none>
Query params:	<none>
Form params:	<none>
Path params:	<none>
Headers:		Accept=application/json, application/javascript, text/javascript, text/json
				Authorization=Basic NGRZQUdWdFVLOklTU25oa24wNDIlJQ==
				Content-Type=application/json
Cookies:		<none>
Multiparts:		<none>
Body:			<none>
HTTP/1.1 200 
Vary: Origin
Vary: Access-Control-Request-Method
Vary: Access-Control-Request-Headers
X-Content-Type-Options: nosniff
X-XSS-Protection: 0
Cache-Control: no-cache, no-store, max-age=0, must-revalidate
Pragma: no-cache
Expires: 0
X-Frame-Options: DENY
Content-Type: application/json
Transfer-Encoding: chunked
Date: Wed, 08 Oct 2025 20:35:32 GMT
Keep-Alive: timeout=60
Connection: keep-alive

[
    {
        "id": 67,
        "accountNumber": "ACC67",
        "balance": 259.99,
        "transactions": [
            {
                "id": 121,
                "amount": 0.01,
                "type": "TRANSFER_OUT",
                "timestamp": "Wed Oct 08 20:35:28 UTC 2025",
                "relatedAccountId": 68
            },
            {
                "id": 119,
                "amount": 50.0,
                "type": "TRANSFER_OUT",
                "timestamp": "Wed Oct 08 20:35:26 UTC 2025",
                "relatedAccountId": 68
            },
            {
                "id": 118,
                "amount": 300.0,
                "type": "DEPOSIT",
                "timestamp": "Wed Oct 08 20:35:25 UTC 2025",
                "relatedAccountId": 67
            },
            {
                "id": 124,
                "amount": 10.0,
                "type": "TRANSFER_IN",
                "timestamp": "Wed Oct 08 20:35:29 UTC 2025",
                "relatedAccountId": 68
            }
        ]
    }
]
Request method:	GET
Request URI:	http://host.docker.internal:4111/api/v1/customer/accounts
Proxy:			<none>
Request params:	<none>
Query params:	<none>
Form params:	<none>
Path params:	<none>
Headers:		Accept=application/json, application/javascript, text/javascript, text/json
				Authorization=Basic RnpBMzQ5S21VdGtyamI6RUFScWdvYjM4OCUk
				Content-Type=application/json
Cookies:		<none>
Multiparts:		<none>
Body:			<none>
HTTP/1.1 200 
Vary: Origin
Vary: Access-Control-Request-Method
Vary: Access-Control-Request-Headers
X-Content-Type-Options: nosniff
X-XSS-Protection: 0
Cache-Control: no-cache, no-store, max-age=0, must-revalidate
Pragma: no-cache
Expires: 0
X-Frame-Options: DENY
Content-Type: application/json
Transfer-Encoding: chunked
Date: Wed, 08 Oct 2025 20:35:32 GMT
Keep-Alive: timeout=60
Connection: keep-alive

[
    {
        "id": 68,
        "accountNumber": "ACC68",
        "balance": 40.01,
        "transactions": [
            {
                "id": 122,
                "amount": 0.01,
                "type": "TRANSFER_IN",
                "timestamp": "Wed Oct 08 20:35:28 UTC 2025",
                "relatedAccountId": 67
            },
            {
                "id": 120,
                "amount": 50.0,
                "type": "TRANSFER_IN",
                "timestamp": "Wed Oct 08 20:35:26 UTC 2025",
                "relatedAccountId": 67
            },
            {
                "id": 123,
                "amount": 10.0,
                "type": "TRANSFER_OUT",
                "timestamp": "Wed Oct 08 20:35:29 UTC 2025",
                "relatedAccountId": 67
            }
        ]
    }
]
]]></system-out>
  </testcase>
  <testcase name="userWithoutAccountCantTransfer" classname="iteration2.api.TransferTest" time="0.864">
    <system-out><![CDATA[Request method:	GET
Request URI:	http://host.docker.internal:4111/api/v1/customer/accounts
Proxy:			<none>
Request params:	<none>
Query params:	<none>
Form params:	<none>
Path params:	<none>
Headers:		Accept=application/json, application/javascript, text/javascript, text/json
				Authorization=Basic NGRZQUdWdFVLOklTU25oa24wNDIlJQ==
				Content-Type=application/json
Cookies:		<none>
Multiparts:		<none>
Body:			<none>
HTTP/1.1 200 
Vary: Origin
Vary: Access-Control-Request-Method
Vary: Access-Control-Request-Headers
X-Content-Type-Options: nosniff
X-XSS-Protection: 0
Cache-Control: no-cache, no-store, max-age=0, must-revalidate
Pragma: no-cache
Expires: 0
X-Frame-Options: DENY
Content-Type: application/json
Transfer-Encoding: chunked
Date: Wed, 08 Oct 2025 20:35:32 GMT
Keep-Alive: timeout=60
Connection: keep-alive

[
    {
        "id": 67,
        "accountNumber": "ACC67",
        "balance": 259.99,
        "transactions": [
            {
                "id": 121,
                "amount": 0.01,
                "type": "TRANSFER_OUT",
                "timestamp": "Wed Oct 08 20:35:28 UTC 2025",
                "relatedAccountId": 68
            },
            {
                "id": 119,
                "amount": 50.0,
                "type": "TRANSFER_OUT",
                "timestamp": "Wed Oct 08 20:35:26 UTC 2025",
                "relatedAccountId": 68
            },
            {
                "id": 118,
                "amount": 300.0,
                "type": "DEPOSIT",
                "timestamp": "Wed Oct 08 20:35:25 UTC 2025",
                "relatedAccountId": 67
            },
            {
                "id": 124,
                "amount": 10.0,
                "type": "TRANSFER_IN",
                "timestamp": "Wed Oct 08 20:35:29 UTC 2025",
                "relatedAccountId": 68
            }
        ]
    }
]
Request method:	POST
Request URI:	http://host.docker.internal:4111/api/v1/accounts/transfer
Proxy:			<none>
Request params:	<none>
Query params:	<none>
Form params:	<none>
Path params:	<none>
Headers:		Accept=application/json, application/javascript, text/javascript, text/json
				Authorization=Basic dEhRbk5VMDpDSk5qYm9xNDU0JSU=
				Content-Type=application/json
Cookies:		<none>
Multiparts:		<none>
Body:
{
    "senderAccountId": 148,
    "receiverAccountId": 67,
    "amount": 50.0
}
HTTP/1.1 403 
Vary: Origin
Vary: Access-Control-Request-Method
Vary: Access-Control-Request-Headers
X-Content-Type-Options: nosniff
X-XSS-Protection: 0
Cache-Control: no-cache, no-store, max-age=0, must-revalidate
Pragma: no-cache
Expires: 0
X-Frame-Options: DENY
Content-Type: application/json
Content-Length: 30
Date: Wed, 08 Oct 2025 20:35:32 GMT
Keep-Alive: timeout=60
Connection: keep-alive

Unauthorized access to account
Request method:	GET
Request URI:	http://host.docker.internal:4111/api/v1/customer/accounts
Proxy:			<none>
Request params:	<none>
Query params:	<none>
Form params:	<none>
Path params:	<none>
Headers:		Accept=application/json, application/javascript, text/javascript, text/json
				Authorization=Basic NGRZQUdWdFVLOklTU25oa24wNDIlJQ==
				Content-Type=application/json
Cookies:		<none>
Multiparts:		<none>
Body:			<none>
HTTP/1.1 200 
Vary: Origin
Vary: Access-Control-Request-Method
Vary: Access-Control-Request-Headers
X-Content-Type-Options: nosniff
X-XSS-Protection: 0
Cache-Control: no-cache, no-store, max-age=0, must-revalidate
Pragma: no-cache
Expires: 0
X-Frame-Options: DENY
Content-Type: application/json
Transfer-Encoding: chunked
Date: Wed, 08 Oct 2025 20:35:33 GMT
Keep-Alive: timeout=60
Connection: keep-alive

[
    {
        "id": 67,
        "accountNumber": "ACC67",
        "balance": 259.99,
        "transactions": [
            {
                "id": 121,
                "amount": 0.01,
                "type": "TRANSFER_OUT",
                "timestamp": "Wed Oct 08 20:35:28 UTC 2025",
                "relatedAccountId": 68
            },
            {
                "id": 119,
                "amount": 50.0,
                "type": "TRANSFER_OUT",
                "timestamp": "Wed Oct 08 20:35:26 UTC 2025",
                "relatedAccountId": 68
            },
            {
                "id": 118,
                "amount": 300.0,
                "type": "DEPOSIT",
                "timestamp": "Wed Oct 08 20:35:25 UTC 2025",
                "relatedAccountId": 67
            },
            {
                "id": 124,
                "amount": 10.0,
                "type": "TRANSFER_IN",
                "timestamp": "Wed Oct 08 20:35:29 UTC 2025",
                "relatedAccountId": 68
            }
        ]
    }
]
]]></system-out>
  </testcase>
  <testcase name="userInvalidTransferToUserWithoutAccount" classname="iteration2.api.TransferTest" time="0.808">
    <system-out><![CDATA[Request method:	GET
Request URI:	http://host.docker.internal:4111/api/v1/customer/accounts
Proxy:			<none>
Request params:	<none>
Query params:	<none>
Form params:	<none>
Path params:	<none>
Headers:		Accept=application/json, application/javascript, text/javascript, text/json
				Authorization=Basic NGRZQUdWdFVLOklTU25oa24wNDIlJQ==
				Content-Type=application/json
Cookies:		<none>
Multiparts:		<none>
Body:			<none>
HTTP/1.1 200 
Vary: Origin
Vary: Access-Control-Request-Method
Vary: Access-Control-Request-Headers
X-Content-Type-Options: nosniff
X-XSS-Protection: 0
Cache-Control: no-cache, no-store, max-age=0, must-revalidate
Pragma: no-cache
Expires: 0
X-Frame-Options: DENY
Content-Type: application/json
Transfer-Encoding: chunked
Date: Wed, 08 Oct 2025 20:35:33 GMT
Keep-Alive: timeout=60
Connection: keep-alive

[
    {
        "id": 67,
        "accountNumber": "ACC67",
        "balance": 259.99,
        "transactions": [
            {
                "id": 121,
                "amount": 0.01,
                "type": "TRANSFER_OUT",
                "timestamp": "Wed Oct 08 20:35:28 UTC 2025",
                "relatedAccountId": 68
            },
            {
                "id": 119,
                "amount": 50.0,
                "type": "TRANSFER_OUT",
                "timestamp": "Wed Oct 08 20:35:26 UTC 2025",
                "relatedAccountId": 68
            },
            {
                "id": 118,
                "amount": 300.0,
                "type": "DEPOSIT",
                "timestamp": "Wed Oct 08 20:35:25 UTC 2025",
                "relatedAccountId": 67
            },
            {
                "id": 124,
                "amount": 10.0,
                "type": "TRANSFER_IN",
                "timestamp": "Wed Oct 08 20:35:29 UTC 2025",
                "relatedAccountId": 68
            }
        ]
    }
]
Request method:	POST
Request URI:	http://host.docker.internal:4111/api/v1/accounts/transfer
Proxy:			<none>
Request params:	<none>
Query params:	<none>
Form params:	<none>
Path params:	<none>
Headers:		Accept=application/json, application/javascript, text/javascript, text/json
				Authorization=Basic NGRZQUdWdFVLOklTU25oa24wNDIlJQ==
				Content-Type=application/json
Cookies:		<none>
Multiparts:		<none>
Body:
{
    "senderAccountId": 67,
    "receiverAccountId": 148,
    "amount": 50.0
}
HTTP/1.1 400 
Vary: Origin
Vary: Access-Control-Request-Method
Vary: Access-Control-Request-Headers
X-Content-Type-Options: nosniff
X-XSS-Protection: 0
Cache-Control: no-cache, no-store, max-age=0, must-revalidate
Pragma: no-cache
Expires: 0
X-Frame-Options: DENY
Content-Type: application/json
Content-Length: 56
Date: Wed, 08 Oct 2025 20:35:33 GMT
Connection: close

Invalid transfer: insufficient funds or invalid accounts
Request method:	GET
Request URI:	http://host.docker.internal:4111/api/v1/customer/accounts
Proxy:			<none>
Request params:	<none>
Query params:	<none>
Form params:	<none>
Path params:	<none>
Headers:		Accept=application/json, application/javascript, text/javascript, text/json
				Authorization=Basic NGRZQUdWdFVLOklTU25oa24wNDIlJQ==
				Content-Type=application/json
Cookies:		<none>
Multiparts:		<none>
Body:			<none>
HTTP/1.1 200 
Vary: Origin
Vary: Access-Control-Request-Method
Vary: Access-Control-Request-Headers
X-Content-Type-Options: nosniff
X-XSS-Protection: 0
Cache-Control: no-cache, no-store, max-age=0, must-revalidate
Pragma: no-cache
Expires: 0
X-Frame-Options: DENY
Content-Type: application/json
Transfer-Encoding: chunked
Date: Wed, 08 Oct 2025 20:35:33 GMT
Keep-Alive: timeout=60
Connection: keep-alive

[
    {
        "id": 67,
        "accountNumber": "ACC67",
        "balance": 259.99,
        "transactions": [
            {
                "id": 121,
                "amount": 0.01,
                "type": "TRANSFER_OUT",
                "timestamp": "Wed Oct 08 20:35:28 UTC 2025",
                "relatedAccountId": 68
            },
            {
                "id": 119,
                "amount": 50.0,
                "type": "TRANSFER_OUT",
                "timestamp": "Wed Oct 08 20:35:26 UTC 2025",
                "relatedAccountId": 68
            },
            {
                "id": 118,
                "amount": 300.0,
                "type": "DEPOSIT",
                "timestamp": "Wed Oct 08 20:35:25 UTC 2025",
                "relatedAccountId": 67
            },
            {
                "id": 124,
                "amount": 10.0,
                "type": "TRANSFER_IN",
                "timestamp": "Wed Oct 08 20:35:29 UTC 2025",
                "relatedAccountId": 68
            }
        ]
    }
]
]]></system-out>
  </testcase>
  <testcase name="userInvalidTransfer(String, String, int, int, double)[1]" classname="iteration2.api.TransferTest" time="1.207">
    <system-out><![CDATA[Request method:	GET
Request URI:	http://host.docker.internal:4111/api/v1/customer/accounts
Proxy:			<none>
Request params:	<none>
Query params:	<none>
Form params:	<none>
Path params:	<none>
Headers:		Accept=application/json, application/javascript, text/javascript, text/json
				Authorization=Basic NGRZQUdWdFVLOklTU25oa24wNDIlJQ==
				Content-Type=application/json
Cookies:		<none>
Multiparts:		<none>
Body:			<none>
HTTP/1.1 200 
Vary: Origin
Vary: Access-Control-Request-Method
Vary: Access-Control-Request-Headers
X-Content-Type-Options: nosniff
X-XSS-Protection: 0
Cache-Control: no-cache, no-store, max-age=0, must-revalidate
Pragma: no-cache
Expires: 0
X-Frame-Options: DENY
Content-Type: application/json
Transfer-Encoding: chunked
Date: Wed, 08 Oct 2025 20:35:34 GMT
Keep-Alive: timeout=60
Connection: keep-alive

[
    {
        "id": 67,
        "accountNumber": "ACC67",
        "balance": 259.99,
        "transactions": [
            {
                "id": 121,
                "amount": 0.01,
                "type": "TRANSFER_OUT",
                "timestamp": "Wed Oct 08 20:35:28 UTC 2025",
                "relatedAccountId": 68
            },
            {
                "id": 119,
                "amount": 50.0,
                "type": "TRANSFER_OUT",
                "timestamp": "Wed Oct 08 20:35:26 UTC 2025",
                "relatedAccountId": 68
            },
            {
                "id": 118,
                "amount": 300.0,
                "type": "DEPOSIT",
                "timestamp": "Wed Oct 08 20:35:25 UTC 2025",
                "relatedAccountId": 67
            },
            {
                "id": 124,
                "amount": 10.0,
                "type": "TRANSFER_IN",
                "timestamp": "Wed Oct 08 20:35:29 UTC 2025",
                "relatedAccountId": 68
            }
        ]
    }
]
Request method:	GET
Request URI:	http://host.docker.internal:4111/api/v1/customer/accounts
Proxy:			<none>
Request params:	<none>
Query params:	<none>
Form params:	<none>
Path params:	<none>
Headers:		Accept=application/json, application/javascript, text/javascript, text/json
				Authorization=Basic RnpBMzQ5S21VdGtyamI6RUFScWdvYjM4OCUk
				Content-Type=application/json
Cookies:		<none>
Multiparts:		<none>
Body:			<none>
HTTP/1.1 200 
Vary: Origin
Vary: Access-Control-Request-Method
Vary: Access-Control-Request-Headers
X-Content-Type-Options: nosniff
X-XSS-Protection: 0
Cache-Control: no-cache, no-store, max-age=0, must-revalidate
Pragma: no-cache
Expires: 0
X-Frame-Options: DENY
Content-Type: application/json
Transfer-Encoding: chunked
Date: Wed, 08 Oct 2025 20:35:34 GMT
Keep-Alive: timeout=60
Connection: keep-alive

[
    {
        "id": 68,
        "accountNumber": "ACC68",
        "balance": 40.01,
        "transactions": [
            {
                "id": 122,
                "amount": 0.01,
                "type": "TRANSFER_IN",
                "timestamp": "Wed Oct 08 20:35:28 UTC 2025",
                "relatedAccountId": 67
            },
            {
                "id": 120,
                "amount": 50.0,
                "type": "TRANSFER_IN",
                "timestamp": "Wed Oct 08 20:35:26 UTC 2025",
                "relatedAccountId": 67
            },
            {
                "id": 123,
                "amount": 10.0,
                "type": "TRANSFER_OUT",
                "timestamp": "Wed Oct 08 20:35:29 UTC 2025",
                "relatedAccountId": 67
            }
        ]
    }
]
Request method:	POST
Request URI:	http://host.docker.internal:4111/api/v1/accounts/transfer
Proxy:			<none>
Request params:	<none>
Query params:	<none>
Form params:	<none>
Path params:	<none>
Headers:		Accept=application/json, application/javascript, text/javascript, text/json
				Authorization=Basic NGRZQUdWdFVLOklTU25oa24wNDIlJQ==
				Content-Type=application/json
Cookies:		<none>
Multiparts:		<none>
Body:
{
    "senderAccountId": 67,
    "receiverAccountId": 68,
    "amount": 0.0
}
HTTP/1.1 400 
Vary: Origin
Vary: Access-Control-Request-Method
Vary: Access-Control-Request-Headers
X-Content-Type-Options: nosniff
X-XSS-Protection: 0
Cache-Control: no-cache, no-store, max-age=0, must-revalidate
Pragma: no-cache
Expires: 0
X-Frame-Options: DENY
Content-Type: application/json
Content-Length: 56
Date: Wed, 08 Oct 2025 20:35:34 GMT
Connection: close

Invalid transfer: insufficient funds or invalid accounts
Request method:	GET
Request URI:	http://host.docker.internal:4111/api/v1/customer/accounts
Proxy:			<none>
Request params:	<none>
Query params:	<none>
Form params:	<none>
Path params:	<none>
Headers:		Accept=application/json, application/javascript, text/javascript, text/json
				Authorization=Basic NGRZQUdWdFVLOklTU25oa24wNDIlJQ==
				Content-Type=application/json
Cookies:		<none>
Multiparts:		<none>
Body:			<none>
HTTP/1.1 200 
Vary: Origin
Vary: Access-Control-Request-Method
Vary: Access-Control-Request-Headers
X-Content-Type-Options: nosniff
X-XSS-Protection: 0
Cache-Control: no-cache, no-store, max-age=0, must-revalidate
Pragma: no-cache
Expires: 0
X-Frame-Options: DENY
Content-Type: application/json
Transfer-Encoding: chunked
Date: Wed, 08 Oct 2025 20:35:34 GMT
Keep-Alive: timeout=60
Connection: keep-alive

[
    {
        "id": 67,
        "accountNumber": "ACC67",
        "balance": 259.99,
        "transactions": [
            {
                "id": 121,
                "amount": 0.01,
                "type": "TRANSFER_OUT",
                "timestamp": "Wed Oct 08 20:35:28 UTC 2025",
                "relatedAccountId": 68
            },
            {
                "id": 119,
                "amount": 50.0,
                "type": "TRANSFER_OUT",
                "timestamp": "Wed Oct 08 20:35:26 UTC 2025",
                "relatedAccountId": 68
            },
            {
                "id": 118,
                "amount": 300.0,
                "type": "DEPOSIT",
                "timestamp": "Wed Oct 08 20:35:25 UTC 2025",
                "relatedAccountId": 67
            },
            {
                "id": 124,
                "amount": 10.0,
                "type": "TRANSFER_IN",
                "timestamp": "Wed Oct 08 20:35:29 UTC 2025",
                "relatedAccountId": 68
            }
        ]
    }
]
Request method:	GET
Request URI:	http://host.docker.internal:4111/api/v1/customer/accounts
Proxy:			<none>
Request params:	<none>
Query params:	<none>
Form params:	<none>
Path params:	<none>
Headers:		Accept=application/json, application/javascript, text/javascript, text/json
				Authorization=Basic RnpBMzQ5S21VdGtyamI6RUFScWdvYjM4OCUk
				Content-Type=application/json
Cookies:		<none>
Multiparts:		<none>
Body:			<none>
HTTP/1.1 200 
Vary: Origin
Vary: Access-Control-Request-Method
Vary: Access-Control-Request-Headers
X-Content-Type-Options: nosniff
X-XSS-Protection: 0
Cache-Control: no-cache, no-store, max-age=0, must-revalidate
Pragma: no-cache
Expires: 0
X-Frame-Options: DENY
Content-Type: application/json
Transfer-Encoding: chunked
Date: Wed, 08 Oct 2025 20:35:34 GMT
Keep-Alive: timeout=60
Connection: keep-alive

[
    {
        "id": 68,
        "accountNumber": "ACC68",
        "balance": 40.01,
        "transactions": [
            {
                "id": 122,
                "amount": 0.01,
                "type": "TRANSFER_IN",
                "timestamp": "Wed Oct 08 20:35:28 UTC 2025",
                "relatedAccountId": 67
            },
            {
                "id": 120,
                "amount": 50.0,
                "type": "TRANSFER_IN",
                "timestamp": "Wed Oct 08 20:35:26 UTC 2025",
                "relatedAccountId": 67
            },
            {
                "id": 123,
                "amount": 10.0,
                "type": "TRANSFER_OUT",
                "timestamp": "Wed Oct 08 20:35:29 UTC 2025",
                "relatedAccountId": 67
            }
        ]
    }
]
]]></system-out>
  </testcase>
  <testcase name="userInvalidTransfer(String, String, int, int, double)[2]" classname="iteration2.api.TransferTest" time="1.235">
    <system-out><![CDATA[Request method:	GET
Request URI:	http://host.docker.internal:4111/api/v1/customer/accounts
Proxy:			<none>
Request params:	<none>
Query params:	<none>
Form params:	<none>
Path params:	<none>
Headers:		Accept=application/json, application/javascript, text/javascript, text/json
				Authorization=Basic NGRZQUdWdFVLOklTU25oa24wNDIlJQ==
				Content-Type=application/json
Cookies:		<none>
Multiparts:		<none>
Body:			<none>
HTTP/1.1 200 
Vary: Origin
Vary: Access-Control-Request-Method
Vary: Access-Control-Request-Headers
X-Content-Type-Options: nosniff
X-XSS-Protection: 0
Cache-Control: no-cache, no-store, max-age=0, must-revalidate
Pragma: no-cache
Expires: 0
X-Frame-Options: DENY
Content-Type: application/json
Transfer-Encoding: chunked
Date: Wed, 08 Oct 2025 20:35:35 GMT
Keep-Alive: timeout=60
Connection: keep-alive

[
    {
        "id": 67,
        "accountNumber": "ACC67",
        "balance": 259.99,
        "transactions": [
            {
                "id": 121,
                "amount": 0.01,
                "type": "TRANSFER_OUT",
                "timestamp": "Wed Oct 08 20:35:28 UTC 2025",
                "relatedAccountId": 68
            },
            {
                "id": 119,
                "amount": 50.0,
                "type": "TRANSFER_OUT",
                "timestamp": "Wed Oct 08 20:35:26 UTC 2025",
                "relatedAccountId": 68
            },
            {
                "id": 118,
                "amount": 300.0,
                "type": "DEPOSIT",
                "timestamp": "Wed Oct 08 20:35:25 UTC 2025",
                "relatedAccountId": 67
            },
            {
                "id": 124,
                "amount": 10.0,
                "type": "TRANSFER_IN",
                "timestamp": "Wed Oct 08 20:35:29 UTC 2025",
                "relatedAccountId": 68
            }
        ]
    }
]
Request method:	GET
Request URI:	http://host.docker.internal:4111/api/v1/customer/accounts
Proxy:			<none>
Request params:	<none>
Query params:	<none>
Form params:	<none>
Path params:	<none>
Headers:		Accept=application/json, application/javascript, text/javascript, text/json
				Authorization=Basic RnpBMzQ5S21VdGtyamI6RUFScWdvYjM4OCUk
				Content-Type=application/json
Cookies:		<none>
Multiparts:		<none>
Body:			<none>
HTTP/1.1 200 
Vary: Origin
Vary: Access-Control-Request-Method
Vary: Access-Control-Request-Headers
X-Content-Type-Options: nosniff
X-XSS-Protection: 0
Cache-Control: no-cache, no-store, max-age=0, must-revalidate
Pragma: no-cache
Expires: 0
X-Frame-Options: DENY
Content-Type: application/json
Transfer-Encoding: chunked
Date: Wed, 08 Oct 2025 20:35:35 GMT
Keep-Alive: timeout=60
Connection: keep-alive

[
    {
        "id": 68,
        "accountNumber": "ACC68",
        "balance": 40.01,
        "transactions": [
            {
                "id": 122,
                "amount": 0.01,
                "type": "TRANSFER_IN",
                "timestamp": "Wed Oct 08 20:35:28 UTC 2025",
                "relatedAccountId": 67
            },
            {
                "id": 120,
                "amount": 50.0,
                "type": "TRANSFER_IN",
                "timestamp": "Wed Oct 08 20:35:26 UTC 2025",
                "relatedAccountId": 67
            },
            {
                "id": 123,
                "amount": 10.0,
                "type": "TRANSFER_OUT",
                "timestamp": "Wed Oct 08 20:35:29 UTC 2025",
                "relatedAccountId": 67
            }
        ]
    }
]
Request method:	POST
Request URI:	http://host.docker.internal:4111/api/v1/accounts/transfer
Proxy:			<none>
Request params:	<none>
Query params:	<none>
Form params:	<none>
Path params:	<none>
Headers:		Accept=application/json, application/javascript, text/javascript, text/json
				Authorization=Basic NGRZQUdWdFVLOklTU25oa24wNDIlJQ==
				Content-Type=application/json
Cookies:		<none>
Multiparts:		<none>
Body:
{
    "senderAccountId": 67,
    "receiverAccountId": 68,
    "amount": -100.0
}
HTTP/1.1 400 
Vary: Origin
Vary: Access-Control-Request-Method
Vary: Access-Control-Request-Headers
X-Content-Type-Options: nosniff
X-XSS-Protection: 0
Cache-Control: no-cache, no-store, max-age=0, must-revalidate
Pragma: no-cache
Expires: 0
X-Frame-Options: DENY
Content-Type: application/json
Content-Length: 56
Date: Wed, 08 Oct 2025 20:35:35 GMT
Connection: close

Invalid transfer: insufficient funds or invalid accounts
Request method:	GET
Request URI:	http://host.docker.internal:4111/api/v1/customer/accounts
Proxy:			<none>
Request params:	<none>
Query params:	<none>
Form params:	<none>
Path params:	<none>
Headers:		Accept=application/json, application/javascript, text/javascript, text/json
				Authorization=Basic NGRZQUdWdFVLOklTU25oa24wNDIlJQ==
				Content-Type=application/json
Cookies:		<none>
Multiparts:		<none>
Body:			<none>
HTTP/1.1 200 
Vary: Origin
Vary: Access-Control-Request-Method
Vary: Access-Control-Request-Headers
X-Content-Type-Options: nosniff
X-XSS-Protection: 0
Cache-Control: no-cache, no-store, max-age=0, must-revalidate
Pragma: no-cache
Expires: 0
X-Frame-Options: DENY
Content-Type: application/json
Transfer-Encoding: chunked
Date: Wed, 08 Oct 2025 20:35:35 GMT
Keep-Alive: timeout=60
Connection: keep-alive

[
    {
        "id": 67,
        "accountNumber": "ACC67",
        "balance": 259.99,
        "transactions": [
            {
                "id": 121,
                "amount": 0.01,
                "type": "TRANSFER_OUT",
                "timestamp": "Wed Oct 08 20:35:28 UTC 2025",
                "relatedAccountId": 68
            },
            {
                "id": 119,
                "amount": 50.0,
                "type": "TRANSFER_OUT",
                "timestamp": "Wed Oct 08 20:35:26 UTC 2025",
                "relatedAccountId": 68
            },
            {
                "id": 118,
                "amount": 300.0,
                "type": "DEPOSIT",
                "timestamp": "Wed Oct 08 20:35:25 UTC 2025",
                "relatedAccountId": 67
            },
            {
                "id": 124,
                "amount": 10.0,
                "type": "TRANSFER_IN",
                "timestamp": "Wed Oct 08 20:35:29 UTC 2025",
                "relatedAccountId": 68
            }
        ]
    }
]
Request method:	GET
Request URI:	http://host.docker.internal:4111/api/v1/customer/accounts
Proxy:			<none>
Request params:	<none>
Query params:	<none>
Form params:	<none>
Path params:	<none>
Headers:		Accept=application/json, application/javascript, text/javascript, text/json
				Authorization=Basic RnpBMzQ5S21VdGtyamI6RUFScWdvYjM4OCUk
				Content-Type=application/json
Cookies:		<none>
Multiparts:		<none>
Body:			<none>
HTTP/1.1 200 
Vary: Origin
Vary: Access-Control-Request-Method
Vary: Access-Control-Request-Headers
X-Content-Type-Options: nosniff
X-XSS-Protection: 0
Cache-Control: no-cache, no-store, max-age=0, must-revalidate
Pragma: no-cache
Expires: 0
X-Frame-Options: DENY
Content-Type: application/json
Transfer-Encoding: chunked
Date: Wed, 08 Oct 2025 20:35:35 GMT
Keep-Alive: timeout=60
Connection: keep-alive

[
    {
        "id": 68,
        "accountNumber": "ACC68",
        "balance": 40.01,
        "transactions": [
            {
                "id": 122,
                "amount": 0.01,
                "type": "TRANSFER_IN",
                "timestamp": "Wed Oct 08 20:35:28 UTC 2025",
                "relatedAccountId": 67
            },
            {
                "id": 120,
                "amount": 50.0,
                "type": "TRANSFER_IN",
                "timestamp": "Wed Oct 08 20:35:26 UTC 2025",
                "relatedAccountId": 67
            },
            {
                "id": 123,
                "amount": 10.0,
                "type": "TRANSFER_OUT",
                "timestamp": "Wed Oct 08 20:35:29 UTC 2025",
                "relatedAccountId": 67
            }
        ]
    }
]
]]></system-out>
  </testcase>
</testsuite>