<?xml version="1.0" encoding="UTF-8"?>
<testsuite xmlns:xsi="http://www.w3.org/2001/XMLSchema-instance" xsi:noNamespaceSchemaLocation="https://maven.apache.org/surefire/maven-surefire-plugin/xsd/surefire-test-report-3.0.xsd" version="3.0" name="iteration2.api.TransferTest" time="12.952" tests="9" errors="0" skipped="0" failures="2">
  <properties>
[...]
</properties>
  <testcase name="userCanTransfer(String, String, int, int, double)[1]" classname="iteration2.api.TransferTest" time="1.488">
    <system-out><![CDATA[Request method:	POST
Request URI:	http://host.docker.internal:4111/api/v1/admin/users
Proxy:			<none>
Request params:	<none>
Query params:	<none>
Form params:	<none>
Path params:	<none>
Headers:		Accept=application/json, application/javascript, text/javascript, text/json
				Authorization=Basic YWRtaW46YWRtaW4=
				Content-Type=application/json
Cookies:		<none>
Multiparts:		<none>
Body:
{
    "username": "6paEkcOkyk5",
    "password": "TIMeaqm681$&",
    "role": "USER"
}
HTTP/1.1 201 
Vary: Origin
Vary: Access-Control-Request-Method
Vary: Access-Control-Request-Headers
Authorization: Basic NnBhRWtjT2t5azU6VElNZWFxbTY4MSQm
X-Content-Type-Options: nosniff
X-XSS-Protection: 0
Cache-Control: no-cache, no-store, max-age=0, must-revalidate
Pragma: no-cache
Expires: 0
X-Frame-Options: DENY
Content-Type: application/json
Transfer-Encoding: chunked
Date: Wed, 15 Oct 2025 21:40:20 GMT
Keep-Alive: timeout=60
Connection: keep-alive

{
    "id": 44,
    "username": "6paEkcOkyk5",
    "password": "$2a$10$OKDjExxNiGM2oVY3WqHxQetbbt7Hx8iQMYreQdRHPI4G2k3c1iYPS",
    "name": null,
    "role": "USER",
    "accounts": [
        
    ]
}
Request method:	POST
Request URI:	http://host.docker.internal:4111/api/v1/auth/login
Proxy:			<none>
Request params:	<none>
Query params:	<none>
Form params:	<none>
Path params:	<none>
Headers:		Accept=application/json, application/javascript, text/javascript, text/json
				Content-Type=application/json
Cookies:		<none>
Multiparts:		<none>
Body:
{
    "username": "6paEkcOkyk5",
    "password": "TIMeaqm681$&"
}
HTTP/1.1 200 
Vary: Origin
Vary: Access-Control-Request-Method
Vary: Access-Control-Request-Headers
Authorization: Basic NnBhRWtjT2t5azU6VElNZWFxbTY4MSQm
X-Content-Type-Options: nosniff
X-XSS-Protection: 0
Cache-Control: no-cache, no-store, max-age=0, must-revalidate
Pragma: no-cache
Expires: 0
X-Frame-Options: DENY
Content-Type: application/json
Transfer-Encoding: chunked
Date: Wed, 15 Oct 2025 21:40:21 GMT
Keep-Alive: timeout=60
Connection: keep-alive

{
    "role": "USER",
    "username": "6paEkcOkyk5"
}
Request method:	POST
Request URI:	http://host.docker.internal:4111/api/v1/accounts
Proxy:			<none>
Request params:	<none>
Query params:	<none>
Form params:	<none>
Path params:	<none>
Headers:		Accept=application/json, application/javascript, text/javascript, text/json
				Authorization=Basic NnBhRWtjT2t5azU6VElNZWFxbTY4MSQm
				Content-Type=application/json
Cookies:		<none>
Multiparts:		<none>
Body:
HTTP/1.1 201 
Vary: Origin
Vary: Access-Control-Request-Method
Vary: Access-Control-Request-Headers
X-Content-Type-Options: nosniff
X-XSS-Protection: 0
Cache-Control: no-cache, no-store, max-age=0, must-revalidate
Pragma: no-cache
Expires: 0
X-Frame-Options: DENY
Content-Type: application/json
Transfer-Encoding: chunked
Date: Wed, 15 Oct 2025 21:40:21 GMT
Keep-Alive: timeout=60
Connection: keep-alive

{
    "id": 15,
    "accountNumber": "ACC15",
    "balance": 0.0,
    "transactions": [
        
    ]
}
Request method:	POST
Request URI:	http://host.docker.internal:4111/api/v1/admin/users
Proxy:			<none>
Request params:	<none>
Query params:	<none>
Form params:	<none>
Path params:	<none>
Headers:		Accept=application/json, application/javascript, text/javascript, text/json
				Authorization=Basic YWRtaW46YWRtaW4=
				Content-Type=application/json
Cookies:		<none>
Multiparts:		<none>
Body:
{
    "username": "nr3KsdSzZEyv7",
    "password": "VLPvqit234&&",
    "role": "USER"
}
HTTP/1.1 201 
Vary: Origin
Vary: Access-Control-Request-Method
Vary: Access-Control-Request-Headers
Authorization: Basic bnIzS3NkU3paRXl2NzpWTFB2cWl0MjM0JiY=
X-Content-Type-Options: nosniff
X-XSS-Protection: 0
Cache-Control: no-cache, no-store, max-age=0, must-revalidate
Pragma: no-cache
Expires: 0
X-Frame-Options: DENY
Content-Type: application/json
Transfer-Encoding: chunked
Date: Wed, 15 Oct 2025 21:40:21 GMT
Keep-Alive: timeout=60
Connection: keep-alive

{
    "id": 45,
    "username": "nr3KsdSzZEyv7",
    "password": "$2a$10$GUuS6ZppVJw.EE7qpseI4umxGNrkxi9Hz9GQir7AkGpps0sofJ8Qi",
    "name": null,
    "role": "USER",
    "accounts": [
        
    ]
}
Request method:	POST
Request URI:	http://host.docker.internal:4111/api/v1/auth/login
Proxy:			<none>
Request params:	<none>
Query params:	<none>
Form params:	<none>
Path params:	<none>
Headers:		Accept=application/json, application/javascript, text/javascript, text/json
				Content-Type=application/json
Cookies:		<none>
Multiparts:		<none>
Body:
{
    "username": "nr3KsdSzZEyv7",
    "password": "VLPvqit234&&"
}
HTTP/1.1 200 
Vary: Origin
Vary: Access-Control-Request-Method
Vary: Access-Control-Request-Headers
Authorization: Basic bnIzS3NkU3paRXl2NzpWTFB2cWl0MjM0JiY=
X-Content-Type-Options: nosniff
X-XSS-Protection: 0
Cache-Control: no-cache, no-store, max-age=0, must-revalidate
Pragma: no-cache
Expires: 0
X-Frame-Options: DENY
Content-Type: application/json
Transfer-Encoding: chunked
Date: Wed, 15 Oct 2025 21:40:23 GMT
Keep-Alive: timeout=60
Connection: keep-alive

{
    "role": "USER",
    "username": "nr3KsdSzZEyv7"
}
Request method:	POST
Request URI:	http://host.docker.internal:4111/api/v1/accounts
Proxy:			<none>
Request params:	<none>
Query params:	<none>
Form params:	<none>
Path params:	<none>
Headers:		Accept=application/json, application/javascript, text/javascript, text/json
				Authorization=Basic bnIzS3NkU3paRXl2NzpWTFB2cWl0MjM0JiY=
				Content-Type=application/json
Cookies:		<none>
Multiparts:		<none>
Body:
HTTP/1.1 201 
Vary: Origin
Vary: Access-Control-Request-Method
Vary: Access-Control-Request-Headers
X-Content-Type-Options: nosniff
X-XSS-Protection: 0
Cache-Control: no-cache, no-store, max-age=0, must-revalidate
Pragma: no-cache
Expires: 0
X-Frame-Options: DENY
Content-Type: application/json
Transfer-Encoding: chunked
Date: Wed, 15 Oct 2025 21:40:23 GMT
Keep-Alive: timeout=60
Connection: keep-alive

{
    "id": 16,
    "accountNumber": "ACC16",
    "balance": 0.0,
    "transactions": [
        
    ]
}
Request method:	POST
Request URI:	http://host.docker.internal:4111/api/v1/admin/users
Proxy:			<none>
Request params:	<none>
Query params:	<none>
Form params:	<none>
Path params:	<none>
Headers:		Accept=application/json, application/javascript, text/javascript, text/json
				Authorization=Basic YWRtaW46YWRtaW4=
				Content-Type=application/json
Cookies:		<none>
Multiparts:		<none>
Body:
{
    "username": "FIvJFd",
    "password": "URMbxdn084%%",
    "role": "USER"
}
HTTP/1.1 201 
Vary: Origin
Vary: Access-Control-Request-Method
Vary: Access-Control-Request-Headers
Authorization: Basic Rkl2SkZkOlVSTWJ4ZG4wODQlJQ==
X-Content-Type-Options: nosniff
X-XSS-Protection: 0
Cache-Control: no-cache, no-store, max-age=0, must-revalidate
Pragma: no-cache
Expires: 0
X-Frame-Options: DENY
Content-Type: application/json
Transfer-Encoding: chunked
Date: Wed, 15 Oct 2025 21:40:23 GMT
Keep-Alive: timeout=60
Connection: keep-alive

{
    "id": 46,
    "username": "FIvJFd",
    "password": "$2a$10$U5zZvPrE3YaHGXKjNEki2uE0Fk/E1dhMMvqqxNqDw4H1CXHUD1QUi",
    "name": null,
    "role": "USER",
    "accounts": [
        
    ]
}
Request method:	POST
Request URI:	http://host.docker.internal:4111/api/v1/auth/login
Proxy:			<none>
Request params:	<none>
Query params:	<none>
Form params:	<none>
Path params:	<none>
Headers:		Accept=application/json, application/javascript, text/javascript, text/json
				Content-Type=application/json
Cookies:		<none>
Multiparts:		<none>
Body:
{
    "username": "FIvJFd",
    "password": "URMbxdn084%%"
}
HTTP/1.1 200 
Vary: Origin
Vary: Access-Control-Request-Method
Vary: Access-Control-Request-Headers
Authorization: Basic Rkl2SkZkOlVSTWJ4ZG4wODQlJQ==
X-Content-Type-Options: nosniff
X-XSS-Protection: 0
Cache-Control: no-cache, no-store, max-age=0, must-revalidate
Pragma: no-cache
Expires: 0
X-Frame-Options: DENY
Content-Type: application/json
Transfer-Encoding: chunked
Date: Wed, 15 Oct 2025 21:40:23 GMT
Keep-Alive: timeout=60
Connection: keep-alive

{
    "role": "USER",
    "username": "FIvJFd"
}
Request method:	GET
Request URI:	http://host.docker.internal:4111/api/v1/customer/profile
Proxy:			<none>
Request params:	<none>
Query params:	<none>
Form params:	<none>
Path params:	<none>
Headers:		Accept=application/json, application/javascript, text/javascript, text/json
				Authorization=Basic Rkl2SkZkOlVSTWJ4ZG4wODQlJQ==
				Content-Type=application/json
Cookies:		<none>
Multiparts:		<none>
Body:			<none>
HTTP/1.1 200 
Vary: Origin
Vary: Access-Control-Request-Method
Vary: Access-Control-Request-Headers
X-Content-Type-Options: nosniff
X-XSS-Protection: 0
Cache-Control: no-cache, no-store, max-age=0, must-revalidate
Pragma: no-cache
Expires: 0
X-Frame-Options: DENY
Content-Type: application/json
Transfer-Encoding: chunked
Date: Wed, 15 Oct 2025 21:40:24 GMT
Keep-Alive: timeout=60
Connection: keep-alive

{
    "id": 46,
    "username": "FIvJFd",
    "password": "$2a$10$U5zZvPrE3YaHGXKjNEki2uE0Fk/E1dhMMvqqxNqDw4H1CXHUD1QUi",
    "name": null,
    "role": "USER",
    "accounts": [
        
    ]
}
Request method:	GET
Request URI:	http://host.docker.internal:4111/api/v1/customer/accounts
Proxy:			<none>
Request params:	<none>
Query params:	<none>
Form params:	<none>
Path params:	<none>
Headers:		Accept=application/json, application/javascript, text/javascript, text/json
				Authorization=Basic NnBhRWtjT2t5azU6VElNZWFxbTY4MSQm
				Content-Type=application/json
Cookies:		<none>
Multiparts:		<none>
Body:			<none>
HTTP/1.1 200 
Vary: Origin
Vary: Access-Control-Request-Method
Vary: Access-Control-Request-Headers
X-Content-Type-Options: nosniff
X-XSS-Protection: 0
Cache-Control: no-cache, no-store, max-age=0, must-revalidate
Pragma: no-cache
Expires: 0
X-Frame-Options: DENY
Content-Type: application/json
Transfer-Encoding: chunked
Date: Wed, 15 Oct 2025 21:40:24 GMT
Keep-Alive: timeout=60
Connection: keep-alive

[
    {
        "id": 15,
        "accountNumber": "ACC15",
        "balance": 0.0,
        "transactions": [
            
        ]
    }
]
Request method:	POST
Request URI:	http://host.docker.internal:4111/api/v1/accounts/deposit
Proxy:			<none>
Request params:	<none>
Query params:	<none>
Form params:	<none>
Path params:	<none>
Headers:		Accept=application/json, application/javascript, text/javascript, text/json
				Authorization=Basic NnBhRWtjT2t5azU6VElNZWFxbTY4MSQm
				Content-Type=application/json
Cookies:		<none>
Multiparts:		<none>
Body:
{
    "id": 15,
    "balance": 300.0
}
HTTP/1.1 200 
Vary: Origin
Vary: Access-Control-Request-Method
Vary: Access-Control-Request-Headers
X-Content-Type-Options: nosniff
X-XSS-Protection: 0
Cache-Control: no-cache, no-store, max-age=0, must-revalidate
Pragma: no-cache
Expires: 0
X-Frame-Options: DENY
Content-Type: application/json
Transfer-Encoding: chunked
Date: Wed, 15 Oct 2025 21:40:24 GMT
Keep-Alive: timeout=60
Connection: keep-alive

{
    "id": 15,
    "accountNumber": "ACC15",
    "balance": 300.0,
    "transactions": [
        {
            "id": 21,
            "amount": 300.0,
            "type": "DEPOSIT",
            "timestamp": "Wed Oct 15 21:40:24 UTC 2025",
            "relatedAccountId": 15
        }
    ]
}
Request method:	GET
Request URI:	http://host.docker.internal:4111/api/v1/customer/accounts
Proxy:			<none>
Request params:	<none>
Query params:	<none>
Form params:	<none>
Path params:	<none>
Headers:		Accept=application/json, application/javascript, text/javascript, text/json
				Authorization=Basic NnBhRWtjT2t5azU6VElNZWFxbTY4MSQm
				Content-Type=application/json
Cookies:		<none>
Multiparts:		<none>
Body:			<none>
HTTP/1.1 200 
Vary: Origin
Vary: Access-Control-Request-Method
Vary: Access-Control-Request-Headers
X-Content-Type-Options: nosniff
X-XSS-Protection: 0
Cache-Control: no-cache, no-store, max-age=0, must-revalidate
Pragma: no-cache
Expires: 0
X-Frame-Options: DENY
Content-Type: application/json
Transfer-Encoding: chunked
Date: Wed, 15 Oct 2025 21:40:24 GMT
Keep-Alive: timeout=60
Connection: keep-alive

[
    {
        "id": 15,
        "accountNumber": "ACC15",
        "balance": 300.0,
        "transactions": [
            {
                "id": 21,
                "amount": 300.0,
                "type": "DEPOSIT",
                "timestamp": "Wed Oct 15 21:40:24 UTC 2025",
                "relatedAccountId": 15
            }
        ]
    }
]
Request method:	GET
Request URI:	http://host.docker.internal:4111/api/v1/customer/accounts
Proxy:			<none>
Request params:	<none>
Query params:	<none>
Form params:	<none>
Path params:	<none>
Headers:		Accept=application/json, application/javascript, text/javascript, text/json
				Authorization=Basic NnBhRWtjT2t5azU6VElNZWFxbTY4MSQm
				Content-Type=application/json
Cookies:		<none>
Multiparts:		<none>
Body:			<none>
HTTP/1.1 200 
Vary: Origin
Vary: Access-Control-Request-Method
Vary: Access-Control-Request-Headers
X-Content-Type-Options: nosniff
X-XSS-Protection: 0
Cache-Control: no-cache, no-store, max-age=0, must-revalidate
Pragma: no-cache
Expires: 0
X-Frame-Options: DENY
Content-Type: application/json
Transfer-Encoding: chunked
Date: Wed, 15 Oct 2025 21:40:24 GMT
Keep-Alive: timeout=60
Connection: keep-alive

[
    {
        "id": 15,
        "accountNumber": "ACC15",
        "balance": 300.0,
        "transactions": [
            {
                "id": 21,
                "amount": 300.0,
                "type": "DEPOSIT",
                "timestamp": "Wed Oct 15 21:40:24 UTC 2025",
                "relatedAccountId": 15
            }
        ]
    }
]
Request method:	GET
Request URI:	http://host.docker.internal:4111/api/v1/customer/accounts
Proxy:			<none>
Request params:	<none>
Query params:	<none>
Form params:	<none>
Path params:	<none>
Headers:		Accept=application/json, application/javascript, text/javascript, text/json
				Authorization=Basic bnIzS3NkU3paRXl2NzpWTFB2cWl0MjM0JiY=
				Content-Type=application/json
Cookies:		<none>
Multiparts:		<none>
Body:			<none>
HTTP/1.1 200 
Vary: Origin
Vary: Access-Control-Request-Method
Vary: Access-Control-Request-Headers
X-Content-Type-Options: nosniff
X-XSS-Protection: 0
Cache-Control: no-cache, no-store, max-age=0, must-revalidate
Pragma: no-cache
Expires: 0
X-Frame-Options: DENY
Content-Type: application/json
Transfer-Encoding: chunked
Date: Wed, 15 Oct 2025 21:40:25 GMT
Keep-Alive: timeout=60
Connection: keep-alive

[
    {
        "id": 16,
        "accountNumber": "ACC16",
        "balance": 0.0,
        "transactions": [
            
        ]
    }
]
Request method:	POST
Request URI:	http://host.docker.internal:4111/api/v1/accounts/transfer
Proxy:			<none>
Request params:	<none>
Query params:	<none>
Form params:	<none>
Path params:	<none>
Headers:		Accept=application/json, application/javascript, text/javascript, text/json
				Authorization=Basic NnBhRWtjT2t5azU6VElNZWFxbTY4MSQm
				Content-Type=application/json
Cookies:		<none>
Multiparts:		<none>
Body:
{
    "senderAccountId": 15,
    "receiverAccountId": 16,
    "amount": 50.0
}
HTTP/1.1 200 
Vary: Origin
Vary: Access-Control-Request-Method
Vary: Access-Control-Request-Headers
X-Content-Type-Options: nosniff
X-XSS-Protection: 0
Cache-Control: no-cache, no-store, max-age=0, must-revalidate
Pragma: no-cache
Expires: 0
X-Frame-Options: DENY
Content-Type: application/json
Transfer-Encoding: chunked
Date: Wed, 15 Oct 2025 21:40:25 GMT
Keep-Alive: timeout=60
Connection: keep-alive

{
    "message": "Transfer successful",
    "amount": 50.0,
    "receiverAccountId": 16,
    "senderAccountId": 15
}
Request method:	GET
Request URI:	http://host.docker.internal:4111/api/v1/customer/accounts
Proxy:			<none>
Request params:	<none>
Query params:	<none>
Form params:	<none>
Path params:	<none>
Headers:		Accept=application/json, application/javascript, text/javascript, text/json
				Authorization=Basic NnBhRWtjT2t5azU6VElNZWFxbTY4MSQm
				Content-Type=application/json
Cookies:		<none>
Multiparts:		<none>
Body:			<none>
HTTP/1.1 200 
Vary: Origin
Vary: Access-Control-Request-Method
Vary: Access-Control-Request-Headers
X-Content-Type-Options: nosniff
X-XSS-Protection: 0
Cache-Control: no-cache, no-store, max-age=0, must-revalidate
Pragma: no-cache
Expires: 0
X-Frame-Options: DENY
Content-Type: application/json
Transfer-Encoding: chunked
Date: Wed, 15 Oct 2025 21:40:25 GMT
Keep-Alive: timeout=60
Connection: keep-alive

[
    {
        "id": 15,
        "accountNumber": "ACC15",
        "balance": 250.0,
        "transactions": [
            {
                "id": 21,
                "amount": 300.0,
                "type": "DEPOSIT",
                "timestamp": "Wed Oct 15 21:40:24 UTC 2025",
                "relatedAccountId": 15
            },
            {
                "id": 22,
                "amount": 50.0,
                "type": "TRANSFER_OUT",
                "timestamp": "Wed Oct 15 21:40:25 UTC 2025",
                "relatedAccountId": 16
            }
        ]
    }
]
Request method:	GET
Request URI:	http://host.docker.internal:4111/api/v1/customer/accounts
Proxy:			<none>
Request params:	<none>
Query params:	<none>
Form params:	<none>
Path params:	<none>
Headers:		Accept=application/json, application/javascript, text/javascript, text/json
				Authorization=Basic bnIzS3NkU3paRXl2NzpWTFB2cWl0MjM0JiY=
				Content-Type=application/json
Cookies:		<none>
Multiparts:		<none>
Body:			<none>
HTTP/1.1 200 
Vary: Origin
Vary: Access-Control-Request-Method
Vary: Access-Control-Request-Headers
X-Content-Type-Options: nosniff
X-XSS-Protection: 0
Cache-Control: no-cache, no-store, max-age=0, must-revalidate
Pragma: no-cache
Expires: 0
X-Frame-Options: DENY
Content-Type: application/json
Transfer-Encoding: chunked
Date: Wed, 15 Oct 2025 21:40:25 GMT
Keep-Alive: timeout=60
Connection: keep-alive

[
    {
        "id": 16,
        "accountNumber": "ACC16",
        "balance": 50.0,
        "transactions": [
            {
                "id": 23,
                "amount": 50.0,
                "type": "TRANSFER_IN",
                "timestamp": "Wed Oct 15 21:40:25 UTC 2025",
                "relatedAccountId": 15
            }
        ]
    }
]
]]></system-out>
  </testcase>
  <testcase name="userCanTransfer(String, String, int, int, double)[2]" classname="iteration2.api.TransferTest" time="1.77">
    <system-out><![CDATA[Request method:	GET
Request URI:	http://host.docker.internal:4111/api/v1/customer/accounts
Proxy:			<none>
Request params:	<none>
Query params:	<none>
Form params:	<none>
Path params:	<none>
Headers:		Accept=application/json, application/javascript, text/javascript, text/json
				Authorization=Basic NnBhRWtjT2t5azU6VElNZWFxbTY4MSQm
				Content-Type=application/json
Cookies:		<none>
Multiparts:		<none>
Body:			<none>
HTTP/1.1 200 
Vary: Origin
Vary: Access-Control-Request-Method
Vary: Access-Control-Request-Headers
X-Content-Type-Options: nosniff
X-XSS-Protection: 0
Cache-Control: no-cache, no-store, max-age=0, must-revalidate
Pragma: no-cache
Expires: 0
X-Frame-Options: DENY
Content-Type: application/json
Transfer-Encoding: chunked
Date: Wed, 15 Oct 2025 21:40:26 GMT
Keep-Alive: timeout=60
Connection: keep-alive

[
    {
        "id": 15,
        "accountNumber": "ACC15",
        "balance": 250.0,
        "transactions": [
            {
                "id": 21,
                "amount": 300.0,
                "type": "DEPOSIT",
                "timestamp": "Wed Oct 15 21:40:24 UTC 2025",
                "relatedAccountId": 15
            },
            {
                "id": 22,
                "amount": 50.0,
                "type": "TRANSFER_OUT",
                "timestamp": "Wed Oct 15 21:40:25 UTC 2025",
                "relatedAccountId": 16
            }
        ]
    }
]
Request method:	GET
Request URI:	http://host.docker.internal:4111/api/v1/customer/accounts
Proxy:			<none>
Request params:	<none>
Query params:	<none>
Form params:	<none>
Path params:	<none>
Headers:		Accept=application/json, application/javascript, text/javascript, text/json
				Authorization=Basic bnIzS3NkU3paRXl2NzpWTFB2cWl0MjM0JiY=
				Content-Type=application/json
Cookies:		<none>
Multiparts:		<none>
Body:			<none>
HTTP/1.1 200 
Vary: Origin
Vary: Access-Control-Request-Method
Vary: Access-Control-Request-Headers
X-Content-Type-Options: nosniff
X-XSS-Protection: 0
Cache-Control: no-cache, no-store, max-age=0, must-revalidate
Pragma: no-cache
Expires: 0
X-Frame-Options: DENY
Content-Type: application/json
Transfer-Encoding: chunked
Date: Wed, 15 Oct 2025 21:40:26 GMT
Keep-Alive: timeout=60
Connection: keep-alive

[
    {
        "id": 16,
        "accountNumber": "ACC16",
        "balance": 50.0,
        "transactions": [
            {
                "id": 23,
                "amount": 50.0,
                "type": "TRANSFER_IN",
                "timestamp": "Wed Oct 15 21:40:25 UTC 2025",
                "relatedAccountId": 15
            }
        ]
    }
]
Request method:	POST
Request URI:	http://host.docker.internal:4111/api/v1/accounts/transfer
Proxy:			<none>
Request params:	<none>
Query params:	<none>
Form params:	<none>
Path params:	<none>
Headers:		Accept=application/json, application/javascript, text/javascript, text/json
				Authorization=Basic NnBhRWtjT2t5azU6VElNZWFxbTY4MSQm
				Content-Type=application/json
Cookies:		<none>
Multiparts:		<none>
Body:
{
    "senderAccountId": 15,
    "receiverAccountId": 16,
    "amount": 0.01
}
HTTP/1.1 200 
Vary: Origin
Vary: Access-Control-Request-Method
Vary: Access-Control-Request-Headers
X-Content-Type-Options: nosniff
X-XSS-Protection: 0
Cache-Control: no-cache, no-store, max-age=0, must-revalidate
Pragma: no-cache
Expires: 0
X-Frame-Options: DENY
Content-Type: application/json
Transfer-Encoding: chunked
Date: Wed, 15 Oct 2025 21:40:27 GMT
Keep-Alive: timeout=60
Connection: keep-alive

{
    "message": "Transfer successful",
    "amount": 0.01,
    "receiverAccountId": 16,
    "senderAccountId": 15
}
Request method:	GET
Request URI:	http://host.docker.internal:4111/api/v1/customer/accounts
Proxy:			<none>
Request params:	<none>
Query params:	<none>
Form params:	<none>
Path params:	<none>
Headers:		Accept=application/json, application/javascript, text/javascript, text/json
				Authorization=Basic NnBhRWtjT2t5azU6VElNZWFxbTY4MSQm
				Content-Type=application/json
Cookies:		<none>
Multiparts:		<none>
Body:			<none>
HTTP/1.1 200 
Vary: Origin
Vary: Access-Control-Request-Method
Vary: Access-Control-Request-Headers
X-Content-Type-Options: nosniff
X-XSS-Protection: 0
Cache-Control: no-cache, no-store, max-age=0, must-revalidate
Pragma: no-cache
Expires: 0
X-Frame-Options: DENY
Content-Type: application/json
Transfer-Encoding: chunked
Date: Wed, 15 Oct 2025 21:40:27 GMT
Keep-Alive: timeout=60
Connection: keep-alive

[
    {
        "id": 15,
        "accountNumber": "ACC15",
        "balance": 249.99,
        "transactions": [
            {
                "id": 24,
                "amount": 0.01,
                "type": "TRANSFER_OUT",
                "timestamp": "Wed Oct 15 21:40:27 UTC 2025",
                "relatedAccountId": 16
            },
            {
                "id": 21,
                "amount": 300.0,
                "type": "DEPOSIT",
                "timestamp": "Wed Oct 15 21:40:24 UTC 2025",
                "relatedAccountId": 15
            },
            {
                "id": 22,
                "amount": 50.0,
                "type": "TRANSFER_OUT",
                "timestamp": "Wed Oct 15 21:40:25 UTC 2025",
                "relatedAccountId": 16
            }
        ]
    }
]
Request method:	GET
Request URI:	http://host.docker.internal:4111/api/v1/customer/accounts
Proxy:			<none>
Request params:	<none>
Query params:	<none>
Form params:	<none>
Path params:	<none>
Headers:		Accept=application/json, application/javascript, text/javascript, text/json
				Authorization=Basic bnIzS3NkU3paRXl2NzpWTFB2cWl0MjM0JiY=
				Content-Type=application/json
Cookies:		<none>
Multiparts:		<none>
Body:			<none>
HTTP/1.1 200 
Vary: Origin
Vary: Access-Control-Request-Method
Vary: Access-Control-Request-Headers
X-Content-Type-Options: nosniff
X-XSS-Protection: 0
Cache-Control: no-cache, no-store, max-age=0, must-revalidate
Pragma: no-cache
Expires: 0
X-Frame-Options: DENY
Content-Type: application/json
Transfer-Encoding: chunked
Date: Wed, 15 Oct 2025 21:40:27 GMT
Keep-Alive: timeout=60
Connection: keep-alive

[
    {
        "id": 16,
        "accountNumber": "ACC16",
        "balance": 50.01,
        "transactions": [
            {
                "id": 25,
                "amount": 0.01,
                "type": "TRANSFER_IN",
                "timestamp": "Wed Oct 15 21:40:27 UTC 2025",
                "relatedAccountId": 15
            },
            {
                "id": 23,
                "amount": 50.0,
                "type": "TRANSFER_IN",
                "timestamp": "Wed Oct 15 21:40:25 UTC 2025",
                "relatedAccountId": 15
            }
        ]
    }
]
]]></system-out>
  </testcase>
  <testcase name="userCanTransfer(String, String, int, int, double)[3]" classname="iteration2.api.TransferTest" time="1.116">
    <system-out><![CDATA[Request method:	GET
Request URI:	http://host.docker.internal:4111/api/v1/customer/accounts
Proxy:			<none>
Request params:	<none>
Query params:	<none>
Form params:	<none>
Path params:	<none>
Headers:		Accept=application/json, application/javascript, text/javascript, text/json
				Authorization=Basic bnIzS3NkU3paRXl2NzpWTFB2cWl0MjM0JiY=
				Content-Type=application/json
Cookies:		<none>
Multiparts:		<none>
Body:			<none>
HTTP/1.1 200 
Vary: Origin
Vary: Access-Control-Request-Method
Vary: Access-Control-Request-Headers
X-Content-Type-Options: nosniff
X-XSS-Protection: 0
Cache-Control: no-cache, no-store, max-age=0, must-revalidate
Pragma: no-cache
Expires: 0
X-Frame-Options: DENY
Content-Type: application/json
Transfer-Encoding: chunked
Date: Wed, 15 Oct 2025 21:40:27 GMT
Keep-Alive: timeout=60
Connection: keep-alive

[
    {
        "id": 16,
        "accountNumber": "ACC16",
        "balance": 50.01,
        "transactions": [
            {
                "id": 25,
                "amount": 0.01,
                "type": "TRANSFER_IN",
                "timestamp": "Wed Oct 15 21:40:27 UTC 2025",
                "relatedAccountId": 15
            },
            {
                "id": 23,
                "amount": 50.0,
                "type": "TRANSFER_IN",
                "timestamp": "Wed Oct 15 21:40:25 UTC 2025",
                "relatedAccountId": 15
            }
        ]
    }
]
Request method:	GET
Request URI:	http://host.docker.internal:4111/api/v1/customer/accounts
Proxy:			<none>
Request params:	<none>
Query params:	<none>
Form params:	<none>
Path params:	<none>
Headers:		Accept=application/json, application/javascript, text/javascript, text/json
				Authorization=Basic NnBhRWtjT2t5azU6VElNZWFxbTY4MSQm
				Content-Type=application/json
Cookies:		<none>
Multiparts:		<none>
Body:			<none>
HTTP/1.1 200 
Vary: Origin
Vary: Access-Control-Request-Method
Vary: Access-Control-Request-Headers
X-Content-Type-Options: nosniff
X-XSS-Protection: 0
Cache-Control: no-cache, no-store, max-age=0, must-revalidate
Pragma: no-cache
Expires: 0
X-Frame-Options: DENY
Content-Type: application/json
Transfer-Encoding: chunked
Date: Wed, 15 Oct 2025 21:40:27 GMT
Keep-Alive: timeout=60
Connection: keep-alive

[
    {
        "id": 15,
        "accountNumber": "ACC15",
        "balance": 249.99,
        "transactions": [
            {
                "id": 24,
                "amount": 0.01,
                "type": "TRANSFER_OUT",
                "timestamp": "Wed Oct 15 21:40:27 UTC 2025",
                "relatedAccountId": 16
            },
            {
                "id": 21,
                "amount": 300.0,
                "type": "DEPOSIT",
                "timestamp": "Wed Oct 15 21:40:24 UTC 2025",
                "relatedAccountId": 15
            },
            {
                "id": 22,
                "amount": 50.0,
                "type": "TRANSFER_OUT",
                "timestamp": "Wed Oct 15 21:40:25 UTC 2025",
                "relatedAccountId": 16
            }
        ]
    }
]
Request method:	POST
Request URI:	http://host.docker.internal:4111/api/v1/accounts/transfer
Proxy:			<none>
Request params:	<none>
Query params:	<none>
Form params:	<none>
Path params:	<none>
Headers:		Accept=application/json, application/javascript, text/javascript, text/json
				Authorization=Basic bnIzS3NkU3paRXl2NzpWTFB2cWl0MjM0JiY=
				Content-Type=application/json
Cookies:		<none>
Multiparts:		<none>
Body:
{
    "senderAccountId": 16,
    "receiverAccountId": 15,
    "amount": 10.0
}
HTTP/1.1 200 
Vary: Origin
Vary: Access-Control-Request-Method
Vary: Access-Control-Request-Headers
X-Content-Type-Options: nosniff
X-XSS-Protection: 0
Cache-Control: no-cache, no-store, max-age=0, must-revalidate
Pragma: no-cache
Expires: 0
X-Frame-Options: DENY
Content-Type: application/json
Transfer-Encoding: chunked
Date: Wed, 15 Oct 2025 21:40:28 GMT
Keep-Alive: timeout=60
Connection: keep-alive

{
    "message": "Transfer successful",
    "amount": 10.0,
    "receiverAccountId": 15,
    "senderAccountId": 16
}
Request method:	GET
Request URI:	http://host.docker.internal:4111/api/v1/customer/accounts
Proxy:			<none>
Request params:	<none>
Query params:	<none>
Form params:	<none>
Path params:	<none>
Headers:		Accept=application/json, application/javascript, text/javascript, text/json
				Authorization=Basic bnIzS3NkU3paRXl2NzpWTFB2cWl0MjM0JiY=
				Content-Type=application/json
Cookies:		<none>
Multiparts:		<none>
Body:			<none>
HTTP/1.1 200 
Vary: Origin
Vary: Access-Control-Request-Method
Vary: Access-Control-Request-Headers
X-Content-Type-Options: nosniff
X-XSS-Protection: 0
Cache-Control: no-cache, no-store, max-age=0, must-revalidate
Pragma: no-cache
Expires: 0
X-Frame-Options: DENY
Content-Type: application/json
Transfer-Encoding: chunked
Date: Wed, 15 Oct 2025 21:40:28 GMT
Keep-Alive: timeout=60
Connection: keep-alive

[
    {
        "id": 16,
        "accountNumber": "ACC16",
        "balance": 40.01,
        "transactions": [
            {
                "id": 25,
                "amount": 0.01,
                "type": "TRANSFER_IN",
                "timestamp": "Wed Oct 15 21:40:27 UTC 2025",
                "relatedAccountId": 15
            },
            {
                "id": 23,
                "amount": 50.0,
                "type": "TRANSFER_IN",
                "timestamp": "Wed Oct 15 21:40:25 UTC 2025",
                "relatedAccountId": 15
            },
            {
                "id": 26,
                "amount": 10.0,
                "type": "TRANSFER_OUT",
                "timestamp": "Wed Oct 15 21:40:28 UTC 2025",
                "relatedAccountId": 15
            }
        ]
    }
]
Request method:	GET
Request URI:	http://host.docker.internal:4111/api/v1/customer/accounts
Proxy:			<none>
Request params:	<none>
Query params:	<none>
Form params:	<none>
Path params:	<none>
Headers:		Accept=application/json, application/javascript, text/javascript, text/json
				Authorization=Basic NnBhRWtjT2t5azU6VElNZWFxbTY4MSQm
				Content-Type=application/json
Cookies:		<none>
Multiparts:		<none>
Body:			<none>
HTTP/1.1 200 
Vary: Origin
Vary: Access-Control-Request-Method
Vary: Access-Control-Request-Headers
X-Content-Type-Options: nosniff
X-XSS-Protection: 0
Cache-Control: no-cache, no-store, max-age=0, must-revalidate
Pragma: no-cache
Expires: 0
X-Frame-Options: DENY
Content-Type: application/json
Transfer-Encoding: chunked
Date: Wed, 15 Oct 2025 21:40:28 GMT
Keep-Alive: timeout=60
Connection: keep-alive

[
    {
        "id": 15,
        "accountNumber": "ACC15",
        "balance": 259.99,
        "transactions": [
            {
                "id": 27,
                "amount": 10.0,
                "type": "TRANSFER_IN",
                "timestamp": "Wed Oct 15 21:40:28 UTC 2025",
                "relatedAccountId": 16
            },
            {
                "id": 24,
                "amount": 0.01,
                "type": "TRANSFER_OUT",
                "timestamp": "Wed Oct 15 21:40:27 UTC 2025",
                "relatedAccountId": 16
            },
            {
                "id": 21,
                "amount": 300.0,
                "type": "DEPOSIT",
                "timestamp": "Wed Oct 15 21:40:24 UTC 2025",
                "relatedAccountId": 15
            },
            {
                "id": 22,
                "amount": 50.0,
                "type": "TRANSFER_OUT",
                "timestamp": "Wed Oct 15 21:40:25 UTC 2025",
                "relatedAccountId": 16
            }
        ]
    }
]
]]></system-out>
  </testcase>
  <testcase name="userInvalidTransferToken(String, int, int, double)[1]" classname="iteration2.api.TransferTest" time="1.081">
    <system-out><![CDATA[Request method:	GET
Request URI:	http://host.docker.internal:4111/api/v1/customer/accounts
Proxy:			<none>
Request params:	<none>
Query params:	<none>
Form params:	<none>
Path params:	<none>
Headers:		Accept=application/json, application/javascript, text/javascript, text/json
				Authorization=Basic NnBhRWtjT2t5azU6VElNZWFxbTY4MSQm
				Content-Type=application/json
Cookies:		<none>
Multiparts:		<none>
Body:			<none>
HTTP/1.1 200 
Vary: Origin
Vary: Access-Control-Request-Method
Vary: Access-Control-Request-Headers
X-Content-Type-Options: nosniff
X-XSS-Protection: 0
Cache-Control: no-cache, no-store, max-age=0, must-revalidate
Pragma: no-cache
Expires: 0
X-Frame-Options: DENY
Content-Type: application/json
Transfer-Encoding: chunked
Date: Wed, 15 Oct 2025 21:40:28 GMT
Keep-Alive: timeout=60
Connection: keep-alive

[
    {
        "id": 15,
        "accountNumber": "ACC15",
        "balance": 259.99,
        "transactions": [
            {
                "id": 27,
                "amount": 10.0,
                "type": "TRANSFER_IN",
                "timestamp": "Wed Oct 15 21:40:28 UTC 2025",
                "relatedAccountId": 16
            },
            {
                "id": 24,
                "amount": 0.01,
                "type": "TRANSFER_OUT",
                "timestamp": "Wed Oct 15 21:40:27 UTC 2025",
                "relatedAccountId": 16
            },
            {
                "id": 21,
                "amount": 300.0,
                "type": "DEPOSIT",
                "timestamp": "Wed Oct 15 21:40:24 UTC 2025",
                "relatedAccountId": 15
            },
            {
                "id": 22,
                "amount": 50.0,
                "type": "TRANSFER_OUT",
                "timestamp": "Wed Oct 15 21:40:25 UTC 2025",
                "relatedAccountId": 16
            }
        ]
    }
]
Request method:	GET
Request URI:	http://host.docker.internal:4111/api/v1/customer/accounts
Proxy:			<none>
Request params:	<none>
Query params:	<none>
Form params:	<none>
Path params:	<none>
Headers:		Accept=application/json, application/javascript, text/javascript, text/json
				Authorization=Basic bnIzS3NkU3paRXl2NzpWTFB2cWl0MjM0JiY=
				Content-Type=application/json
Cookies:		<none>
Multiparts:		<none>
Body:			<none>
HTTP/1.1 200 
Vary: Origin
Vary: Access-Control-Request-Method
Vary: Access-Control-Request-Headers
X-Content-Type-Options: nosniff
X-XSS-Protection: 0
Cache-Control: no-cache, no-store, max-age=0, must-revalidate
Pragma: no-cache
Expires: 0
X-Frame-Options: DENY
Content-Type: application/json
Transfer-Encoding: chunked
Date: Wed, 15 Oct 2025 21:40:28 GMT
Keep-Alive: timeout=60
Connection: keep-alive

[
    {
        "id": 16,
        "accountNumber": "ACC16",
        "balance": 40.01,
        "transactions": [
            {
                "id": 25,
                "amount": 0.01,
                "type": "TRANSFER_IN",
                "timestamp": "Wed Oct 15 21:40:27 UTC 2025",
                "relatedAccountId": 15
            },
            {
                "id": 23,
                "amount": 50.0,
                "type": "TRANSFER_IN",
                "timestamp": "Wed Oct 15 21:40:25 UTC 2025",
                "relatedAccountId": 15
            },
            {
                "id": 26,
                "amount": 10.0,
                "type": "TRANSFER_OUT",
                "timestamp": "Wed Oct 15 21:40:28 UTC 2025",
                "relatedAccountId": 15
            }
        ]
    }
]
Request method:	POST
Request URI:	http://host.docker.internal:4111/api/v1/accounts/transfer
Proxy:			<none>
Request params:	<none>
Query params:	<none>
Form params:	<none>
Path params:	<none>
Headers:		Accept=application/json, application/javascript, text/javascript, text/json
				Authorization=Basic NnBhRWtjT2t5azU6VElNZWFxbTY4MSQm
				Content-Type=application/json
Cookies:		<none>
Multiparts:		<none>
Body:
{
    "senderAccountId": 16,
    "receiverAccountId": 15,
    "amount": 50.0
}
HTTP/1.1 403 
Vary: Origin
Vary: Access-Control-Request-Method
Vary: Access-Control-Request-Headers
X-Content-Type-Options: nosniff
X-XSS-Protection: 0
Cache-Control: no-cache, no-store, max-age=0, must-revalidate
Pragma: no-cache
Expires: 0
X-Frame-Options: DENY
Content-Type: application/json
Content-Length: 30
Date: Wed, 15 Oct 2025 21:40:29 GMT
Keep-Alive: timeout=60
Connection: keep-alive

Unauthorized access to account
Request method:	GET
Request URI:	http://host.docker.internal:4111/api/v1/customer/accounts
Proxy:			<none>
Request params:	<none>
Query params:	<none>
Form params:	<none>
Path params:	<none>
Headers:		Accept=application/json, application/javascript, text/javascript, text/json
				Authorization=Basic NnBhRWtjT2t5azU6VElNZWFxbTY4MSQm
				Content-Type=application/json
Cookies:		<none>
Multiparts:		<none>
Body:			<none>
HTTP/1.1 200 
Vary: Origin
Vary: Access-Control-Request-Method
Vary: Access-Control-Request-Headers
X-Content-Type-Options: nosniff
X-XSS-Protection: 0
Cache-Control: no-cache, no-store, max-age=0, must-revalidate
Pragma: no-cache
Expires: 0
X-Frame-Options: DENY
Content-Type: application/json
Transfer-Encoding: chunked
Date: Wed, 15 Oct 2025 21:40:29 GMT
Keep-Alive: timeout=60
Connection: keep-alive

[
    {
        "id": 15,
        "accountNumber": "ACC15",
        "balance": 259.99,
        "transactions": [
            {
                "id": 27,
                "amount": 10.0,
                "type": "TRANSFER_IN",
                "timestamp": "Wed Oct 15 21:40:28 UTC 2025",
                "relatedAccountId": 16
            },
            {
                "id": 24,
                "amount": 0.01,
                "type": "TRANSFER_OUT",
                "timestamp": "Wed Oct 15 21:40:27 UTC 2025",
                "relatedAccountId": 16
            },
            {
                "id": 21,
                "amount": 300.0,
                "type": "DEPOSIT",
                "timestamp": "Wed Oct 15 21:40:24 UTC 2025",
                "relatedAccountId": 15
            },
            {
                "id": 22,
                "amount": 50.0,
                "type": "TRANSFER_OUT",
                "timestamp": "Wed Oct 15 21:40:25 UTC 2025",
                "relatedAccountId": 16
            }
        ]
    }
]
Request method:	GET
Request URI:	http://host.docker.internal:4111/api/v1/customer/accounts
Proxy:			<none>
Request params:	<none>
Query params:	<none>
Form params:	<none>
Path params:	<none>
Headers:		Accept=application/json, application/javascript, text/javascript, text/json
				Authorization=Basic bnIzS3NkU3paRXl2NzpWTFB2cWl0MjM0JiY=
				Content-Type=application/json
Cookies:		<none>
Multiparts:		<none>
Body:			<none>
HTTP/1.1 200 
Vary: Origin
Vary: Access-Control-Request-Method
Vary: Access-Control-Request-Headers
X-Content-Type-Options: nosniff
X-XSS-Protection: 0
Cache-Control: no-cache, no-store, max-age=0, must-revalidate
Pragma: no-cache
Expires: 0
X-Frame-Options: DENY
Content-Type: application/json
Transfer-Encoding: chunked
Date: Wed, 15 Oct 2025 21:40:29 GMT
Keep-Alive: timeout=60
Connection: keep-alive

[
    {
        "id": 16,
        "accountNumber": "ACC16",
        "balance": 40.01,
        "transactions": [
            {
                "id": 25,
                "amount": 0.01,
                "type": "TRANSFER_IN",
                "timestamp": "Wed Oct 15 21:40:27 UTC 2025",
                "relatedAccountId": 15
            },
            {
                "id": 23,
                "amount": 50.0,
                "type": "TRANSFER_IN",
                "timestamp": "Wed Oct 15 21:40:25 UTC 2025",
                "relatedAccountId": 15
            },
            {
                "id": 26,
                "amount": 10.0,
                "type": "TRANSFER_OUT",
                "timestamp": "Wed Oct 15 21:40:28 UTC 2025",
                "relatedAccountId": 15
            }
        ]
    }
]
]]></system-out>
  </testcase>
  <testcase name="userInvalidTransferToken(String, int, int, double)[2]" classname="iteration2.api.TransferTest" time="1.095">
    <system-out><![CDATA[Request method:	GET
Request URI:	http://host.docker.internal:4111/api/v1/customer/accounts
Proxy:			<none>
Request params:	<none>
Query params:	<none>
Form params:	<none>
Path params:	<none>
Headers:		Accept=application/json, application/javascript, text/javascript, text/json
				Authorization=Basic NnBhRWtjT2t5azU6VElNZWFxbTY4MSQm
				Content-Type=application/json
Cookies:		<none>
Multiparts:		<none>
Body:			<none>
HTTP/1.1 200 
Vary: Origin
Vary: Access-Control-Request-Method
Vary: Access-Control-Request-Headers
X-Content-Type-Options: nosniff
X-XSS-Protection: 0
Cache-Control: no-cache, no-store, max-age=0, must-revalidate
Pragma: no-cache
Expires: 0
X-Frame-Options: DENY
Content-Type: application/json
Transfer-Encoding: chunked
Date: Wed, 15 Oct 2025 21:40:29 GMT
Keep-Alive: timeout=60
Connection: keep-alive

[
    {
        "id": 15,
        "accountNumber": "ACC15",
        "balance": 259.99,
        "transactions": [
            {
                "id": 27,
                "amount": 10.0,
                "type": "TRANSFER_IN",
                "timestamp": "Wed Oct 15 21:40:28 UTC 2025",
                "relatedAccountId": 16
            },
            {
                "id": 24,
                "amount": 0.01,
                "type": "TRANSFER_OUT",
                "timestamp": "Wed Oct 15 21:40:27 UTC 2025",
                "relatedAccountId": 16
            },
            {
                "id": 21,
                "amount": 300.0,
                "type": "DEPOSIT",
                "timestamp": "Wed Oct 15 21:40:24 UTC 2025",
                "relatedAccountId": 15
            },
            {
                "id": 22,
                "amount": 50.0,
                "type": "TRANSFER_OUT",
                "timestamp": "Wed Oct 15 21:40:25 UTC 2025",
                "relatedAccountId": 16
            }
        ]
    }
]
Request method:	GET
Request URI:	http://host.docker.internal:4111/api/v1/customer/accounts
Proxy:			<none>
Request params:	<none>
Query params:	<none>
Form params:	<none>
Path params:	<none>
Headers:		Accept=application/json, application/javascript, text/javascript, text/json
				Authorization=Basic bnIzS3NkU3paRXl2NzpWTFB2cWl0MjM0JiY=
				Content-Type=application/json
Cookies:		<none>
Multiparts:		<none>
Body:			<none>
HTTP/1.1 200 
Vary: Origin
Vary: Access-Control-Request-Method
Vary: Access-Control-Request-Headers
X-Content-Type-Options: nosniff
X-XSS-Protection: 0
Cache-Control: no-cache, no-store, max-age=0, must-revalidate
Pragma: no-cache
Expires: 0
X-Frame-Options: DENY
Content-Type: application/json
Transfer-Encoding: chunked
Date: Wed, 15 Oct 2025 21:40:29 GMT
Keep-Alive: timeout=60
Connection: keep-alive

[
    {
        "id": 16,
        "accountNumber": "ACC16",
        "balance": 40.01,
        "transactions": [
            {
                "id": 25,
                "amount": 0.01,
                "type": "TRANSFER_IN",
                "timestamp": "Wed Oct 15 21:40:27 UTC 2025",
                "relatedAccountId": 15
            },
            {
                "id": 23,
                "amount": 50.0,
                "type": "TRANSFER_IN",
                "timestamp": "Wed Oct 15 21:40:25 UTC 2025",
                "relatedAccountId": 15
            },
            {
                "id": 26,
                "amount": 10.0,
                "type": "TRANSFER_OUT",
                "timestamp": "Wed Oct 15 21:40:28 UTC 2025",
                "relatedAccountId": 15
            }
        ]
    }
]
Request method:	POST
Request URI:	http://host.docker.internal:4111/api/v1/accounts/transfer
Proxy:			<none>
Request params:	<none>
Query params:	<none>
Form params:	<none>
Path params:	<none>
Headers:		Accept=application/json, application/javascript, text/javascript, text/json
				Authorization=Basic YWRtaW46YWRtaW4=
				Content-Type=application/json
Cookies:		<none>
Multiparts:		<none>
Body:
{
    "senderAccountId": 15,
    "receiverAccountId": 16,
    "amount": 50.0
}
HTTP/1.1 403 
Vary: Origin
Vary: Access-Control-Request-Method
Vary: Access-Control-Request-Headers
X-Content-Type-Options: nosniff
X-XSS-Protection: 0
Cache-Control: no-cache, no-store, max-age=0, must-revalidate
Pragma: no-cache
Expires: 0
X-Frame-Options: DENY
Content-Type: application/json
Transfer-Encoding: chunked
Date: Wed, 15 Oct 2025 21:40:31 GMT
Keep-Alive: timeout=60
Connection: keep-alive

{
    "timestamp": "2025-10-15T21:40:31.019+00:00",
    "status": 403,
    "error": "Forbidden",
    "path": "/api/v1/accounts/transfer"
}
Request method:	GET
Request URI:	http://host.docker.internal:4111/api/v1/customer/accounts
Proxy:			<none>
Request params:	<none>
Query params:	<none>
Form params:	<none>
Path params:	<none>
Headers:		Accept=application/json, application/javascript, text/javascript, text/json
				Authorization=Basic NnBhRWtjT2t5azU6VElNZWFxbTY4MSQm
				Content-Type=application/json
Cookies:		<none>
Multiparts:		<none>
Body:			<none>
HTTP/1.1 200 
Vary: Origin
Vary: Access-Control-Request-Method
Vary: Access-Control-Request-Headers
X-Content-Type-Options: nosniff
X-XSS-Protection: 0
Cache-Control: no-cache, no-store, max-age=0, must-revalidate
Pragma: no-cache
Expires: 0
X-Frame-Options: DENY
Content-Type: application/json
Transfer-Encoding: chunked
Date: Wed, 15 Oct 2025 21:40:31 GMT
Keep-Alive: timeout=60
Connection: keep-alive

[
    {
        "id": 15,
        "accountNumber": "ACC15",
        "balance": 259.99,
        "transactions": [
            {
                "id": 27,
                "amount": 10.0,
                "type": "TRANSFER_IN",
                "timestamp": "Wed Oct 15 21:40:28 UTC 2025",
                "relatedAccountId": 16
            },
            {
                "id": 24,
                "amount": 0.01,
                "type": "TRANSFER_OUT",
                "timestamp": "Wed Oct 15 21:40:27 UTC 2025",
                "relatedAccountId": 16
            },
            {
                "id": 21,
                "amount": 300.0,
                "type": "DEPOSIT",
                "timestamp": "Wed Oct 15 21:40:24 UTC 2025",
                "relatedAccountId": 15
            },
            {
                "id": 22,
                "amount": 50.0,
                "type": "TRANSFER_OUT",
                "timestamp": "Wed Oct 15 21:40:25 UTC 2025",
                "relatedAccountId": 16
            }
        ]
    }
]
Request method:	GET
Request URI:	http://host.docker.internal:4111/api/v1/customer/accounts
Proxy:			<none>
Request params:	<none>
Query params:	<none>
Form params:	<none>
Path params:	<none>
Headers:		Accept=application/json, application/javascript, text/javascript, text/json
				Authorization=Basic bnIzS3NkU3paRXl2NzpWTFB2cWl0MjM0JiY=
				Content-Type=application/json
Cookies:		<none>
Multiparts:		<none>
Body:			<none>
HTTP/1.1 200 
Vary: Origin
Vary: Access-Control-Request-Method
Vary: Access-Control-Request-Headers
X-Content-Type-Options: nosniff
X-XSS-Protection: 0
Cache-Control: no-cache, no-store, max-age=0, must-revalidate
Pragma: no-cache
Expires: 0
X-Frame-Options: DENY
Content-Type: application/json
Transfer-Encoding: chunked
Date: Wed, 15 Oct 2025 21:40:31 GMT
Keep-Alive: timeout=60
Connection: keep-alive

[
    {
        "id": 16,
        "accountNumber": "ACC16",
        "balance": 40.01,
        "transactions": [
            {
                "id": 25,
                "amount": 0.01,
                "type": "TRANSFER_IN",
                "timestamp": "Wed Oct 15 21:40:27 UTC 2025",
                "relatedAccountId": 15
            },
            {
                "id": 23,
                "amount": 50.0,
                "type": "TRANSFER_IN",
                "timestamp": "Wed Oct 15 21:40:25 UTC 2025",
                "relatedAccountId": 15
            },
            {
                "id": 26,
                "amount": 10.0,
                "type": "TRANSFER_OUT",
                "timestamp": "Wed Oct 15 21:40:28 UTC 2025",
                "relatedAccountId": 15
            }
        ]
    }
]
]]></system-out>
  </testcase>
  <testcase name="userWithoutAccountCantTransfer" classname="iteration2.api.TransferTest" time="0.647">
    <system-out><![CDATA[Request method:	GET
Request URI:	http://host.docker.internal:4111/api/v1/customer/accounts
Proxy:			<none>
Request params:	<none>
Query params:	<none>
Form params:	<none>
Path params:	<none>
Headers:		Accept=application/json, application/javascript, text/javascript, text/json
				Authorization=Basic NnBhRWtjT2t5azU6VElNZWFxbTY4MSQm
				Content-Type=application/json
Cookies:		<none>
Multiparts:		<none>
Body:			<none>
HTTP/1.1 200 
Vary: Origin
Vary: Access-Control-Request-Method
Vary: Access-Control-Request-Headers
X-Content-Type-Options: nosniff
X-XSS-Protection: 0
Cache-Control: no-cache, no-store, max-age=0, must-revalidate
Pragma: no-cache
Expires: 0
X-Frame-Options: DENY
Content-Type: application/json
Transfer-Encoding: chunked
Date: Wed, 15 Oct 2025 21:40:31 GMT
Keep-Alive: timeout=60
Connection: keep-alive

[
    {
        "id": 15,
        "accountNumber": "ACC15",
        "balance": 259.99,
        "transactions": [
            {
                "id": 27,
                "amount": 10.0,
                "type": "TRANSFER_IN",
                "timestamp": "Wed Oct 15 21:40:28 UTC 2025",
                "relatedAccountId": 16
            },
            {
                "id": 24,
                "amount": 0.01,
                "type": "TRANSFER_OUT",
                "timestamp": "Wed Oct 15 21:40:27 UTC 2025",
                "relatedAccountId": 16
            },
            {
                "id": 21,
                "amount": 300.0,
                "type": "DEPOSIT",
                "timestamp": "Wed Oct 15 21:40:24 UTC 2025",
                "relatedAccountId": 15
            },
            {
                "id": 22,
                "amount": 50.0,
                "type": "TRANSFER_OUT",
                "timestamp": "Wed Oct 15 21:40:25 UTC 2025",
                "relatedAccountId": 16
            }
        ]
    }
]
Request method:	POST
Request URI:	http://host.docker.internal:4111/api/v1/accounts/transfer
Proxy:			<none>
Request params:	<none>
Query params:	<none>
Form params:	<none>
Path params:	<none>
Headers:		Accept=application/json, application/javascript, text/javascript, text/json
				Authorization=Basic Rkl2SkZkOlVSTWJ4ZG4wODQlJQ==
				Content-Type=application/json
Cookies:		<none>
Multiparts:		<none>
Body:
{
    "senderAccountId": 46,
    "receiverAccountId": 15,
    "amount": 50.0
}
HTTP/1.1 403 
Vary: Origin
Vary: Access-Control-Request-Method
Vary: Access-Control-Request-Headers
X-Content-Type-Options: nosniff
X-XSS-Protection: 0
Cache-Control: no-cache, no-store, max-age=0, must-revalidate
Pragma: no-cache
Expires: 0
X-Frame-Options: DENY
Content-Type: application/json
Content-Length: 30
Date: Wed, 15 Oct 2025 21:40:31 GMT
Keep-Alive: timeout=60
Connection: keep-alive

Unauthorized access to account
Request method:	GET
Request URI:	http://host.docker.internal:4111/api/v1/customer/accounts
Proxy:			<none>
Request params:	<none>
Query params:	<none>
Form params:	<none>
Path params:	<none>
Headers:		Accept=application/json, application/javascript, text/javascript, text/json
				Authorization=Basic NnBhRWtjT2t5azU6VElNZWFxbTY4MSQm
				Content-Type=application/json
Cookies:		<none>
Multiparts:		<none>
Body:			<none>
HTTP/1.1 200 
Vary: Origin
Vary: Access-Control-Request-Method
Vary: Access-Control-Request-Headers
X-Content-Type-Options: nosniff
X-XSS-Protection: 0
Cache-Control: no-cache, no-store, max-age=0, must-revalidate
Pragma: no-cache
Expires: 0
X-Frame-Options: DENY
Content-Type: application/json
Transfer-Encoding: chunked
Date: Wed, 15 Oct 2025 21:40:32 GMT
Keep-Alive: timeout=60
Connection: keep-alive

[
    {
        "id": 15,
        "accountNumber": "ACC15",
        "balance": 259.99,
        "transactions": [
            {
                "id": 27,
                "amount": 10.0,
                "type": "TRANSFER_IN",
                "timestamp": "Wed Oct 15 21:40:28 UTC 2025",
                "relatedAccountId": 16
            },
            {
                "id": 24,
                "amount": 0.01,
                "type": "TRANSFER_OUT",
                "timestamp": "Wed Oct 15 21:40:27 UTC 2025",
                "relatedAccountId": 16
            },
            {
                "id": 21,
                "amount": 300.0,
                "type": "DEPOSIT",
                "timestamp": "Wed Oct 15 21:40:24 UTC 2025",
                "relatedAccountId": 15
            },
            {
                "id": 22,
                "amount": 50.0,
                "type": "TRANSFER_OUT",
                "timestamp": "Wed Oct 15 21:40:25 UTC 2025",
                "relatedAccountId": 16
            }
        ]
    }
]
]]></system-out>
  </testcase>
  <testcase name="userInvalidTransferToUserWithoutAccount" classname="iteration2.api.TransferTest" time="0.67">
    <system-out><![CDATA[Request method:	GET
Request URI:	http://host.docker.internal:4111/api/v1/customer/accounts
Proxy:			<none>
Request params:	<none>
Query params:	<none>
Form params:	<none>
Path params:	<none>
Headers:		Accept=application/json, application/javascript, text/javascript, text/json
				Authorization=Basic NnBhRWtjT2t5azU6VElNZWFxbTY4MSQm
				Content-Type=application/json
Cookies:		<none>
Multiparts:		<none>
Body:			<none>
HTTP/1.1 200 
Vary: Origin
Vary: Access-Control-Request-Method
Vary: Access-Control-Request-Headers
X-Content-Type-Options: nosniff
X-XSS-Protection: 0
Cache-Control: no-cache, no-store, max-age=0, must-revalidate
Pragma: no-cache
Expires: 0
X-Frame-Options: DENY
Content-Type: application/json
Transfer-Encoding: chunked
Date: Wed, 15 Oct 2025 21:40:32 GMT
Keep-Alive: timeout=60
Connection: keep-alive

[
    {
        "id": 15,
        "accountNumber": "ACC15",
        "balance": 259.99,
        "transactions": [
            {
                "id": 27,
                "amount": 10.0,
                "type": "TRANSFER_IN",
                "timestamp": "Wed Oct 15 21:40:28 UTC 2025",
                "relatedAccountId": 16
            },
            {
                "id": 24,
                "amount": 0.01,
                "type": "TRANSFER_OUT",
                "timestamp": "Wed Oct 15 21:40:27 UTC 2025",
                "relatedAccountId": 16
            },
            {
                "id": 21,
                "amount": 300.0,
                "type": "DEPOSIT",
                "timestamp": "Wed Oct 15 21:40:24 UTC 2025",
                "relatedAccountId": 15
            },
            {
                "id": 22,
                "amount": 50.0,
                "type": "TRANSFER_OUT",
                "timestamp": "Wed Oct 15 21:40:25 UTC 2025",
                "relatedAccountId": 16
            }
        ]
    }
]
Request method:	POST
Request URI:	http://host.docker.internal:4111/api/v1/accounts/transfer
Proxy:			<none>
Request params:	<none>
Query params:	<none>
Form params:	<none>
Path params:	<none>
Headers:		Accept=application/json, application/javascript, text/javascript, text/json
				Authorization=Basic NnBhRWtjT2t5azU6VElNZWFxbTY4MSQm
				Content-Type=application/json
Cookies:		<none>
Multiparts:		<none>
Body:
{
    "senderAccountId": 15,
    "receiverAccountId": 46,
    "amount": 50.0
}
HTTP/1.1 400 
Vary: Origin
Vary: Access-Control-Request-Method
Vary: Access-Control-Request-Headers
X-Content-Type-Options: nosniff
X-XSS-Protection: 0
Cache-Control: no-cache, no-store, max-age=0, must-revalidate
Pragma: no-cache
Expires: 0
X-Frame-Options: DENY
Content-Type: application/json
Content-Length: 56
Date: Wed, 15 Oct 2025 21:40:32 GMT
Connection: close

Invalid transfer: insufficient funds or invalid accounts
Request method:	GET
Request URI:	http://host.docker.internal:4111/api/v1/customer/accounts
Proxy:			<none>
Request params:	<none>
Query params:	<none>
Form params:	<none>
Path params:	<none>
Headers:		Accept=application/json, application/javascript, text/javascript, text/json
				Authorization=Basic NnBhRWtjT2t5azU6VElNZWFxbTY4MSQm
				Content-Type=application/json
Cookies:		<none>
Multiparts:		<none>
Body:			<none>
HTTP/1.1 200 
Vary: Origin
Vary: Access-Control-Request-Method
Vary: Access-Control-Request-Headers
X-Content-Type-Options: nosniff
X-XSS-Protection: 0
Cache-Control: no-cache, no-store, max-age=0, must-revalidate
Pragma: no-cache
Expires: 0
X-Frame-Options: DENY
Content-Type: application/json
Transfer-Encoding: chunked
Date: Wed, 15 Oct 2025 21:40:32 GMT
Keep-Alive: timeout=60
Connection: keep-alive

[
    {
        "id": 15,
        "accountNumber": "ACC15",
        "balance": 259.99,
        "transactions": [
            {
                "id": 27,
                "amount": 10.0,
                "type": "TRANSFER_IN",
                "timestamp": "Wed Oct 15 21:40:28 UTC 2025",
                "relatedAccountId": 16
            },
            {
                "id": 24,
                "amount": 0.01,
                "type": "TRANSFER_OUT",
                "timestamp": "Wed Oct 15 21:40:27 UTC 2025",
                "relatedAccountId": 16
            },
            {
                "id": 21,
                "amount": 300.0,
                "type": "DEPOSIT",
                "timestamp": "Wed Oct 15 21:40:24 UTC 2025",
                "relatedAccountId": 15
            },
            {
                "id": 22,
                "amount": 50.0,
                "type": "TRANSFER_OUT",
                "timestamp": "Wed Oct 15 21:40:25 UTC 2025",
                "relatedAccountId": 16
            }
        ]
    }
]
]]></system-out>
  </testcase>
  <testcase name="userInvalidTransfer(String, String, int, int, double)[1]" classname="iteration2.api.TransferTest" time="0.72">
    <failure message="1 expectation failed.&#10;Response body doesn&apos;t match expectation.&#10;Expected: &quot;Invalid transfer: insufficient funds or invalid accounts&quot;&#10;  Actual: Transfer amount must be at least 0.01&#10;" type="java.lang.AssertionError"><![CDATA[java.lang.AssertionError: 
1 expectation failed.
Response body doesn't match expectation.
Expected: "Invalid transfer: insufficient funds or invalid accounts"
  Actual: Transfer amount must be at least 0.01

	at java.base/jdk.internal.reflect.DirectConstructorHandleAccessor.newInstance(DirectConstructorHandleAccessor.java:62)
	at java.base/java.lang.reflect.Constructor.newInstanceWithCaller(Constructor.java:502)
	at java.base/java.lang.reflect.Constructor.newInstance(Constructor.java:486)
	at org.codehaus.groovy.reflection.CachedConstructor.invoke(CachedConstructor.java:73)
	at org.codehaus.groovy.runtime.callsite.ConstructorSite$ConstructorSiteNoUnwrapNoCoerce.callConstructor(ConstructorSite.java:108)
	at org.codehaus.groovy.runtime.callsite.CallSiteArray.defaultCallConstructor(CallSiteArray.java:57)
	at org.codehaus.groovy.runtime.callsite.AbstractCallSite.callConstructor(AbstractCallSite.java:263)
	at org.codehaus.groovy.runtime.callsite.AbstractCallSite.callConstructor(AbstractCallSite.java:277)
	at io.restassured.internal.ResponseSpecificationImpl$HamcrestAssertionClosure.validate(ResponseSpecificationImpl.groovy:512)
	at io.restassured.internal.ResponseSpecificationImpl$HamcrestAssertionClosure$validate$1.call(Unknown Source)
	at io.restassured.internal.ResponseSpecificationImpl.validate(ResponseSpecificationImpl.groovy:101)
	at io.restassured.internal.ValidatableResponseOptionsImpl.spec(ValidatableResponseOptionsImpl.java:288)
	at api.requests.skelethon.reauests.CrudRequester.post(CrudRequester.java:30)
	at iteration2.api.TransferTest.userInvalidTransfer(TransferTest.java:129)
	at java.base/java.lang.reflect.Method.invoke(Method.java:580)
	at java.base/java.util.Optional.ifPresent(Optional.java:178)
	at java.base/java.util.stream.ForEachOps$ForEachOp$OfRef.accept(ForEachOps.java:184)
	at java.base/java.util.stream.ReferencePipeline$3$1.accept(ReferencePipeline.java:197)
	at java.base/java.util.stream.ForEachOps$ForEachOp$OfRef.accept(ForEachOps.java:184)
	at java.base/java.util.stream.ForEachOps$ForEachOp$OfRef.accept(ForEachOps.java:184)
	at java.base/java.util.stream.ReferencePipeline$3$1.accept(ReferencePipeline.java:197)
	at java.base/java.util.Spliterators$ArraySpliterator.forEachRemaining(Spliterators.java:1024)
	at java.base/java.util.stream.ReferencePipeline$Head.forEach(ReferencePipeline.java:762)
	at java.base/java.util.stream.ReferencePipeline$7$1.accept(ReferencePipeline.java:276)
	at java.base/java.util.stream.ReferencePipeline$3$1.accept(ReferencePipeline.java:197)
	at java.base/java.util.stream.ReferencePipeline$3$1.accept(ReferencePipeline.java:197)
	at java.base/java.util.stream.ReferencePipeline$3$1.accept(ReferencePipeline.java:197)
	at java.base/java.util.Spliterators$ArraySpliterator.forEachRemaining(Spliterators.java:1024)
	at java.base/java.util.stream.AbstractPipeline.copyInto(AbstractPipeline.java:509)
	at java.base/java.util.stream.AbstractPipeline.wrapAndCopyInto(AbstractPipeline.java:499)
	at java.base/java.util.stream.ForEachOps$ForEachOp.evaluateSequential(ForEachOps.java:151)
	at java.base/java.util.stream.ForEachOps$ForEachOp$OfRef.evaluateSequential(ForEachOps.java:174)
	at java.base/java.util.stream.AbstractPipeline.evaluate(AbstractPipeline.java:234)
	at java.base/java.util.stream.ReferencePipeline.forEach(ReferencePipeline.java:596)
	at java.base/java.util.stream.ReferencePipeline$7$1.accept(ReferencePipeline.java:276)
	at java.base/java.util.ArrayList$ArrayListSpliterator.forEachRemaining(ArrayList.java:1708)
	at java.base/java.util.stream.AbstractPipeline.copyInto(AbstractPipeline.java:509)
	at java.base/java.util.stream.AbstractPipeline.wrapAndCopyInto(AbstractPipeline.java:499)
	at java.base/java.util.stream.ForEachOps$ForEachOp.evaluateSequential(ForEachOps.java:151)
	at java.base/java.util.stream.ForEachOps$ForEachOp$OfRef.evaluateSequential(ForEachOps.java:174)
	at java.base/java.util.stream.AbstractPipeline.evaluate(AbstractPipeline.java:234)
	at java.base/java.util.stream.ReferencePipeline.forEach(ReferencePipeline.java:596)
	at java.base/java.util.stream.ReferencePipeline$7$1.accept(ReferencePipeline.java:276)
	at java.base/java.util.stream.ReferencePipeline$3$1.accept(ReferencePipeline.java:197)
	at java.base/java.util.stream.ReferencePipeline$3$1.accept(ReferencePipeline.java:197)
	at java.base/java.util.stream.ReferencePipeline$3$1.accept(ReferencePipeline.java:197)
	at java.base/java.util.ArrayList$ArrayListSpliterator.forEachRemaining(ArrayList.java:1708)
	at java.base/java.util.stream.AbstractPipeline.copyInto(AbstractPipeline.java:509)
	at java.base/java.util.stream.AbstractPipeline.wrapAndCopyInto(AbstractPipeline.java:499)
	at java.base/java.util.stream.ForEachOps$ForEachOp.evaluateSequential(ForEachOps.java:151)
	at java.base/java.util.stream.ForEachOps$ForEachOp$OfRef.evaluateSequential(ForEachOps.java:174)
	at java.base/java.util.stream.AbstractPipeline.evaluate(AbstractPipeline.java:234)
	at java.base/java.util.stream.ReferencePipeline.forEach(ReferencePipeline.java:596)
	at java.base/java.util.ArrayList.forEach(ArrayList.java:1596)
	at java.base/java.util.ArrayList.forEach(ArrayList.java:1596)
]]></failure>
    <system-out><![CDATA[Request method:	GET
Request URI:	http://host.docker.internal:4111/api/v1/customer/accounts
Proxy:			<none>
Request params:	<none>
Query params:	<none>
Form params:	<none>
Path params:	<none>
Headers:		Accept=application/json, application/javascript, text/javascript, text/json
				Authorization=Basic NnBhRWtjT2t5azU6VElNZWFxbTY4MSQm
				Content-Type=application/json
Cookies:		<none>
Multiparts:		<none>
Body:			<none>
HTTP/1.1 200 
Vary: Origin
Vary: Access-Control-Request-Method
Vary: Access-Control-Request-Headers
X-Content-Type-Options: nosniff
X-XSS-Protection: 0
Cache-Control: no-cache, no-store, max-age=0, must-revalidate
Pragma: no-cache
Expires: 0
X-Frame-Options: DENY
Content-Type: application/json
Transfer-Encoding: chunked
Date: Wed, 15 Oct 2025 21:40:32 GMT
Keep-Alive: timeout=60
Connection: keep-alive

[
    {
        "id": 15,
        "accountNumber": "ACC15",
        "balance": 259.99,
        "transactions": [
            {
                "id": 27,
                "amount": 10.0,
                "type": "TRANSFER_IN",
                "timestamp": "Wed Oct 15 21:40:28 UTC 2025",
                "relatedAccountId": 16
            },
            {
                "id": 24,
                "amount": 0.01,
                "type": "TRANSFER_OUT",
                "timestamp": "Wed Oct 15 21:40:27 UTC 2025",
                "relatedAccountId": 16
            },
            {
                "id": 21,
                "amount": 300.0,
                "type": "DEPOSIT",
                "timestamp": "Wed Oct 15 21:40:24 UTC 2025",
                "relatedAccountId": 15
            },
            {
                "id": 22,
                "amount": 50.0,
                "type": "TRANSFER_OUT",
                "timestamp": "Wed Oct 15 21:40:25 UTC 2025",
                "relatedAccountId": 16
            }
        ]
    }
]
Request method:	GET
Request URI:	http://host.docker.internal:4111/api/v1/customer/accounts
Proxy:			<none>
Request params:	<none>
Query params:	<none>
Form params:	<none>
Path params:	<none>
Headers:		Accept=application/json, application/javascript, text/javascript, text/json
				Authorization=Basic bnIzS3NkU3paRXl2NzpWTFB2cWl0MjM0JiY=
				Content-Type=application/json
Cookies:		<none>
Multiparts:		<none>
Body:			<none>
HTTP/1.1 200 
Vary: Origin
Vary: Access-Control-Request-Method
Vary: Access-Control-Request-Headers
X-Content-Type-Options: nosniff
X-XSS-Protection: 0
Cache-Control: no-cache, no-store, max-age=0, must-revalidate
Pragma: no-cache
Expires: 0
X-Frame-Options: DENY
Content-Type: application/json
Transfer-Encoding: chunked
Date: Wed, 15 Oct 2025 21:40:33 GMT
Keep-Alive: timeout=60
Connection: keep-alive

[
    {
        "id": 16,
        "accountNumber": "ACC16",
        "balance": 40.01,
        "transactions": [
            {
                "id": 25,
                "amount": 0.01,
                "type": "TRANSFER_IN",
                "timestamp": "Wed Oct 15 21:40:27 UTC 2025",
                "relatedAccountId": 15
            },
            {
                "id": 23,
                "amount": 50.0,
                "type": "TRANSFER_IN",
                "timestamp": "Wed Oct 15 21:40:25 UTC 2025",
                "relatedAccountId": 15
            },
            {
                "id": 26,
                "amount": 10.0,
                "type": "TRANSFER_OUT",
                "timestamp": "Wed Oct 15 21:40:28 UTC 2025",
                "relatedAccountId": 15
            }
        ]
    }
]
Request method:	POST
Request URI:	http://host.docker.internal:4111/api/v1/accounts/transfer
Proxy:			<none>
Request params:	<none>
Query params:	<none>
Form params:	<none>
Path params:	<none>
Headers:		Accept=application/json, application/javascript, text/javascript, text/json
				Authorization=Basic NnBhRWtjT2t5azU6VElNZWFxbTY4MSQm
				Content-Type=application/json
Cookies:		<none>
Multiparts:		<none>
Body:
{
    "senderAccountId": 15,
    "receiverAccountId": 16,
    "amount": 0.0
}
HTTP/1.1 400 
Vary: Origin
Vary: Access-Control-Request-Method
Vary: Access-Control-Request-Headers
X-Content-Type-Options: nosniff
X-XSS-Protection: 0
Cache-Control: no-cache, no-store, max-age=0, must-revalidate
Pragma: no-cache
Expires: 0
X-Frame-Options: DENY
Content-Type: application/json
Content-Length: 37
Date: Wed, 15 Oct 2025 21:40:33 GMT
Connection: close

Transfer amount must be at least 0.01
]]></system-out>
  </testcase>
  <testcase name="userInvalidTransfer(String, String, int, int, double)[2]" classname="iteration2.api.TransferTest" time="0.684">
    <failure message="1 expectation failed.&#10;Response body doesn&apos;t match expectation.&#10;Expected: &quot;Invalid transfer: insufficient funds or invalid accounts&quot;&#10;  Actual: Transfer amount must be at least 0.01&#10;" type="java.lang.AssertionError"><![CDATA[java.lang.AssertionError: 
1 expectation failed.
Response body doesn't match expectation.
Expected: "Invalid transfer: insufficient funds or invalid accounts"
  Actual: Transfer amount must be at least 0.01

	at java.base/jdk.internal.reflect.DirectConstructorHandleAccessor.newInstance(DirectConstructorHandleAccessor.java:62)
	at java.base/java.lang.reflect.Constructor.newInstanceWithCaller(Constructor.java:502)
	at java.base/java.lang.reflect.Constructor.newInstance(Constructor.java:486)
	at org.codehaus.groovy.reflection.CachedConstructor.invoke(CachedConstructor.java:73)
	at org.codehaus.groovy.runtime.callsite.ConstructorSite$ConstructorSiteNoUnwrapNoCoerce.callConstructor(ConstructorSite.java:108)
	at org.codehaus.groovy.runtime.callsite.AbstractCallSite.callConstructor(AbstractCallSite.java:277)
	at io.restassured.internal.ResponseSpecificationImpl$HamcrestAssertionClosure.validate(ResponseSpecificationImpl.groovy:512)
	at io.restassured.internal.ResponseSpecificationImpl$HamcrestAssertionClosure$validate$1.call(Unknown Source)
	at io.restassured.internal.ResponseSpecificationImpl.validate(ResponseSpecificationImpl.groovy:101)
	at io.restassured.internal.ValidatableResponseOptionsImpl.spec(ValidatableResponseOptionsImpl.java:288)
	at api.requests.skelethon.reauests.CrudRequester.post(CrudRequester.java:30)
	at iteration2.api.TransferTest.userInvalidTransfer(TransferTest.java:129)
	at java.base/java.lang.reflect.Method.invoke(Method.java:580)
	at java.base/java.util.Optional.ifPresent(Optional.java:178)
	at java.base/java.util.stream.ForEachOps$ForEachOp$OfRef.accept(ForEachOps.java:184)
	at java.base/java.util.stream.ReferencePipeline$3$1.accept(ReferencePipeline.java:197)
	at java.base/java.util.stream.ForEachOps$ForEachOp$OfRef.accept(ForEachOps.java:184)
	at java.base/java.util.stream.ForEachOps$ForEachOp$OfRef.accept(ForEachOps.java:184)
	at java.base/java.util.stream.ReferencePipeline$3$1.accept(ReferencePipeline.java:197)
	at java.base/java.util.Spliterators$ArraySpliterator.forEachRemaining(Spliterators.java:1024)
	at java.base/java.util.stream.ReferencePipeline$Head.forEach(ReferencePipeline.java:762)
	at java.base/java.util.stream.ReferencePipeline$7$1.accept(ReferencePipeline.java:276)
	at java.base/java.util.stream.ReferencePipeline$3$1.accept(ReferencePipeline.java:197)
	at java.base/java.util.stream.ReferencePipeline$3$1.accept(ReferencePipeline.java:197)
	at java.base/java.util.stream.ReferencePipeline$3$1.accept(ReferencePipeline.java:197)
	at java.base/java.util.Spliterators$ArraySpliterator.forEachRemaining(Spliterators.java:1024)
	at java.base/java.util.stream.AbstractPipeline.copyInto(AbstractPipeline.java:509)
	at java.base/java.util.stream.AbstractPipeline.wrapAndCopyInto(AbstractPipeline.java:499)
	at java.base/java.util.stream.ForEachOps$ForEachOp.evaluateSequential(ForEachOps.java:151)
	at java.base/java.util.stream.ForEachOps$ForEachOp$OfRef.evaluateSequential(ForEachOps.java:174)
	at java.base/java.util.stream.AbstractPipeline.evaluate(AbstractPipeline.java:234)
	at java.base/java.util.stream.ReferencePipeline.forEach(ReferencePipeline.java:596)
	at java.base/java.util.stream.ReferencePipeline$7$1.accept(ReferencePipeline.java:276)
	at java.base/java.util.ArrayList$ArrayListSpliterator.forEachRemaining(ArrayList.java:1708)
	at java.base/java.util.stream.AbstractPipeline.copyInto(AbstractPipeline.java:509)
	at java.base/java.util.stream.AbstractPipeline.wrapAndCopyInto(AbstractPipeline.java:499)
	at java.base/java.util.stream.ForEachOps$ForEachOp.evaluateSequential(ForEachOps.java:151)
	at java.base/java.util.stream.ForEachOps$ForEachOp$OfRef.evaluateSequential(ForEachOps.java:174)
	at java.base/java.util.stream.AbstractPipeline.evaluate(AbstractPipeline.java:234)
	at java.base/java.util.stream.ReferencePipeline.forEach(ReferencePipeline.java:596)
	at java.base/java.util.stream.ReferencePipeline$7$1.accept(ReferencePipeline.java:276)
	at java.base/java.util.stream.ReferencePipeline$3$1.accept(ReferencePipeline.java:197)
	at java.base/java.util.stream.ReferencePipeline$3$1.accept(ReferencePipeline.java:197)
	at java.base/java.util.stream.ReferencePipeline$3$1.accept(ReferencePipeline.java:197)
	at java.base/java.util.ArrayList$ArrayListSpliterator.forEachRemaining(ArrayList.java:1708)
	at java.base/java.util.stream.AbstractPipeline.copyInto(AbstractPipeline.java:509)
	at java.base/java.util.stream.AbstractPipeline.wrapAndCopyInto(AbstractPipeline.java:499)
	at java.base/java.util.stream.ForEachOps$ForEachOp.evaluateSequential(ForEachOps.java:151)
	at java.base/java.util.stream.ForEachOps$ForEachOp$OfRef.evaluateSequential(ForEachOps.java:174)
	at java.base/java.util.stream.AbstractPipeline.evaluate(AbstractPipeline.java:234)
	at java.base/java.util.stream.ReferencePipeline.forEach(ReferencePipeline.java:596)
	at java.base/java.util.ArrayList.forEach(ArrayList.java:1596)
	at java.base/java.util.ArrayList.forEach(ArrayList.java:1596)
]]></failure>
    <system-out><![CDATA[Request method:	GET
Request URI:	http://host.docker.internal:4111/api/v1/customer/accounts
Proxy:			<none>
Request params:	<none>
Query params:	<none>
Form params:	<none>
Path params:	<none>
Headers:		Accept=application/json, application/javascript, text/javascript, text/json
				Authorization=Basic NnBhRWtjT2t5azU6VElNZWFxbTY4MSQm
				Content-Type=application/json
Cookies:		<none>
Multiparts:		<none>
Body:			<none>
HTTP/1.1 200 
Vary: Origin
Vary: Access-Control-Request-Method
Vary: Access-Control-Request-Headers
X-Content-Type-Options: nosniff
X-XSS-Protection: 0
Cache-Control: no-cache, no-store, max-age=0, must-revalidate
Pragma: no-cache
Expires: 0
X-Frame-Options: DENY
Content-Type: application/json
Transfer-Encoding: chunked
Date: Wed, 15 Oct 2025 21:40:33 GMT
Keep-Alive: timeout=60
Connection: keep-alive

[
    {
        "id": 15,
        "accountNumber": "ACC15",
        "balance": 259.99,
        "transactions": [
            {
                "id": 27,
                "amount": 10.0,
                "type": "TRANSFER_IN",
                "timestamp": "Wed Oct 15 21:40:28 UTC 2025",
                "relatedAccountId": 16
            },
            {
                "id": 24,
                "amount": 0.01,
                "type": "TRANSFER_OUT",
                "timestamp": "Wed Oct 15 21:40:27 UTC 2025",
                "relatedAccountId": 16
            },
            {
                "id": 21,
                "amount": 300.0,
                "type": "DEPOSIT",
                "timestamp": "Wed Oct 15 21:40:24 UTC 2025",
                "relatedAccountId": 15
            },
            {
                "id": 22,
                "amount": 50.0,
                "type": "TRANSFER_OUT",
                "timestamp": "Wed Oct 15 21:40:25 UTC 2025",
                "relatedAccountId": 16
            }
        ]
    }
]
Request method:	GET
Request URI:	http://host.docker.internal:4111/api/v1/customer/accounts
Proxy:			<none>
Request params:	<none>
Query params:	<none>
Form params:	<none>
Path params:	<none>
Headers:		Accept=application/json, application/javascript, text/javascript, text/json
				Authorization=Basic bnIzS3NkU3paRXl2NzpWTFB2cWl0MjM0JiY=
				Content-Type=application/json
Cookies:		<none>
Multiparts:		<none>
Body:			<none>
HTTP/1.1 200 
Vary: Origin
Vary: Access-Control-Request-Method
Vary: Access-Control-Request-Headers
X-Content-Type-Options: nosniff
X-XSS-Protection: 0
Cache-Control: no-cache, no-store, max-age=0, must-revalidate
Pragma: no-cache
Expires: 0
X-Frame-Options: DENY
Content-Type: application/json
Transfer-Encoding: chunked
Date: Wed, 15 Oct 2025 21:40:33 GMT
Keep-Alive: timeout=60
Connection: keep-alive

[
    {
        "id": 16,
        "accountNumber": "ACC16",
        "balance": 40.01,
        "transactions": [
            {
                "id": 25,
                "amount": 0.01,
                "type": "TRANSFER_IN",
                "timestamp": "Wed Oct 15 21:40:27 UTC 2025",
                "relatedAccountId": 15
            },
            {
                "id": 23,
                "amount": 50.0,
                "type": "TRANSFER_IN",
                "timestamp": "Wed Oct 15 21:40:25 UTC 2025",
                "relatedAccountId": 15
            },
            {
                "id": 26,
                "amount": 10.0,
                "type": "TRANSFER_OUT",
                "timestamp": "Wed Oct 15 21:40:28 UTC 2025",
                "relatedAccountId": 15
            }
        ]
    }
]
Request method:	POST
Request URI:	http://host.docker.internal:4111/api/v1/accounts/transfer
Proxy:			<none>
Request params:	<none>
Query params:	<none>
Form params:	<none>
Path params:	<none>
Headers:		Accept=application/json, application/javascript, text/javascript, text/json
				Authorization=Basic NnBhRWtjT2t5azU6VElNZWFxbTY4MSQm
				Content-Type=application/json
Cookies:		<none>
Multiparts:		<none>
Body:
{
    "senderAccountId": 15,
    "receiverAccountId": 16,
    "amount": -100.0
}
HTTP/1.1 400 
Vary: Origin
Vary: Access-Control-Request-Method
Vary: Access-Control-Request-Headers
X-Content-Type-Options: nosniff
X-XSS-Protection: 0
Cache-Control: no-cache, no-store, max-age=0, must-revalidate
Pragma: no-cache
Expires: 0
X-Frame-Options: DENY
Content-Type: application/json
Content-Length: 37
Date: Wed, 15 Oct 2025 21:40:33 GMT
Connection: close

Transfer amount must be at least 0.01
]]></system-out>
  </testcase>
</testsuite>