<?xml version="1.0" encoding="UTF-8"?>
<testsuite xmlns:xsi="http://www.w3.org/2001/XMLSchema-instance" xsi:noNamespaceSchemaLocation="https://maven.apache.org/surefire/maven-surefire-plugin/xsd/surefire-test-report-3.0.xsd" version="3.0" name="iteration2.api.DepositTest" time="6.203" tests="7" errors="0" skipped="0" failures="2">
  <properties>
[...]
</properties>
  <testcase name="userInvalidToken(String, int)[1]" classname="iteration2.api.DepositTest" time="0.645">
    <system-out><![CDATA[Request method:	POST
Request URI:	http://host.docker.internal:4111/api/v1/admin/users
Proxy:			<none>
Request params:	<none>
Query params:	<none>
Form params:	<none>
Path params:	<none>
Headers:		Accept=application/json, application/javascript, text/javascript, text/json
				Authorization=Basic YWRtaW46YWRtaW4=
				Content-Type=application/json
Cookies:		<none>
Multiparts:		<none>
Body:
{
    "username": "0z7",
    "password": "BCJokje674%%",
    "role": "USER"
}
HTTP/1.1 201 
Vary: Origin
Vary: Access-Control-Request-Method
Vary: Access-Control-Request-Headers
Authorization: Basic MHo3OkJDSm9ramU2NzQlJQ==
X-Content-Type-Options: nosniff
X-XSS-Protection: 0
Cache-Control: no-cache, no-store, max-age=0, must-revalidate
Pragma: no-cache
Expires: 0
X-Frame-Options: DENY
Content-Type: application/json
Transfer-Encoding: chunked
Date: Wed, 15 Oct 2025 21:40:34 GMT
Keep-Alive: timeout=60
Connection: keep-alive

{
    "id": 47,
    "username": "0z7",
    "password": "$2a$10$J.4Q3G6Ar41UgyhybWvYHO3045hiFMFrRdQH9ecpx36RYrTdsfn3u",
    "name": null,
    "role": "USER",
    "accounts": [
        
    ]
}
Request method:	POST
Request URI:	http://host.docker.internal:4111/api/v1/auth/login
Proxy:			<none>
Request params:	<none>
Query params:	<none>
Form params:	<none>
Path params:	<none>
Headers:		Accept=application/json, application/javascript, text/javascript, text/json
				Content-Type=application/json
Cookies:		<none>
Multiparts:		<none>
Body:
{
    "username": "0z7",
    "password": "BCJokje674%%"
}
HTTP/1.1 200 
Vary: Origin
Vary: Access-Control-Request-Method
Vary: Access-Control-Request-Headers
Authorization: Basic MHo3OkJDSm9ramU2NzQlJQ==
X-Content-Type-Options: nosniff
X-XSS-Protection: 0
Cache-Control: no-cache, no-store, max-age=0, must-revalidate
Pragma: no-cache
Expires: 0
X-Frame-Options: DENY
Content-Type: application/json
Transfer-Encoding: chunked
Date: Wed, 15 Oct 2025 21:40:34 GMT
Keep-Alive: timeout=60
Connection: keep-alive

{
    "role": "USER",
    "username": "0z7"
}
Request method:	POST
Request URI:	http://host.docker.internal:4111/api/v1/accounts
Proxy:			<none>
Request params:	<none>
Query params:	<none>
Form params:	<none>
Path params:	<none>
Headers:		Accept=application/json, application/javascript, text/javascript, text/json
				Authorization=Basic MHo3OkJDSm9ramU2NzQlJQ==
				Content-Type=application/json
Cookies:		<none>
Multiparts:		<none>
Body:
HTTP/1.1 201 
Vary: Origin
Vary: Access-Control-Request-Method
Vary: Access-Control-Request-Headers
X-Content-Type-Options: nosniff
X-XSS-Protection: 0
Cache-Control: no-cache, no-store, max-age=0, must-revalidate
Pragma: no-cache
Expires: 0
X-Frame-Options: DENY
Content-Type: application/json
Transfer-Encoding: chunked
Date: Wed, 15 Oct 2025 21:40:34 GMT
Keep-Alive: timeout=60
Connection: keep-alive

{
    "id": 17,
    "accountNumber": "ACC17",
    "balance": 0.0,
    "transactions": [
        
    ]
}
Request method:	POST
Request URI:	http://host.docker.internal:4111/api/v1/admin/users
Proxy:			<none>
Request params:	<none>
Query params:	<none>
Form params:	<none>
Path params:	<none>
Headers:		Accept=application/json, application/javascript, text/javascript, text/json
				Authorization=Basic YWRtaW46YWRtaW4=
				Content-Type=application/json
Cookies:		<none>
Multiparts:		<none>
Body:
{
    "username": "AJYq",
    "password": "GSKuacn298&%",
    "role": "USER"
}
HTTP/1.1 201 
Vary: Origin
Vary: Access-Control-Request-Method
Vary: Access-Control-Request-Headers
Authorization: Basic QUpZcTpHU0t1YWNuMjk4JiU=
X-Content-Type-Options: nosniff
X-XSS-Protection: 0
Cache-Control: no-cache, no-store, max-age=0, must-revalidate
Pragma: no-cache
Expires: 0
X-Frame-Options: DENY
Content-Type: application/json
Transfer-Encoding: chunked
Date: Wed, 15 Oct 2025 21:40:34 GMT
Keep-Alive: timeout=60
Connection: keep-alive

{
    "id": 48,
    "username": "AJYq",
    "password": "$2a$10$p91cm0f4ZZTvoI2PnCI1zuQCrGT/HUe/LHq0NzxqT.9p3QDQvcybK",
    "name": null,
    "role": "USER",
    "accounts": [
        
    ]
}
Request method:	POST
Request URI:	http://host.docker.internal:4111/api/v1/auth/login
Proxy:			<none>
Request params:	<none>
Query params:	<none>
Form params:	<none>
Path params:	<none>
Headers:		Accept=application/json, application/javascript, text/javascript, text/json
				Content-Type=application/json
Cookies:		<none>
Multiparts:		<none>
Body:
{
    "username": "AJYq",
    "password": "GSKuacn298&%"
}
HTTP/1.1 200 
Vary: Origin
Vary: Access-Control-Request-Method
Vary: Access-Control-Request-Headers
Authorization: Basic QUpZcTpHU0t1YWNuMjk4JiU=
X-Content-Type-Options: nosniff
X-XSS-Protection: 0
Cache-Control: no-cache, no-store, max-age=0, must-revalidate
Pragma: no-cache
Expires: 0
X-Frame-Options: DENY
Content-Type: application/json
Transfer-Encoding: chunked
Date: Wed, 15 Oct 2025 21:40:35 GMT
Keep-Alive: timeout=60
Connection: keep-alive

{
    "role": "USER",
    "username": "AJYq"
}
Request method:	POST
Request URI:	http://host.docker.internal:4111/api/v1/accounts
Proxy:			<none>
Request params:	<none>
Query params:	<none>
Form params:	<none>
Path params:	<none>
Headers:		Accept=application/json, application/javascript, text/javascript, text/json
				Authorization=Basic QUpZcTpHU0t1YWNuMjk4JiU=
				Content-Type=application/json
Cookies:		<none>
Multiparts:		<none>
Body:
HTTP/1.1 201 
Vary: Origin
Vary: Access-Control-Request-Method
Vary: Access-Control-Request-Headers
X-Content-Type-Options: nosniff
X-XSS-Protection: 0
Cache-Control: no-cache, no-store, max-age=0, must-revalidate
Pragma: no-cache
Expires: 0
X-Frame-Options: DENY
Content-Type: application/json
Transfer-Encoding: chunked
Date: Wed, 15 Oct 2025 21:40:35 GMT
Keep-Alive: timeout=60
Connection: keep-alive

{
    "id": 18,
    "accountNumber": "ACC18",
    "balance": 0.0,
    "transactions": [
        
    ]
}
Request method:	POST
Request URI:	http://host.docker.internal:4111/api/v1/admin/users
Proxy:			<none>
Request params:	<none>
Query params:	<none>
Form params:	<none>
Path params:	<none>
Headers:		Accept=application/json, application/javascript, text/javascript, text/json
				Authorization=Basic YWRtaW46YWRtaW4=
				Content-Type=application/json
Cookies:		<none>
Multiparts:		<none>
Body:
{
    "username": "GIC0ZHDvf1ZyDH",
    "password": "WJMmydb476&$",
    "role": "USER"
}
HTTP/1.1 201 
Vary: Origin
Vary: Access-Control-Request-Method
Vary: Access-Control-Request-Headers
Authorization: Basic R0lDMFpIRHZmMVp5REg6V0pNbXlkYjQ3NiYk
X-Content-Type-Options: nosniff
X-XSS-Protection: 0
Cache-Control: no-cache, no-store, max-age=0, must-revalidate
Pragma: no-cache
Expires: 0
X-Frame-Options: DENY
Content-Type: application/json
Transfer-Encoding: chunked
Date: Wed, 15 Oct 2025 21:40:35 GMT
Keep-Alive: timeout=60
Connection: keep-alive

{
    "id": 49,
    "username": "GIC0ZHDvf1ZyDH",
    "password": "$2a$10$45Bo0g.JDCGsKfzyeWPTwefuDVdkc3QkVWgBAk1zkcH.BqJ.OGTEe",
    "name": null,
    "role": "USER",
    "accounts": [
        
    ]
}
Request method:	POST
Request URI:	http://host.docker.internal:4111/api/v1/auth/login
Proxy:			<none>
Request params:	<none>
Query params:	<none>
Form params:	<none>
Path params:	<none>
Headers:		Accept=application/json, application/javascript, text/javascript, text/json
				Content-Type=application/json
Cookies:		<none>
Multiparts:		<none>
Body:
{
    "username": "GIC0ZHDvf1ZyDH",
    "password": "WJMmydb476&$"
}
HTTP/1.1 200 
Vary: Origin
Vary: Access-Control-Request-Method
Vary: Access-Control-Request-Headers
Authorization: Basic R0lDMFpIRHZmMVp5REg6V0pNbXlkYjQ3NiYk
X-Content-Type-Options: nosniff
X-XSS-Protection: 0
Cache-Control: no-cache, no-store, max-age=0, must-revalidate
Pragma: no-cache
Expires: 0
X-Frame-Options: DENY
Content-Type: application/json
Transfer-Encoding: chunked
Date: Wed, 15 Oct 2025 21:40:35 GMT
Keep-Alive: timeout=60
Connection: keep-alive

{
    "role": "USER",
    "username": "GIC0ZHDvf1ZyDH"
}
Request method:	GET
Request URI:	http://host.docker.internal:4111/api/v1/customer/profile
Proxy:			<none>
Request params:	<none>
Query params:	<none>
Form params:	<none>
Path params:	<none>
Headers:		Accept=application/json, application/javascript, text/javascript, text/json
				Authorization=Basic R0lDMFpIRHZmMVp5REg6V0pNbXlkYjQ3NiYk
				Content-Type=application/json
Cookies:		<none>
Multiparts:		<none>
Body:			<none>
HTTP/1.1 200 
Vary: Origin
Vary: Access-Control-Request-Method
Vary: Access-Control-Request-Headers
X-Content-Type-Options: nosniff
X-XSS-Protection: 0
Cache-Control: no-cache, no-store, max-age=0, must-revalidate
Pragma: no-cache
Expires: 0
X-Frame-Options: DENY
Content-Type: application/json
Transfer-Encoding: chunked
Date: Wed, 15 Oct 2025 21:40:36 GMT
Keep-Alive: timeout=60
Connection: keep-alive

{
    "id": 49,
    "username": "GIC0ZHDvf1ZyDH",
    "password": "$2a$10$45Bo0g.JDCGsKfzyeWPTwefuDVdkc3QkVWgBAk1zkcH.BqJ.OGTEe",
    "name": null,
    "role": "USER",
    "accounts": [
        
    ]
}
Request method:	GET
Request URI:	http://host.docker.internal:4111/api/v1/customer/accounts
Proxy:			<none>
Request params:	<none>
Query params:	<none>
Form params:	<none>
Path params:	<none>
Headers:		Accept=application/json, application/javascript, text/javascript, text/json
				Authorization=Basic MHo3OkJDSm9ramU2NzQlJQ==
				Content-Type=application/json
Cookies:		<none>
Multiparts:		<none>
Body:			<none>
HTTP/1.1 200 
Vary: Origin
Vary: Access-Control-Request-Method
Vary: Access-Control-Request-Headers
X-Content-Type-Options: nosniff
X-XSS-Protection: 0
Cache-Control: no-cache, no-store, max-age=0, must-revalidate
Pragma: no-cache
Expires: 0
X-Frame-Options: DENY
Content-Type: application/json
Transfer-Encoding: chunked
Date: Wed, 15 Oct 2025 21:40:36 GMT
Keep-Alive: timeout=60
Connection: keep-alive

[
    {
        "id": 17,
        "accountNumber": "ACC17",
        "balance": 0.0,
        "transactions": [
            
        ]
    }
]
Request method:	POST
Request URI:	http://host.docker.internal:4111/api/v1/accounts/deposit
Proxy:			<none>
Request params:	<none>
Query params:	<none>
Form params:	<none>
Path params:	<none>
Headers:		Accept=application/json, application/javascript, text/javascript, text/json
				Authorization=Basic YWRtaW46YWRtaW4=
				Content-Type=application/json
Cookies:		<none>
Multiparts:		<none>
Body:
{
    "id": 17,
    "balance": 50.0
}
HTTP/1.1 403 
Vary: Origin
Vary: Access-Control-Request-Method
Vary: Access-Control-Request-Headers
X-Content-Type-Options: nosniff
X-XSS-Protection: 0
Cache-Control: no-cache, no-store, max-age=0, must-revalidate
Pragma: no-cache
Expires: 0
X-Frame-Options: DENY
Content-Type: application/json
Transfer-Encoding: chunked
Date: Wed, 15 Oct 2025 21:40:36 GMT
Keep-Alive: timeout=60
Connection: keep-alive

{
    "timestamp": "2025-10-15T21:40:37.170+00:00",
    "status": 403,
    "error": "Forbidden",
    "path": "/api/v1/accounts/deposit"
}
Request method:	GET
Request URI:	http://host.docker.internal:4111/api/v1/customer/accounts
Proxy:			<none>
Request params:	<none>
Query params:	<none>
Form params:	<none>
Path params:	<none>
Headers:		Accept=application/json, application/javascript, text/javascript, text/json
				Authorization=Basic MHo3OkJDSm9ramU2NzQlJQ==
				Content-Type=application/json
Cookies:		<none>
Multiparts:		<none>
Body:			<none>
HTTP/1.1 200 
Vary: Origin
Vary: Access-Control-Request-Method
Vary: Access-Control-Request-Headers
X-Content-Type-Options: nosniff
X-XSS-Protection: 0
Cache-Control: no-cache, no-store, max-age=0, must-revalidate
Pragma: no-cache
Expires: 0
X-Frame-Options: DENY
Content-Type: application/json
Transfer-Encoding: chunked
Date: Wed, 15 Oct 2025 21:40:36 GMT
Keep-Alive: timeout=60
Connection: keep-alive

[
    {
        "id": 17,
        "accountNumber": "ACC17",
        "balance": 0.0,
        "transactions": [
            
        ]
    }
]
]]></system-out>
  </testcase>
  <testcase name="userInvalidToken(String, int)[2]" classname="iteration2.api.DepositTest" time="0.632">
    <system-out><![CDATA[Request method:	GET
Request URI:	http://host.docker.internal:4111/api/v1/customer/accounts
Proxy:			<none>
Request params:	<none>
Query params:	<none>
Form params:	<none>
Path params:	<none>
Headers:		Accept=application/json, application/javascript, text/javascript, text/json
				Authorization=Basic MHo3OkJDSm9ramU2NzQlJQ==
				Content-Type=application/json
Cookies:		<none>
Multiparts:		<none>
Body:			<none>
HTTP/1.1 200 
Vary: Origin
Vary: Access-Control-Request-Method
Vary: Access-Control-Request-Headers
X-Content-Type-Options: nosniff
X-XSS-Protection: 0
Cache-Control: no-cache, no-store, max-age=0, must-revalidate
Pragma: no-cache
Expires: 0
X-Frame-Options: DENY
Content-Type: application/json
Transfer-Encoding: chunked
Date: Wed, 15 Oct 2025 21:40:36 GMT
Keep-Alive: timeout=60
Connection: keep-alive

[
    {
        "id": 17,
        "accountNumber": "ACC17",
        "balance": 0.0,
        "transactions": [
            
        ]
    }
]
Request method:	POST
Request URI:	http://host.docker.internal:4111/api/v1/accounts/deposit
Proxy:			<none>
Request params:	<none>
Query params:	<none>
Form params:	<none>
Path params:	<none>
Headers:		Accept=application/json, application/javascript, text/javascript, text/json
				Authorization=Basic QUpZcTpHU0t1YWNuMjk4JiU=
				Content-Type=application/json
Cookies:		<none>
Multiparts:		<none>
Body:
{
    "id": 17,
    "balance": 50.0
}
HTTP/1.1 403 
Vary: Origin
Vary: Access-Control-Request-Method
Vary: Access-Control-Request-Headers
X-Content-Type-Options: nosniff
X-XSS-Protection: 0
Cache-Control: no-cache, no-store, max-age=0, must-revalidate
Pragma: no-cache
Expires: 0
X-Frame-Options: DENY
Content-Type: application/json
Content-Length: 30
Date: Wed, 15 Oct 2025 21:40:37 GMT
Keep-Alive: timeout=60
Connection: keep-alive

Unauthorized access to account
Request method:	GET
Request URI:	http://host.docker.internal:4111/api/v1/customer/accounts
Proxy:			<none>
Request params:	<none>
Query params:	<none>
Form params:	<none>
Path params:	<none>
Headers:		Accept=application/json, application/javascript, text/javascript, text/json
				Authorization=Basic MHo3OkJDSm9ramU2NzQlJQ==
				Content-Type=application/json
Cookies:		<none>
Multiparts:		<none>
Body:			<none>
HTTP/1.1 200 
Vary: Origin
Vary: Access-Control-Request-Method
Vary: Access-Control-Request-Headers
X-Content-Type-Options: nosniff
X-XSS-Protection: 0
Cache-Control: no-cache, no-store, max-age=0, must-revalidate
Pragma: no-cache
Expires: 0
X-Frame-Options: DENY
Content-Type: application/json
Transfer-Encoding: chunked
Date: Wed, 15 Oct 2025 21:40:37 GMT
Keep-Alive: timeout=60
Connection: keep-alive

[
    {
        "id": 17,
        "accountNumber": "ACC17",
        "balance": 0.0,
        "transactions": [
            
        ]
    }
]
]]></system-out>
  </testcase>
  <testcase name="userInvalidToken(String, int)[3]" classname="iteration2.api.DepositTest" time="0.648">
    <system-out><![CDATA[Request method:	GET
Request URI:	http://host.docker.internal:4111/api/v1/customer/accounts
Proxy:			<none>
Request params:	<none>
Query params:	<none>
Form params:	<none>
Path params:	<none>
Headers:		Accept=application/json, application/javascript, text/javascript, text/json
				Authorization=Basic MHo3OkJDSm9ramU2NzQlJQ==
				Content-Type=application/json
Cookies:		<none>
Multiparts:		<none>
Body:			<none>
HTTP/1.1 200 
Vary: Origin
Vary: Access-Control-Request-Method
Vary: Access-Control-Request-Headers
X-Content-Type-Options: nosniff
X-XSS-Protection: 0
Cache-Control: no-cache, no-store, max-age=0, must-revalidate
Pragma: no-cache
Expires: 0
X-Frame-Options: DENY
Content-Type: application/json
Transfer-Encoding: chunked
Date: Wed, 15 Oct 2025 21:40:37 GMT
Keep-Alive: timeout=60
Connection: keep-alive

[
    {
        "id": 17,
        "accountNumber": "ACC17",
        "balance": 0.0,
        "transactions": [
            
        ]
    }
]
Request method:	POST
Request URI:	http://host.docker.internal:4111/api/v1/accounts/deposit
Proxy:			<none>
Request params:	<none>
Query params:	<none>
Form params:	<none>
Path params:	<none>
Headers:		Accept=application/json, application/javascript, text/javascript, text/json
				Authorization=Basic R0lDMFpIRHZmMVp5REg6V0pNbXlkYjQ3NiYk
				Content-Type=application/json
Cookies:		<none>
Multiparts:		<none>
Body:
{
    "id": 17,
    "balance": 50.0
}
HTTP/1.1 403 
Vary: Origin
Vary: Access-Control-Request-Method
Vary: Access-Control-Request-Headers
X-Content-Type-Options: nosniff
X-XSS-Protection: 0
Cache-Control: no-cache, no-store, max-age=0, must-revalidate
Pragma: no-cache
Expires: 0
X-Frame-Options: DENY
Content-Type: application/json
Content-Length: 30
Date: Wed, 15 Oct 2025 21:40:37 GMT
Keep-Alive: timeout=60
Connection: keep-alive

Unauthorized access to account
Request method:	GET
Request URI:	http://host.docker.internal:4111/api/v1/customer/accounts
Proxy:			<none>
Request params:	<none>
Query params:	<none>
Form params:	<none>
Path params:	<none>
Headers:		Accept=application/json, application/javascript, text/javascript, text/json
				Authorization=Basic MHo3OkJDSm9ramU2NzQlJQ==
				Content-Type=application/json
Cookies:		<none>
Multiparts:		<none>
Body:			<none>
HTTP/1.1 200 
Vary: Origin
Vary: Access-Control-Request-Method
Vary: Access-Control-Request-Headers
X-Content-Type-Options: nosniff
X-XSS-Protection: 0
Cache-Control: no-cache, no-store, max-age=0, must-revalidate
Pragma: no-cache
Expires: 0
X-Frame-Options: DENY
Content-Type: application/json
Transfer-Encoding: chunked
Date: Wed, 15 Oct 2025 21:40:37 GMT
Keep-Alive: timeout=60
Connection: keep-alive

[
    {
        "id": 17,
        "accountNumber": "ACC17",
        "balance": 0.0,
        "transactions": [
            
        ]
    }
]
]]></system-out>
  </testcase>
  <testcase name="userCanNotDeposit(int, String)[1]" classname="iteration2.api.DepositTest" time="0.426">
    <failure message="1 expectation failed.&#10;Response body doesn&apos;t match expectation.&#10;Expected: &quot;Invalid account or amount&quot;&#10;  Actual: Deposit amount must be at least 0.01&#10;" type="java.lang.AssertionError"><![CDATA[java.lang.AssertionError: 
1 expectation failed.
Response body doesn't match expectation.
Expected: "Invalid account or amount"
  Actual: Deposit amount must be at least 0.01

	at java.base/jdk.internal.reflect.DirectConstructorHandleAccessor.newInstance(DirectConstructorHandleAccessor.java:62)
	at java.base/java.lang.reflect.Constructor.newInstanceWithCaller(Constructor.java:502)
	at java.base/java.lang.reflect.Constructor.newInstance(Constructor.java:486)
	at org.codehaus.groovy.reflection.CachedConstructor.invoke(CachedConstructor.java:73)
	at org.codehaus.groovy.runtime.callsite.ConstructorSite$ConstructorSiteNoUnwrapNoCoerce.callConstructor(ConstructorSite.java:108)
	at org.codehaus.groovy.runtime.callsite.AbstractCallSite.callConstructor(AbstractCallSite.java:277)
	at io.restassured.internal.ResponseSpecificationImpl$HamcrestAssertionClosure.validate(ResponseSpecificationImpl.groovy:512)
	at io.restassured.internal.ResponseSpecificationImpl$HamcrestAssertionClosure$validate$1.call(Unknown Source)
	at io.restassured.internal.ResponseSpecificationImpl.validate(ResponseSpecificationImpl.groovy:101)
	at io.restassured.internal.ValidatableResponseOptionsImpl.spec(ValidatableResponseOptionsImpl.java:288)
	at api.requests.skelethon.reauests.CrudRequester.post(CrudRequester.java:30)
	at iteration2.api.DepositTest.userCanNotDeposit(DepositTest.java:98)
	at java.base/java.lang.reflect.Method.invoke(Method.java:580)
	at java.base/java.util.Optional.ifPresent(Optional.java:178)
	at java.base/java.util.stream.ForEachOps$ForEachOp$OfRef.accept(ForEachOps.java:184)
	at java.base/java.util.stream.ReferencePipeline$3$1.accept(ReferencePipeline.java:197)
	at java.base/java.util.stream.ForEachOps$ForEachOp$OfRef.accept(ForEachOps.java:184)
	at java.base/java.util.stream.ForEachOps$ForEachOp$OfRef.accept(ForEachOps.java:184)
	at java.base/java.util.stream.ReferencePipeline$3$1.accept(ReferencePipeline.java:197)
	at java.base/java.util.Spliterators$ArraySpliterator.forEachRemaining(Spliterators.java:1024)
	at java.base/java.util.stream.ReferencePipeline$Head.forEach(ReferencePipeline.java:762)
	at java.base/java.util.stream.ReferencePipeline$7$1.accept(ReferencePipeline.java:276)
	at java.base/java.util.stream.ReferencePipeline$3$1.accept(ReferencePipeline.java:197)
	at java.base/java.util.stream.ReferencePipeline$3$1.accept(ReferencePipeline.java:197)
	at java.base/java.util.stream.ReferencePipeline$3$1.accept(ReferencePipeline.java:197)
	at java.base/java.util.Spliterators$ArraySpliterator.forEachRemaining(Spliterators.java:1024)
	at java.base/java.util.stream.AbstractPipeline.copyInto(AbstractPipeline.java:509)
	at java.base/java.util.stream.AbstractPipeline.wrapAndCopyInto(AbstractPipeline.java:499)
	at java.base/java.util.stream.ForEachOps$ForEachOp.evaluateSequential(ForEachOps.java:151)
	at java.base/java.util.stream.ForEachOps$ForEachOp$OfRef.evaluateSequential(ForEachOps.java:174)
	at java.base/java.util.stream.AbstractPipeline.evaluate(AbstractPipeline.java:234)
	at java.base/java.util.stream.ReferencePipeline.forEach(ReferencePipeline.java:596)
	at java.base/java.util.stream.ReferencePipeline$7$1.accept(ReferencePipeline.java:276)
	at java.base/java.util.ArrayList$ArrayListSpliterator.forEachRemaining(ArrayList.java:1708)
	at java.base/java.util.stream.AbstractPipeline.copyInto(AbstractPipeline.java:509)
	at java.base/java.util.stream.AbstractPipeline.wrapAndCopyInto(AbstractPipeline.java:499)
	at java.base/java.util.stream.ForEachOps$ForEachOp.evaluateSequential(ForEachOps.java:151)
	at java.base/java.util.stream.ForEachOps$ForEachOp$OfRef.evaluateSequential(ForEachOps.java:174)
	at java.base/java.util.stream.AbstractPipeline.evaluate(AbstractPipeline.java:234)
	at java.base/java.util.stream.ReferencePipeline.forEach(ReferencePipeline.java:596)
	at java.base/java.util.stream.ReferencePipeline$7$1.accept(ReferencePipeline.java:276)
	at java.base/java.util.stream.ReferencePipeline$3$1.accept(ReferencePipeline.java:197)
	at java.base/java.util.stream.ReferencePipeline$3$1.accept(ReferencePipeline.java:197)
	at java.base/java.util.stream.ReferencePipeline$3$1.accept(ReferencePipeline.java:197)
	at java.base/java.util.ArrayList$ArrayListSpliterator.forEachRemaining(ArrayList.java:1708)
	at java.base/java.util.stream.AbstractPipeline.copyInto(AbstractPipeline.java:509)
	at java.base/java.util.stream.AbstractPipeline.wrapAndCopyInto(AbstractPipeline.java:499)
	at java.base/java.util.stream.ForEachOps$ForEachOp.evaluateSequential(ForEachOps.java:151)
	at java.base/java.util.stream.ForEachOps$ForEachOp$OfRef.evaluateSequential(ForEachOps.java:174)
	at java.base/java.util.stream.AbstractPipeline.evaluate(AbstractPipeline.java:234)
	at java.base/java.util.stream.ReferencePipeline.forEach(ReferencePipeline.java:596)
	at java.base/java.util.ArrayList.forEach(ArrayList.java:1596)
	at java.base/java.util.ArrayList.forEach(ArrayList.java:1596)
]]></failure>
    <system-out><![CDATA[Request method:	GET
Request URI:	http://host.docker.internal:4111/api/v1/customer/accounts
Proxy:			<none>
Request params:	<none>
Query params:	<none>
Form params:	<none>
Path params:	<none>
Headers:		Accept=application/json, application/javascript, text/javascript, text/json
				Authorization=Basic MHo3OkJDSm9ramU2NzQlJQ==
				Content-Type=application/json
Cookies:		<none>
Multiparts:		<none>
Body:			<none>
HTTP/1.1 200 
Vary: Origin
Vary: Access-Control-Request-Method
Vary: Access-Control-Request-Headers
X-Content-Type-Options: nosniff
X-XSS-Protection: 0
Cache-Control: no-cache, no-store, max-age=0, must-revalidate
Pragma: no-cache
Expires: 0
X-Frame-Options: DENY
Content-Type: application/json
Transfer-Encoding: chunked
Date: Wed, 15 Oct 2025 21:40:38 GMT
Keep-Alive: timeout=60
Connection: keep-alive

[
    {
        "id": 17,
        "accountNumber": "ACC17",
        "balance": 0.0,
        "transactions": [
            
        ]
    }
]
Request method:	POST
Request URI:	http://host.docker.internal:4111/api/v1/accounts/deposit
Proxy:			<none>
Request params:	<none>
Query params:	<none>
Form params:	<none>
Path params:	<none>
Headers:		Accept=application/json, application/javascript, text/javascript, text/json
				Authorization=Basic MHo3OkJDSm9ramU2NzQlJQ==
				Content-Type=application/json
Cookies:		<none>
Multiparts:		<none>
Body:
{
    "id": 17,
    "balance": 0.0
}
HTTP/1.1 400 
Vary: Origin
Vary: Access-Control-Request-Method
Vary: Access-Control-Request-Headers
X-Content-Type-Options: nosniff
X-XSS-Protection: 0
Cache-Control: no-cache, no-store, max-age=0, must-revalidate
Pragma: no-cache
Expires: 0
X-Frame-Options: DENY
Content-Type: application/json
Content-Length: 36
Date: Wed, 15 Oct 2025 21:40:38 GMT
Connection: close

Deposit amount must be at least 0.01
]]></system-out>
  </testcase>
  <testcase name="userCanNotDeposit(int, String)[2]" classname="iteration2.api.DepositTest" time="0.423">
    <failure message="1 expectation failed.&#10;Response body doesn&apos;t match expectation.&#10;Expected: &quot;Invalid account or amount&quot;&#10;  Actual: Deposit amount must be at least 0.01&#10;" type="java.lang.AssertionError"><![CDATA[java.lang.AssertionError: 
1 expectation failed.
Response body doesn't match expectation.
Expected: "Invalid account or amount"
  Actual: Deposit amount must be at least 0.01

	at java.base/jdk.internal.reflect.DirectConstructorHandleAccessor.newInstance(DirectConstructorHandleAccessor.java:62)
	at java.base/java.lang.reflect.Constructor.newInstanceWithCaller(Constructor.java:502)
	at java.base/java.lang.reflect.Constructor.newInstance(Constructor.java:486)
	at org.codehaus.groovy.reflection.CachedConstructor.invoke(CachedConstructor.java:73)
	at org.codehaus.groovy.runtime.callsite.ConstructorSite$ConstructorSiteNoUnwrapNoCoerce.callConstructor(ConstructorSite.java:108)
	at org.codehaus.groovy.runtime.callsite.AbstractCallSite.callConstructor(AbstractCallSite.java:277)
	at io.restassured.internal.ResponseSpecificationImpl$HamcrestAssertionClosure.validate(ResponseSpecificationImpl.groovy:512)
	at io.restassured.internal.ResponseSpecificationImpl$HamcrestAssertionClosure$validate$1.call(Unknown Source)
	at io.restassured.internal.ResponseSpecificationImpl.validate(ResponseSpecificationImpl.groovy:101)
	at io.restassured.internal.ValidatableResponseOptionsImpl.spec(ValidatableResponseOptionsImpl.java:288)
	at api.requests.skelethon.reauests.CrudRequester.post(CrudRequester.java:30)
	at iteration2.api.DepositTest.userCanNotDeposit(DepositTest.java:98)
	at java.base/java.lang.reflect.Method.invoke(Method.java:580)
	at java.base/java.util.Optional.ifPresent(Optional.java:178)
	at java.base/java.util.stream.ForEachOps$ForEachOp$OfRef.accept(ForEachOps.java:184)
	at java.base/java.util.stream.ReferencePipeline$3$1.accept(ReferencePipeline.java:197)
	at java.base/java.util.stream.ForEachOps$ForEachOp$OfRef.accept(ForEachOps.java:184)
	at java.base/java.util.stream.ForEachOps$ForEachOp$OfRef.accept(ForEachOps.java:184)
	at java.base/java.util.stream.ReferencePipeline$3$1.accept(ReferencePipeline.java:197)
	at java.base/java.util.Spliterators$ArraySpliterator.forEachRemaining(Spliterators.java:1024)
	at java.base/java.util.stream.ReferencePipeline$Head.forEach(ReferencePipeline.java:762)
	at java.base/java.util.stream.ReferencePipeline$7$1.accept(ReferencePipeline.java:276)
	at java.base/java.util.stream.ReferencePipeline$3$1.accept(ReferencePipeline.java:197)
	at java.base/java.util.stream.ReferencePipeline$3$1.accept(ReferencePipeline.java:197)
	at java.base/java.util.stream.ReferencePipeline$3$1.accept(ReferencePipeline.java:197)
	at java.base/java.util.Spliterators$ArraySpliterator.forEachRemaining(Spliterators.java:1024)
	at java.base/java.util.stream.AbstractPipeline.copyInto(AbstractPipeline.java:509)
	at java.base/java.util.stream.AbstractPipeline.wrapAndCopyInto(AbstractPipeline.java:499)
	at java.base/java.util.stream.ForEachOps$ForEachOp.evaluateSequential(ForEachOps.java:151)
	at java.base/java.util.stream.ForEachOps$ForEachOp$OfRef.evaluateSequential(ForEachOps.java:174)
	at java.base/java.util.stream.AbstractPipeline.evaluate(AbstractPipeline.java:234)
	at java.base/java.util.stream.ReferencePipeline.forEach(ReferencePipeline.java:596)
	at java.base/java.util.stream.ReferencePipeline$7$1.accept(ReferencePipeline.java:276)
	at java.base/java.util.ArrayList$ArrayListSpliterator.forEachRemaining(ArrayList.java:1708)
	at java.base/java.util.stream.AbstractPipeline.copyInto(AbstractPipeline.java:509)
	at java.base/java.util.stream.AbstractPipeline.wrapAndCopyInto(AbstractPipeline.java:499)
	at java.base/java.util.stream.ForEachOps$ForEachOp.evaluateSequential(ForEachOps.java:151)
	at java.base/java.util.stream.ForEachOps$ForEachOp$OfRef.evaluateSequential(ForEachOps.java:174)
	at java.base/java.util.stream.AbstractPipeline.evaluate(AbstractPipeline.java:234)
	at java.base/java.util.stream.ReferencePipeline.forEach(ReferencePipeline.java:596)
	at java.base/java.util.stream.ReferencePipeline$7$1.accept(ReferencePipeline.java:276)
	at java.base/java.util.stream.ReferencePipeline$3$1.accept(ReferencePipeline.java:197)
	at java.base/java.util.stream.ReferencePipeline$3$1.accept(ReferencePipeline.java:197)
	at java.base/java.util.stream.ReferencePipeline$3$1.accept(ReferencePipeline.java:197)
	at java.base/java.util.ArrayList$ArrayListSpliterator.forEachRemaining(ArrayList.java:1708)
	at java.base/java.util.stream.AbstractPipeline.copyInto(AbstractPipeline.java:509)
	at java.base/java.util.stream.AbstractPipeline.wrapAndCopyInto(AbstractPipeline.java:499)
	at java.base/java.util.stream.ForEachOps$ForEachOp.evaluateSequential(ForEachOps.java:151)
	at java.base/java.util.stream.ForEachOps$ForEachOp$OfRef.evaluateSequential(ForEachOps.java:174)
	at java.base/java.util.stream.AbstractPipeline.evaluate(AbstractPipeline.java:234)
	at java.base/java.util.stream.ReferencePipeline.forEach(ReferencePipeline.java:596)
	at java.base/java.util.ArrayList.forEach(ArrayList.java:1596)
	at java.base/java.util.ArrayList.forEach(ArrayList.java:1596)
]]></failure>
    <system-out><![CDATA[Request method:	GET
Request URI:	http://host.docker.internal:4111/api/v1/customer/accounts
Proxy:			<none>
Request params:	<none>
Query params:	<none>
Form params:	<none>
Path params:	<none>
Headers:		Accept=application/json, application/javascript, text/javascript, text/json
				Authorization=Basic MHo3OkJDSm9ramU2NzQlJQ==
				Content-Type=application/json
Cookies:		<none>
Multiparts:		<none>
Body:			<none>
HTTP/1.1 200 
Vary: Origin
Vary: Access-Control-Request-Method
Vary: Access-Control-Request-Headers
X-Content-Type-Options: nosniff
X-XSS-Protection: 0
Cache-Control: no-cache, no-store, max-age=0, must-revalidate
Pragma: no-cache
Expires: 0
X-Frame-Options: DENY
Content-Type: application/json
Transfer-Encoding: chunked
Date: Wed, 15 Oct 2025 21:40:38 GMT
Keep-Alive: timeout=60
Connection: keep-alive

[
    {
        "id": 17,
        "accountNumber": "ACC17",
        "balance": 0.0,
        "transactions": [
            
        ]
    }
]
Request method:	POST
Request URI:	http://host.docker.internal:4111/api/v1/accounts/deposit
Proxy:			<none>
Request params:	<none>
Query params:	<none>
Form params:	<none>
Path params:	<none>
Headers:		Accept=application/json, application/javascript, text/javascript, text/json
				Authorization=Basic MHo3OkJDSm9ramU2NzQlJQ==
				Content-Type=application/json
Cookies:		<none>
Multiparts:		<none>
Body:
{
    "id": 17,
    "balance": -100.0
}
HTTP/1.1 400 
Vary: Origin
Vary: Access-Control-Request-Method
Vary: Access-Control-Request-Headers
X-Content-Type-Options: nosniff
X-XSS-Protection: 0
Cache-Control: no-cache, no-store, max-age=0, must-revalidate
Pragma: no-cache
Expires: 0
X-Frame-Options: DENY
Content-Type: application/json
Content-Length: 36
Date: Wed, 15 Oct 2025 21:40:38 GMT
Connection: close

Deposit amount must be at least 0.01
]]></system-out>
  </testcase>
  <testcase name="userCanDepositMoney(double)[1]" classname="iteration2.api.DepositTest" time="0.435">
    <system-out><![CDATA[Request method:	POST
Request URI:	http://host.docker.internal:4111/api/v1/accounts/deposit
Proxy:			<none>
Request params:	<none>
Query params:	<none>
Form params:	<none>
Path params:	<none>
Headers:		Accept=application/json, application/javascript, text/javascript, text/json
				Authorization=Basic MHo3OkJDSm9ramU2NzQlJQ==
				Content-Type=application/json
Cookies:		<none>
Multiparts:		<none>
Body:
{
    "id": 17,
    "balance": 50.0
}
HTTP/1.1 200 
Vary: Origin
Vary: Access-Control-Request-Method
Vary: Access-Control-Request-Headers
X-Content-Type-Options: nosniff
X-XSS-Protection: 0
Cache-Control: no-cache, no-store, max-age=0, must-revalidate
Pragma: no-cache
Expires: 0
X-Frame-Options: DENY
Content-Type: application/json
Transfer-Encoding: chunked
Date: Wed, 15 Oct 2025 21:40:38 GMT
Keep-Alive: timeout=60
Connection: keep-alive

{
    "id": 17,
    "accountNumber": "ACC17",
    "balance": 50.0,
    "transactions": [
        {
            "id": 28,
            "amount": 50.0,
            "type": "DEPOSIT",
            "timestamp": "Wed Oct 15 21:40:39 UTC 2025",
            "relatedAccountId": 17
        }
    ]
}
Request method:	GET
Request URI:	http://host.docker.internal:4111/api/v1/customer/accounts
Proxy:			<none>
Request params:	<none>
Query params:	<none>
Form params:	<none>
Path params:	<none>
Headers:		Accept=application/json, application/javascript, text/javascript, text/json
				Authorization=Basic MHo3OkJDSm9ramU2NzQlJQ==
				Content-Type=application/json
Cookies:		<none>
Multiparts:		<none>
Body:			<none>
HTTP/1.1 200 
Vary: Origin
Vary: Access-Control-Request-Method
Vary: Access-Control-Request-Headers
X-Content-Type-Options: nosniff
X-XSS-Protection: 0
Cache-Control: no-cache, no-store, max-age=0, must-revalidate
Pragma: no-cache
Expires: 0
X-Frame-Options: DENY
Content-Type: application/json
Transfer-Encoding: chunked
Date: Wed, 15 Oct 2025 21:40:39 GMT
Keep-Alive: timeout=60
Connection: keep-alive

[
    {
        "id": 17,
        "accountNumber": "ACC17",
        "balance": 50.0,
        "transactions": [
            {
                "id": 28,
                "amount": 50.0,
                "type": "DEPOSIT",
                "timestamp": "Wed Oct 15 21:40:39 UTC 2025",
                "relatedAccountId": 17
            }
        ]
    }
]
]]></system-out>
  </testcase>
  <testcase name="userCanDepositMoney(double)[2]" classname="iteration2.api.DepositTest" time="0.43">
    <system-out><![CDATA[Request method:	POST
Request URI:	http://host.docker.internal:4111/api/v1/accounts/deposit
Proxy:			<none>
Request params:	<none>
Query params:	<none>
Form params:	<none>
Path params:	<none>
Headers:		Accept=application/json, application/javascript, text/javascript, text/json
				Authorization=Basic MHo3OkJDSm9ramU2NzQlJQ==
				Content-Type=application/json
Cookies:		<none>
Multiparts:		<none>
Body:
{
    "id": 17,
    "balance": 0.01
}
HTTP/1.1 200 
Vary: Origin
Vary: Access-Control-Request-Method
Vary: Access-Control-Request-Headers
X-Content-Type-Options: nosniff
X-XSS-Protection: 0
Cache-Control: no-cache, no-store, max-age=0, must-revalidate
Pragma: no-cache
Expires: 0
X-Frame-Options: DENY
Content-Type: application/json
Transfer-Encoding: chunked
Date: Wed, 15 Oct 2025 21:40:39 GMT
Keep-Alive: timeout=60
Connection: keep-alive

{
    "id": 17,
    "accountNumber": "ACC17",
    "balance": 50.01,
    "transactions": [
        {
            "id": 29,
            "amount": 0.01,
            "type": "DEPOSIT",
            "timestamp": "Wed Oct 15 21:40:40 UTC 2025",
            "relatedAccountId": 17
        },
        {
            "id": 28,
            "amount": 50.0,
            "type": "DEPOSIT",
            "timestamp": "Wed Oct 15 21:40:39 UTC 2025",
            "relatedAccountId": 17
        }
    ]
}
Request method:	GET
Request URI:	http://host.docker.internal:4111/api/v1/customer/accounts
Proxy:			<none>
Request params:	<none>
Query params:	<none>
Form params:	<none>
Path params:	<none>
Headers:		Accept=application/json, application/javascript, text/javascript, text/json
				Authorization=Basic MHo3OkJDSm9ramU2NzQlJQ==
				Content-Type=application/json
Cookies:		<none>
Multiparts:		<none>
Body:			<none>
HTTP/1.1 200 
Vary: Origin
Vary: Access-Control-Request-Method
Vary: Access-Control-Request-Headers
X-Content-Type-Options: nosniff
X-XSS-Protection: 0
Cache-Control: no-cache, no-store, max-age=0, must-revalidate
Pragma: no-cache
Expires: 0
X-Frame-Options: DENY
Content-Type: application/json
Transfer-Encoding: chunked
Date: Wed, 15 Oct 2025 21:40:39 GMT
Keep-Alive: timeout=60
Connection: keep-alive

[
    {
        "id": 17,
        "accountNumber": "ACC17",
        "balance": 50.01,
        "transactions": [
            {
                "id": 29,
                "amount": 0.01,
                "type": "DEPOSIT",
                "timestamp": "Wed Oct 15 21:40:40 UTC 2025",
                "relatedAccountId": 17
            },
            {
                "id": 28,
                "amount": 50.0,
                "type": "DEPOSIT",
                "timestamp": "Wed Oct 15 21:40:39 UTC 2025",
                "relatedAccountId": 17
            }
        ]
    }
]
]]></system-out>
  </testcase>
</testsuite>