<?xml version="1.0" encoding="UTF-8"?>
<testsuite xmlns:xsi="http://www.w3.org/2001/XMLSchema-instance" xsi:noNamespaceSchemaLocation="https://maven.apache.org/surefire/maven-surefire-plugin/xsd/surefire-test-report-3.0.xsd" version="3.0" name="iteration2.api.TransferTest" time="15.908" tests="9" errors="0" skipped="0" failures="0">
  <properties>
[...]
</properties>
  <testcase name="userCanTransfer(String, String, int, int, double)[1]" classname="iteration2.api.TransferTest" time="2.016">
    <system-out><![CDATA[Request method:	POST
Request URI:	http://host.docker.internal:4111/api/v1/admin/users
Proxy:			<none>
Request params:	<none>
Query params:	<none>
Form params:	<none>
Path params:	<none>
Headers:		Accept=application/json, application/javascript, text/javascript, text/json
				Authorization=Basic YWRtaW46YWRtaW4=
				Content-Type=application/json
Cookies:		<none>
Multiparts:		<none>
Body:
{
    "username": "KETTpk",
    "password": "UTTaibr395$$",
    "role": "USER"
}
HTTP/1.1 201 
Vary: Origin
Vary: Access-Control-Request-Method
Vary: Access-Control-Request-Headers
Authorization: Basic S0VUVHBrOlVUVGFpYnIzOTUkJA==
X-Content-Type-Options: nosniff
X-XSS-Protection: 0
Cache-Control: no-cache, no-store, max-age=0, must-revalidate
Pragma: no-cache
Expires: 0
X-Frame-Options: DENY
Content-Type: application/json
Transfer-Encoding: chunked
Date: Wed, 08 Oct 2025 19:56:46 GMT
Keep-Alive: timeout=60
Connection: keep-alive

{
    "id": 102,
    "username": "KETTpk",
    "password": "$2a$10$dVnqw.ASjQvrzfpqbCei4O/nEMy/Ef/hZps7tM7.Cmlnd0VsFSz7i",
    "name": null,
    "role": "USER",
    "accounts": [
        
    ]
}
Request method:	POST
Request URI:	http://host.docker.internal:4111/api/v1/auth/login
Proxy:			<none>
Request params:	<none>
Query params:	<none>
Form params:	<none>
Path params:	<none>
Headers:		Accept=application/json, application/javascript, text/javascript, text/json
				Content-Type=application/json
Cookies:		<none>
Multiparts:		<none>
Body:
{
    "username": "KETTpk",
    "password": "UTTaibr395$$"
}
HTTP/1.1 200 
Vary: Origin
Vary: Access-Control-Request-Method
Vary: Access-Control-Request-Headers
Authorization: Basic S0VUVHBrOlVUVGFpYnIzOTUkJA==
X-Content-Type-Options: nosniff
X-XSS-Protection: 0
Cache-Control: no-cache, no-store, max-age=0, must-revalidate
Pragma: no-cache
Expires: 0
X-Frame-Options: DENY
Content-Type: application/json
Transfer-Encoding: chunked
Date: Wed, 08 Oct 2025 19:56:46 GMT
Keep-Alive: timeout=60
Connection: keep-alive

{
    "username": "KETTpk",
    "role": "USER"
}
Request method:	POST
Request URI:	http://host.docker.internal:4111/api/v1/accounts
Proxy:			<none>
Request params:	<none>
Query params:	<none>
Form params:	<none>
Path params:	<none>
Headers:		Accept=application/json, application/javascript, text/javascript, text/json
				Authorization=Basic S0VUVHBrOlVUVGFpYnIzOTUkJA==
				Content-Type=application/json
Cookies:		<none>
Multiparts:		<none>
Body:
HTTP/1.1 201 
Vary: Origin
Vary: Access-Control-Request-Method
Vary: Access-Control-Request-Headers
X-Content-Type-Options: nosniff
X-XSS-Protection: 0
Cache-Control: no-cache, no-store, max-age=0, must-revalidate
Pragma: no-cache
Expires: 0
X-Frame-Options: DENY
Content-Type: application/json
Transfer-Encoding: chunked
Date: Wed, 08 Oct 2025 19:56:46 GMT
Keep-Alive: timeout=60
Connection: keep-alive

{
    "id": 47,
    "accountNumber": "ACC47",
    "balance": 0.0,
    "transactions": [
        
    ]
}
Request method:	POST
Request URI:	http://host.docker.internal:4111/api/v1/admin/users
Proxy:			<none>
Request params:	<none>
Query params:	<none>
Form params:	<none>
Path params:	<none>
Headers:		Accept=application/json, application/javascript, text/javascript, text/json
				Authorization=Basic YWRtaW46YWRtaW4=
				Content-Type=application/json
Cookies:		<none>
Multiparts:		<none>
Body:
{
    "username": "RJs",
    "password": "GAGafoh055%$",
    "role": "USER"
}
HTTP/1.1 201 
Vary: Origin
Vary: Access-Control-Request-Method
Vary: Access-Control-Request-Headers
Authorization: Basic UkpzOkdBR2Fmb2gwNTUlJA==
X-Content-Type-Options: nosniff
X-XSS-Protection: 0
Cache-Control: no-cache, no-store, max-age=0, must-revalidate
Pragma: no-cache
Expires: 0
X-Frame-Options: DENY
Content-Type: application/json
Transfer-Encoding: chunked
Date: Wed, 08 Oct 2025 19:56:47 GMT
Keep-Alive: timeout=60
Connection: keep-alive

{
    "id": 103,
    "username": "RJs",
    "password": "$2a$10$iHN/TvSqHgETm9QiGOtmmOMZA4w4F2wLhTcJe1ThdjZbLP60.MnE2",
    "name": null,
    "role": "USER",
    "accounts": [
        
    ]
}
Request method:	POST
Request URI:	http://host.docker.internal:4111/api/v1/auth/login
Proxy:			<none>
Request params:	<none>
Query params:	<none>
Form params:	<none>
Path params:	<none>
Headers:		Accept=application/json, application/javascript, text/javascript, text/json
				Content-Type=application/json
Cookies:		<none>
Multiparts:		<none>
Body:
{
    "username": "RJs",
    "password": "GAGafoh055%$"
}
HTTP/1.1 200 
Vary: Origin
Vary: Access-Control-Request-Method
Vary: Access-Control-Request-Headers
Authorization: Basic UkpzOkdBR2Fmb2gwNTUlJA==
X-Content-Type-Options: nosniff
X-XSS-Protection: 0
Cache-Control: no-cache, no-store, max-age=0, must-revalidate
Pragma: no-cache
Expires: 0
X-Frame-Options: DENY
Content-Type: application/json
Transfer-Encoding: chunked
Date: Wed, 08 Oct 2025 19:56:47 GMT
Keep-Alive: timeout=60
Connection: keep-alive

{
    "username": "RJs",
    "role": "USER"
}
Request method:	POST
Request URI:	http://host.docker.internal:4111/api/v1/accounts
Proxy:			<none>
Request params:	<none>
Query params:	<none>
Form params:	<none>
Path params:	<none>
Headers:		Accept=application/json, application/javascript, text/javascript, text/json
				Authorization=Basic UkpzOkdBR2Fmb2gwNTUlJA==
				Content-Type=application/json
Cookies:		<none>
Multiparts:		<none>
Body:
HTTP/1.1 201 
Vary: Origin
Vary: Access-Control-Request-Method
Vary: Access-Control-Request-Headers
X-Content-Type-Options: nosniff
X-XSS-Protection: 0
Cache-Control: no-cache, no-store, max-age=0, must-revalidate
Pragma: no-cache
Expires: 0
X-Frame-Options: DENY
Content-Type: application/json
Transfer-Encoding: chunked
Date: Wed, 08 Oct 2025 19:56:47 GMT
Keep-Alive: timeout=60
Connection: keep-alive

{
    "id": 48,
    "accountNumber": "ACC48",
    "balance": 0.0,
    "transactions": [
        
    ]
}
Request method:	POST
Request URI:	http://host.docker.internal:4111/api/v1/admin/users
Proxy:			<none>
Request params:	<none>
Query params:	<none>
Form params:	<none>
Path params:	<none>
Headers:		Accept=application/json, application/javascript, text/javascript, text/json
				Authorization=Basic YWRtaW46YWRtaW4=
				Content-Type=application/json
Cookies:		<none>
Multiparts:		<none>
Body:
{
    "username": "ZxZD4NOrvXwww",
    "password": "CDFjhrj815%$",
    "role": "USER"
}
HTTP/1.1 201 
Vary: Origin
Vary: Access-Control-Request-Method
Vary: Access-Control-Request-Headers
Authorization: Basic WnhaRDROT3J2WHd3dzpDREZqaHJqODE1JSQ=
X-Content-Type-Options: nosniff
X-XSS-Protection: 0
Cache-Control: no-cache, no-store, max-age=0, must-revalidate
Pragma: no-cache
Expires: 0
X-Frame-Options: DENY
Content-Type: application/json
Transfer-Encoding: chunked
Date: Wed, 08 Oct 2025 19:56:49 GMT
Keep-Alive: timeout=60
Connection: keep-alive

{
    "id": 104,
    "username": "ZxZD4NOrvXwww",
    "password": "$2a$10$hdJ/hj.ElTxGIaHZ2Ag0duSHUjPL4PGTUwHmZ16HGG/1cb2xLZnpy",
    "name": null,
    "role": "USER",
    "accounts": [
        
    ]
}
Request method:	POST
Request URI:	http://host.docker.internal:4111/api/v1/auth/login
Proxy:			<none>
Request params:	<none>
Query params:	<none>
Form params:	<none>
Path params:	<none>
Headers:		Accept=application/json, application/javascript, text/javascript, text/json
				Content-Type=application/json
Cookies:		<none>
Multiparts:		<none>
Body:
{
    "username": "ZxZD4NOrvXwww",
    "password": "CDFjhrj815%$"
}
HTTP/1.1 200 
Vary: Origin
Vary: Access-Control-Request-Method
Vary: Access-Control-Request-Headers
Authorization: Basic WnhaRDROT3J2WHd3dzpDREZqaHJqODE1JSQ=
X-Content-Type-Options: nosniff
X-XSS-Protection: 0
Cache-Control: no-cache, no-store, max-age=0, must-revalidate
Pragma: no-cache
Expires: 0
X-Frame-Options: DENY
Content-Type: application/json
Transfer-Encoding: chunked
Date: Wed, 08 Oct 2025 19:56:49 GMT
Keep-Alive: timeout=60
Connection: keep-alive

{
    "username": "ZxZD4NOrvXwww",
    "role": "USER"
}
Request method:	GET
Request URI:	http://host.docker.internal:4111/api/v1/customer/profile
Proxy:			<none>
Request params:	<none>
Query params:	<none>
Form params:	<none>
Path params:	<none>
Headers:		Accept=application/json, application/javascript, text/javascript, text/json
				Authorization=Basic WnhaRDROT3J2WHd3dzpDREZqaHJqODE1JSQ=
				Content-Type=application/json
Cookies:		<none>
Multiparts:		<none>
Body:			<none>
HTTP/1.1 200 
Vary: Origin
Vary: Access-Control-Request-Method
Vary: Access-Control-Request-Headers
X-Content-Type-Options: nosniff
X-XSS-Protection: 0
Cache-Control: no-cache, no-store, max-age=0, must-revalidate
Pragma: no-cache
Expires: 0
X-Frame-Options: DENY
Content-Type: application/json
Transfer-Encoding: chunked
Date: Wed, 08 Oct 2025 19:56:49 GMT
Keep-Alive: timeout=60
Connection: keep-alive

{
    "id": 104,
    "username": "ZxZD4NOrvXwww",
    "password": "$2a$10$hdJ/hj.ElTxGIaHZ2Ag0duSHUjPL4PGTUwHmZ16HGG/1cb2xLZnpy",
    "name": null,
    "role": "USER",
    "accounts": [
        
    ]
}
Request method:	GET
Request URI:	http://host.docker.internal:4111/api/v1/customer/accounts
Proxy:			<none>
Request params:	<none>
Query params:	<none>
Form params:	<none>
Path params:	<none>
Headers:		Accept=application/json, application/javascript, text/javascript, text/json
				Authorization=Basic S0VUVHBrOlVUVGFpYnIzOTUkJA==
				Content-Type=application/json
Cookies:		<none>
Multiparts:		<none>
Body:			<none>
HTTP/1.1 200 
Vary: Origin
Vary: Access-Control-Request-Method
Vary: Access-Control-Request-Headers
X-Content-Type-Options: nosniff
X-XSS-Protection: 0
Cache-Control: no-cache, no-store, max-age=0, must-revalidate
Pragma: no-cache
Expires: 0
X-Frame-Options: DENY
Content-Type: application/json
Transfer-Encoding: chunked
Date: Wed, 08 Oct 2025 19:56:49 GMT
Keep-Alive: timeout=60
Connection: keep-alive

[
    {
        "id": 47,
        "accountNumber": "ACC47",
        "balance": 0.0,
        "transactions": [
            
        ]
    }
]
Request method:	POST
Request URI:	http://host.docker.internal:4111/api/v1/accounts/deposit
Proxy:			<none>
Request params:	<none>
Query params:	<none>
Form params:	<none>
Path params:	<none>
Headers:		Accept=application/json, application/javascript, text/javascript, text/json
				Authorization=Basic S0VUVHBrOlVUVGFpYnIzOTUkJA==
				Content-Type=application/json
Cookies:		<none>
Multiparts:		<none>
Body:
{
    "id": 47,
    "balance": 300.0
}
HTTP/1.1 200 
Vary: Origin
Vary: Access-Control-Request-Method
Vary: Access-Control-Request-Headers
X-Content-Type-Options: nosniff
X-XSS-Protection: 0
Cache-Control: no-cache, no-store, max-age=0, must-revalidate
Pragma: no-cache
Expires: 0
X-Frame-Options: DENY
Content-Type: application/json
Transfer-Encoding: chunked
Date: Wed, 08 Oct 2025 19:56:50 GMT
Keep-Alive: timeout=60
Connection: keep-alive

{
    "id": 47,
    "accountNumber": "ACC47",
    "balance": 300.0,
    "transactions": [
        {
            "id": 82,
            "amount": 300.0,
            "type": "DEPOSIT",
            "timestamp": "Wed Oct 08 19:56:50 UTC 2025",
            "relatedAccountId": 47
        }
    ]
}
Request method:	GET
Request URI:	http://host.docker.internal:4111/api/v1/customer/accounts
Proxy:			<none>
Request params:	<none>
Query params:	<none>
Form params:	<none>
Path params:	<none>
Headers:		Accept=application/json, application/javascript, text/javascript, text/json
				Authorization=Basic S0VUVHBrOlVUVGFpYnIzOTUkJA==
				Content-Type=application/json
Cookies:		<none>
Multiparts:		<none>
Body:			<none>
HTTP/1.1 200 
Vary: Origin
Vary: Access-Control-Request-Method
Vary: Access-Control-Request-Headers
X-Content-Type-Options: nosniff
X-XSS-Protection: 0
Cache-Control: no-cache, no-store, max-age=0, must-revalidate
Pragma: no-cache
Expires: 0
X-Frame-Options: DENY
Content-Type: application/json
Transfer-Encoding: chunked
Date: Wed, 08 Oct 2025 19:56:50 GMT
Keep-Alive: timeout=60
Connection: keep-alive

[
    {
        "id": 47,
        "accountNumber": "ACC47",
        "balance": 300.0,
        "transactions": [
            {
                "id": 82,
                "amount": 300.0,
                "type": "DEPOSIT",
                "timestamp": "Wed Oct 08 19:56:50 UTC 2025",
                "relatedAccountId": 47
            }
        ]
    }
]
Request method:	GET
Request URI:	http://host.docker.internal:4111/api/v1/customer/accounts
Proxy:			<none>
Request params:	<none>
Query params:	<none>
Form params:	<none>
Path params:	<none>
Headers:		Accept=application/json, application/javascript, text/javascript, text/json
				Authorization=Basic S0VUVHBrOlVUVGFpYnIzOTUkJA==
				Content-Type=application/json
Cookies:		<none>
Multiparts:		<none>
Body:			<none>
HTTP/1.1 200 
Vary: Origin
Vary: Access-Control-Request-Method
Vary: Access-Control-Request-Headers
X-Content-Type-Options: nosniff
X-XSS-Protection: 0
Cache-Control: no-cache, no-store, max-age=0, must-revalidate
Pragma: no-cache
Expires: 0
X-Frame-Options: DENY
Content-Type: application/json
Transfer-Encoding: chunked
Date: Wed, 08 Oct 2025 19:56:50 GMT
Keep-Alive: timeout=60
Connection: keep-alive

[
    {
        "id": 47,
        "accountNumber": "ACC47",
        "balance": 300.0,
        "transactions": [
            {
                "id": 82,
                "amount": 300.0,
                "type": "DEPOSIT",
                "timestamp": "Wed Oct 08 19:56:50 UTC 2025",
                "relatedAccountId": 47
            }
        ]
    }
]
Request method:	GET
Request URI:	http://host.docker.internal:4111/api/v1/customer/accounts
Proxy:			<none>
Request params:	<none>
Query params:	<none>
Form params:	<none>
Path params:	<none>
Headers:		Accept=application/json, application/javascript, text/javascript, text/json
				Authorization=Basic UkpzOkdBR2Fmb2gwNTUlJA==
				Content-Type=application/json
Cookies:		<none>
Multiparts:		<none>
Body:			<none>
HTTP/1.1 200 
Vary: Origin
Vary: Access-Control-Request-Method
Vary: Access-Control-Request-Headers
X-Content-Type-Options: nosniff
X-XSS-Protection: 0
Cache-Control: no-cache, no-store, max-age=0, must-revalidate
Pragma: no-cache
Expires: 0
X-Frame-Options: DENY
Content-Type: application/json
Transfer-Encoding: chunked
Date: Wed, 08 Oct 2025 19:56:50 GMT
Keep-Alive: timeout=60
Connection: keep-alive

[
    {
        "id": 48,
        "accountNumber": "ACC48",
        "balance": 0.0,
        "transactions": [
            
        ]
    }
]
Request method:	POST
Request URI:	http://host.docker.internal:4111/api/v1/accounts/transfer
Proxy:			<none>
Request params:	<none>
Query params:	<none>
Form params:	<none>
Path params:	<none>
Headers:		Accept=application/json, application/javascript, text/javascript, text/json
				Authorization=Basic S0VUVHBrOlVUVGFpYnIzOTUkJA==
				Content-Type=application/json
Cookies:		<none>
Multiparts:		<none>
Body:
{
    "senderAccountId": 47,
    "receiverAccountId": 48,
    "amount": 50.0
}
HTTP/1.1 200 
Vary: Origin
Vary: Access-Control-Request-Method
Vary: Access-Control-Request-Headers
X-Content-Type-Options: nosniff
X-XSS-Protection: 0
Cache-Control: no-cache, no-store, max-age=0, must-revalidate
Pragma: no-cache
Expires: 0
X-Frame-Options: DENY
Content-Type: application/json
Transfer-Encoding: chunked
Date: Wed, 08 Oct 2025 19:56:51 GMT
Keep-Alive: timeout=60
Connection: keep-alive

{
    "receiverAccountId": 48,
    "amount": 50.0,
    "message": "Transfer successful",
    "senderAccountId": 47
}
Request method:	GET
Request URI:	http://host.docker.internal:4111/api/v1/customer/accounts
Proxy:			<none>
Request params:	<none>
Query params:	<none>
Form params:	<none>
Path params:	<none>
Headers:		Accept=application/json, application/javascript, text/javascript, text/json
				Authorization=Basic S0VUVHBrOlVUVGFpYnIzOTUkJA==
				Content-Type=application/json
Cookies:		<none>
Multiparts:		<none>
Body:			<none>
HTTP/1.1 200 
Vary: Origin
Vary: Access-Control-Request-Method
Vary: Access-Control-Request-Headers
X-Content-Type-Options: nosniff
X-XSS-Protection: 0
Cache-Control: no-cache, no-store, max-age=0, must-revalidate
Pragma: no-cache
Expires: 0
X-Frame-Options: DENY
Content-Type: application/json
Transfer-Encoding: chunked
Date: Wed, 08 Oct 2025 19:56:51 GMT
Keep-Alive: timeout=60
Connection: keep-alive

[
    {
        "id": 47,
        "accountNumber": "ACC47",
        "balance": 250.0,
        "transactions": [
            {
                "id": 82,
                "amount": 300.0,
                "type": "DEPOSIT",
                "timestamp": "Wed Oct 08 19:56:50 UTC 2025",
                "relatedAccountId": 47
            },
            {
                "id": 83,
                "amount": 50.0,
                "type": "TRANSFER_OUT",
                "timestamp": "Wed Oct 08 19:56:51 UTC 2025",
                "relatedAccountId": 48
            }
        ]
    }
]
Request method:	GET
Request URI:	http://host.docker.internal:4111/api/v1/customer/accounts
Proxy:			<none>
Request params:	<none>
Query params:	<none>
Form params:	<none>
Path params:	<none>
Headers:		Accept=application/json, application/javascript, text/javascript, text/json
				Authorization=Basic UkpzOkdBR2Fmb2gwNTUlJA==
				Content-Type=application/json
Cookies:		<none>
Multiparts:		<none>
Body:			<none>
HTTP/1.1 200 
Vary: Origin
Vary: Access-Control-Request-Method
Vary: Access-Control-Request-Headers
X-Content-Type-Options: nosniff
X-XSS-Protection: 0
Cache-Control: no-cache, no-store, max-age=0, must-revalidate
Pragma: no-cache
Expires: 0
X-Frame-Options: DENY
Content-Type: application/json
Transfer-Encoding: chunked
Date: Wed, 08 Oct 2025 19:56:51 GMT
Keep-Alive: timeout=60
Connection: keep-alive

[
    {
        "id": 48,
        "accountNumber": "ACC48",
        "balance": 50.0,
        "transactions": [
            {
                "id": 84,
                "amount": 50.0,
                "type": "TRANSFER_IN",
                "timestamp": "Wed Oct 08 19:56:51 UTC 2025",
                "relatedAccountId": 47
            }
        ]
    }
]
]]></system-out>
  </testcase>
  <testcase name="userCanTransfer(String, String, int, int, double)[2]" classname="iteration2.api.TransferTest" time="1.346">
    <system-out><![CDATA[Request method:	GET
Request URI:	http://host.docker.internal:4111/api/v1/customer/accounts
Proxy:			<none>
Request params:	<none>
Query params:	<none>
Form params:	<none>
Path params:	<none>
Headers:		Accept=application/json, application/javascript, text/javascript, text/json
				Authorization=Basic S0VUVHBrOlVUVGFpYnIzOTUkJA==
				Content-Type=application/json
Cookies:		<none>
Multiparts:		<none>
Body:			<none>
HTTP/1.1 200 
Vary: Origin
Vary: Access-Control-Request-Method
Vary: Access-Control-Request-Headers
X-Content-Type-Options: nosniff
X-XSS-Protection: 0
Cache-Control: no-cache, no-store, max-age=0, must-revalidate
Pragma: no-cache
Expires: 0
X-Frame-Options: DENY
Content-Type: application/json
Transfer-Encoding: chunked
Date: Wed, 08 Oct 2025 19:56:53 GMT
Keep-Alive: timeout=60
Connection: keep-alive

[
    {
        "id": 47,
        "accountNumber": "ACC47",
        "balance": 250.0,
        "transactions": [
            {
                "id": 82,
                "amount": 300.0,
                "type": "DEPOSIT",
                "timestamp": "Wed Oct 08 19:56:50 UTC 2025",
                "relatedAccountId": 47
            },
            {
                "id": 83,
                "amount": 50.0,
                "type": "TRANSFER_OUT",
                "timestamp": "Wed Oct 08 19:56:51 UTC 2025",
                "relatedAccountId": 48
            }
        ]
    }
]
Request method:	GET
Request URI:	http://host.docker.internal:4111/api/v1/customer/accounts
Proxy:			<none>
Request params:	<none>
Query params:	<none>
Form params:	<none>
Path params:	<none>
Headers:		Accept=application/json, application/javascript, text/javascript, text/json
				Authorization=Basic UkpzOkdBR2Fmb2gwNTUlJA==
				Content-Type=application/json
Cookies:		<none>
Multiparts:		<none>
Body:			<none>
HTTP/1.1 200 
Vary: Origin
Vary: Access-Control-Request-Method
Vary: Access-Control-Request-Headers
X-Content-Type-Options: nosniff
X-XSS-Protection: 0
Cache-Control: no-cache, no-store, max-age=0, must-revalidate
Pragma: no-cache
Expires: 0
X-Frame-Options: DENY
Content-Type: application/json
Transfer-Encoding: chunked
Date: Wed, 08 Oct 2025 19:56:53 GMT
Keep-Alive: timeout=60
Connection: keep-alive

[
    {
        "id": 48,
        "accountNumber": "ACC48",
        "balance": 50.0,
        "transactions": [
            {
                "id": 84,
                "amount": 50.0,
                "type": "TRANSFER_IN",
                "timestamp": "Wed Oct 08 19:56:51 UTC 2025",
                "relatedAccountId": 47
            }
        ]
    }
]
Request method:	POST
Request URI:	http://host.docker.internal:4111/api/v1/accounts/transfer
Proxy:			<none>
Request params:	<none>
Query params:	<none>
Form params:	<none>
Path params:	<none>
Headers:		Accept=application/json, application/javascript, text/javascript, text/json
				Authorization=Basic S0VUVHBrOlVUVGFpYnIzOTUkJA==
				Content-Type=application/json
Cookies:		<none>
Multiparts:		<none>
Body:
{
    "senderAccountId": 47,
    "receiverAccountId": 48,
    "amount": 0.01
}
HTTP/1.1 200 
Vary: Origin
Vary: Access-Control-Request-Method
Vary: Access-Control-Request-Headers
X-Content-Type-Options: nosniff
X-XSS-Protection: 0
Cache-Control: no-cache, no-store, max-age=0, must-revalidate
Pragma: no-cache
Expires: 0
X-Frame-Options: DENY
Content-Type: application/json
Transfer-Encoding: chunked
Date: Wed, 08 Oct 2025 19:56:53 GMT
Keep-Alive: timeout=60
Connection: keep-alive

{
    "receiverAccountId": 48,
    "amount": 0.01,
    "message": "Transfer successful",
    "senderAccountId": 47
}
Request method:	GET
Request URI:	http://host.docker.internal:4111/api/v1/customer/accounts
Proxy:			<none>
Request params:	<none>
Query params:	<none>
Form params:	<none>
Path params:	<none>
Headers:		Accept=application/json, application/javascript, text/javascript, text/json
				Authorization=Basic S0VUVHBrOlVUVGFpYnIzOTUkJA==
				Content-Type=application/json
Cookies:		<none>
Multiparts:		<none>
Body:			<none>
HTTP/1.1 200 
Vary: Origin
Vary: Access-Control-Request-Method
Vary: Access-Control-Request-Headers
X-Content-Type-Options: nosniff
X-XSS-Protection: 0
Cache-Control: no-cache, no-store, max-age=0, must-revalidate
Pragma: no-cache
Expires: 0
X-Frame-Options: DENY
Content-Type: application/json
Transfer-Encoding: chunked
Date: Wed, 08 Oct 2025 19:56:53 GMT
Keep-Alive: timeout=60
Connection: keep-alive

[
    {
        "id": 47,
        "accountNumber": "ACC47",
        "balance": 249.99,
        "transactions": [
            {
                "id": 82,
                "amount": 300.0,
                "type": "DEPOSIT",
                "timestamp": "Wed Oct 08 19:56:50 UTC 2025",
                "relatedAccountId": 47
            },
            {
                "id": 85,
                "amount": 0.01,
                "type": "TRANSFER_OUT",
                "timestamp": "Wed Oct 08 19:56:53 UTC 2025",
                "relatedAccountId": 48
            },
            {
                "id": 83,
                "amount": 50.0,
                "type": "TRANSFER_OUT",
                "timestamp": "Wed Oct 08 19:56:51 UTC 2025",
                "relatedAccountId": 48
            }
        ]
    }
]
Request method:	GET
Request URI:	http://host.docker.internal:4111/api/v1/customer/accounts
Proxy:			<none>
Request params:	<none>
Query params:	<none>
Form params:	<none>
Path params:	<none>
Headers:		Accept=application/json, application/javascript, text/javascript, text/json
				Authorization=Basic UkpzOkdBR2Fmb2gwNTUlJA==
				Content-Type=application/json
Cookies:		<none>
Multiparts:		<none>
Body:			<none>
HTTP/1.1 200 
Vary: Origin
Vary: Access-Control-Request-Method
Vary: Access-Control-Request-Headers
X-Content-Type-Options: nosniff
X-XSS-Protection: 0
Cache-Control: no-cache, no-store, max-age=0, must-revalidate
Pragma: no-cache
Expires: 0
X-Frame-Options: DENY
Content-Type: application/json
Transfer-Encoding: chunked
Date: Wed, 08 Oct 2025 19:56:54 GMT
Keep-Alive: timeout=60
Connection: keep-alive

[
    {
        "id": 48,
        "accountNumber": "ACC48",
        "balance": 50.01,
        "transactions": [
            {
                "id": 86,
                "amount": 0.01,
                "type": "TRANSFER_IN",
                "timestamp": "Wed Oct 08 19:56:53 UTC 2025",
                "relatedAccountId": 47
            },
            {
                "id": 84,
                "amount": 50.0,
                "type": "TRANSFER_IN",
                "timestamp": "Wed Oct 08 19:56:51 UTC 2025",
                "relatedAccountId": 47
            }
        ]
    }
]
]]></system-out>
  </testcase>
  <testcase name="userCanTransfer(String, String, int, int, double)[3]" classname="iteration2.api.TransferTest" time="1.252">
    <system-out><![CDATA[Request method:	GET
Request URI:	http://host.docker.internal:4111/api/v1/customer/accounts
Proxy:			<none>
Request params:	<none>
Query params:	<none>
Form params:	<none>
Path params:	<none>
Headers:		Accept=application/json, application/javascript, text/javascript, text/json
				Authorization=Basic UkpzOkdBR2Fmb2gwNTUlJA==
				Content-Type=application/json
Cookies:		<none>
Multiparts:		<none>
Body:			<none>
HTTP/1.1 200 
Vary: Origin
Vary: Access-Control-Request-Method
Vary: Access-Control-Request-Headers
X-Content-Type-Options: nosniff
X-XSS-Protection: 0
Cache-Control: no-cache, no-store, max-age=0, must-revalidate
Pragma: no-cache
Expires: 0
X-Frame-Options: DENY
Content-Type: application/json
Transfer-Encoding: chunked
Date: Wed, 08 Oct 2025 19:56:54 GMT
Keep-Alive: timeout=60
Connection: keep-alive

[
    {
        "id": 48,
        "accountNumber": "ACC48",
        "balance": 50.01,
        "transactions": [
            {
                "id": 86,
                "amount": 0.01,
                "type": "TRANSFER_IN",
                "timestamp": "Wed Oct 08 19:56:53 UTC 2025",
                "relatedAccountId": 47
            },
            {
                "id": 84,
                "amount": 50.0,
                "type": "TRANSFER_IN",
                "timestamp": "Wed Oct 08 19:56:51 UTC 2025",
                "relatedAccountId": 47
            }
        ]
    }
]
Request method:	GET
Request URI:	http://host.docker.internal:4111/api/v1/customer/accounts
Proxy:			<none>
Request params:	<none>
Query params:	<none>
Form params:	<none>
Path params:	<none>
Headers:		Accept=application/json, application/javascript, text/javascript, text/json
				Authorization=Basic S0VUVHBrOlVUVGFpYnIzOTUkJA==
				Content-Type=application/json
Cookies:		<none>
Multiparts:		<none>
Body:			<none>
HTTP/1.1 200 
Vary: Origin
Vary: Access-Control-Request-Method
Vary: Access-Control-Request-Headers
X-Content-Type-Options: nosniff
X-XSS-Protection: 0
Cache-Control: no-cache, no-store, max-age=0, must-revalidate
Pragma: no-cache
Expires: 0
X-Frame-Options: DENY
Content-Type: application/json
Transfer-Encoding: chunked
Date: Wed, 08 Oct 2025 19:56:54 GMT
Keep-Alive: timeout=60
Connection: keep-alive

[
    {
        "id": 47,
        "accountNumber": "ACC47",
        "balance": 249.99,
        "transactions": [
            {
                "id": 82,
                "amount": 300.0,
                "type": "DEPOSIT",
                "timestamp": "Wed Oct 08 19:56:50 UTC 2025",
                "relatedAccountId": 47
            },
            {
                "id": 85,
                "amount": 0.01,
                "type": "TRANSFER_OUT",
                "timestamp": "Wed Oct 08 19:56:53 UTC 2025",
                "relatedAccountId": 48
            },
            {
                "id": 83,
                "amount": 50.0,
                "type": "TRANSFER_OUT",
                "timestamp": "Wed Oct 08 19:56:51 UTC 2025",
                "relatedAccountId": 48
            }
        ]
    }
]
Request method:	POST
Request URI:	http://host.docker.internal:4111/api/v1/accounts/transfer
Proxy:			<none>
Request params:	<none>
Query params:	<none>
Form params:	<none>
Path params:	<none>
Headers:		Accept=application/json, application/javascript, text/javascript, text/json
				Authorization=Basic UkpzOkdBR2Fmb2gwNTUlJA==
				Content-Type=application/json
Cookies:		<none>
Multiparts:		<none>
Body:
{
    "senderAccountId": 48,
    "receiverAccountId": 47,
    "amount": 10.0
}
HTTP/1.1 200 
Vary: Origin
Vary: Access-Control-Request-Method
Vary: Access-Control-Request-Headers
X-Content-Type-Options: nosniff
X-XSS-Protection: 0
Cache-Control: no-cache, no-store, max-age=0, must-revalidate
Pragma: no-cache
Expires: 0
X-Frame-Options: DENY
Content-Type: application/json
Transfer-Encoding: chunked
Date: Wed, 08 Oct 2025 19:56:54 GMT
Keep-Alive: timeout=60
Connection: keep-alive

{
    "receiverAccountId": 47,
    "amount": 10.0,
    "message": "Transfer successful",
    "senderAccountId": 48
}
Request method:	GET
Request URI:	http://host.docker.internal:4111/api/v1/customer/accounts
Proxy:			<none>
Request params:	<none>
Query params:	<none>
Form params:	<none>
Path params:	<none>
Headers:		Accept=application/json, application/javascript, text/javascript, text/json
				Authorization=Basic UkpzOkdBR2Fmb2gwNTUlJA==
				Content-Type=application/json
Cookies:		<none>
Multiparts:		<none>
Body:			<none>
HTTP/1.1 200 
Vary: Origin
Vary: Access-Control-Request-Method
Vary: Access-Control-Request-Headers
X-Content-Type-Options: nosniff
X-XSS-Protection: 0
Cache-Control: no-cache, no-store, max-age=0, must-revalidate
Pragma: no-cache
Expires: 0
X-Frame-Options: DENY
Content-Type: application/json
Transfer-Encoding: chunked
Date: Wed, 08 Oct 2025 19:56:55 GMT
Keep-Alive: timeout=60
Connection: keep-alive

[
    {
        "id": 48,
        "accountNumber": "ACC48",
        "balance": 40.01,
        "transactions": [
            {
                "id": 87,
                "amount": 10.0,
                "type": "TRANSFER_OUT",
                "timestamp": "Wed Oct 08 19:56:54 UTC 2025",
                "relatedAccountId": 47
            },
            {
                "id": 86,
                "amount": 0.01,
                "type": "TRANSFER_IN",
                "timestamp": "Wed Oct 08 19:56:53 UTC 2025",
                "relatedAccountId": 47
            },
            {
                "id": 84,
                "amount": 50.0,
                "type": "TRANSFER_IN",
                "timestamp": "Wed Oct 08 19:56:51 UTC 2025",
                "relatedAccountId": 47
            }
        ]
    }
]
Request method:	GET
Request URI:	http://host.docker.internal:4111/api/v1/customer/accounts
Proxy:			<none>
Request params:	<none>
Query params:	<none>
Form params:	<none>
Path params:	<none>
Headers:		Accept=application/json, application/javascript, text/javascript, text/json
				Authorization=Basic S0VUVHBrOlVUVGFpYnIzOTUkJA==
				Content-Type=application/json
Cookies:		<none>
Multiparts:		<none>
Body:			<none>
HTTP/1.1 200 
Vary: Origin
Vary: Access-Control-Request-Method
Vary: Access-Control-Request-Headers
X-Content-Type-Options: nosniff
X-XSS-Protection: 0
Cache-Control: no-cache, no-store, max-age=0, must-revalidate
Pragma: no-cache
Expires: 0
X-Frame-Options: DENY
Content-Type: application/json
Transfer-Encoding: chunked
Date: Wed, 08 Oct 2025 19:56:55 GMT
Keep-Alive: timeout=60
Connection: keep-alive

[
    {
        "id": 47,
        "accountNumber": "ACC47",
        "balance": 259.99,
        "transactions": [
            {
                "id": 82,
                "amount": 300.0,
                "type": "DEPOSIT",
                "timestamp": "Wed Oct 08 19:56:50 UTC 2025",
                "relatedAccountId": 47
            },
            {
                "id": 85,
                "amount": 0.01,
                "type": "TRANSFER_OUT",
                "timestamp": "Wed Oct 08 19:56:53 UTC 2025",
                "relatedAccountId": 48
            },
            {
                "id": 83,
                "amount": 50.0,
                "type": "TRANSFER_OUT",
                "timestamp": "Wed Oct 08 19:56:51 UTC 2025",
                "relatedAccountId": 48
            },
            {
                "id": 88,
                "amount": 10.0,
                "type": "TRANSFER_IN",
                "timestamp": "Wed Oct 08 19:56:54 UTC 2025",
                "relatedAccountId": 48
            }
        ]
    }
]
]]></system-out>
  </testcase>
  <testcase name="userInvalidTransferToken(String, int, int, double)[1]" classname="iteration2.api.TransferTest" time="1.182">
    <system-out><![CDATA[Request method:	GET
Request URI:	http://host.docker.internal:4111/api/v1/customer/accounts
Proxy:			<none>
Request params:	<none>
Query params:	<none>
Form params:	<none>
Path params:	<none>
Headers:		Accept=application/json, application/javascript, text/javascript, text/json
				Authorization=Basic S0VUVHBrOlVUVGFpYnIzOTUkJA==
				Content-Type=application/json
Cookies:		<none>
Multiparts:		<none>
Body:			<none>
HTTP/1.1 200 
Vary: Origin
Vary: Access-Control-Request-Method
Vary: Access-Control-Request-Headers
X-Content-Type-Options: nosniff
X-XSS-Protection: 0
Cache-Control: no-cache, no-store, max-age=0, must-revalidate
Pragma: no-cache
Expires: 0
X-Frame-Options: DENY
Content-Type: application/json
Transfer-Encoding: chunked
Date: Wed, 08 Oct 2025 19:56:55 GMT
Keep-Alive: timeout=60
Connection: keep-alive

[
    {
        "id": 47,
        "accountNumber": "ACC47",
        "balance": 259.99,
        "transactions": [
            {
                "id": 82,
                "amount": 300.0,
                "type": "DEPOSIT",
                "timestamp": "Wed Oct 08 19:56:50 UTC 2025",
                "relatedAccountId": 47
            },
            {
                "id": 85,
                "amount": 0.01,
                "type": "TRANSFER_OUT",
                "timestamp": "Wed Oct 08 19:56:53 UTC 2025",
                "relatedAccountId": 48
            },
            {
                "id": 83,
                "amount": 50.0,
                "type": "TRANSFER_OUT",
                "timestamp": "Wed Oct 08 19:56:51 UTC 2025",
                "relatedAccountId": 48
            },
            {
                "id": 88,
                "amount": 10.0,
                "type": "TRANSFER_IN",
                "timestamp": "Wed Oct 08 19:56:54 UTC 2025",
                "relatedAccountId": 48
            }
        ]
    }
]
Request method:	GET
Request URI:	http://host.docker.internal:4111/api/v1/customer/accounts
Proxy:			<none>
Request params:	<none>
Query params:	<none>
Form params:	<none>
Path params:	<none>
Headers:		Accept=application/json, application/javascript, text/javascript, text/json
				Authorization=Basic UkpzOkdBR2Fmb2gwNTUlJA==
				Content-Type=application/json
Cookies:		<none>
Multiparts:		<none>
Body:			<none>
HTTP/1.1 200 
Vary: Origin
Vary: Access-Control-Request-Method
Vary: Access-Control-Request-Headers
X-Content-Type-Options: nosniff
X-XSS-Protection: 0
Cache-Control: no-cache, no-store, max-age=0, must-revalidate
Pragma: no-cache
Expires: 0
X-Frame-Options: DENY
Content-Type: application/json
Transfer-Encoding: chunked
Date: Wed, 08 Oct 2025 19:56:55 GMT
Keep-Alive: timeout=60
Connection: keep-alive

[
    {
        "id": 48,
        "accountNumber": "ACC48",
        "balance": 40.01,
        "transactions": [
            {
                "id": 87,
                "amount": 10.0,
                "type": "TRANSFER_OUT",
                "timestamp": "Wed Oct 08 19:56:54 UTC 2025",
                "relatedAccountId": 47
            },
            {
                "id": 86,
                "amount": 0.01,
                "type": "TRANSFER_IN",
                "timestamp": "Wed Oct 08 19:56:53 UTC 2025",
                "relatedAccountId": 47
            },
            {
                "id": 84,
                "amount": 50.0,
                "type": "TRANSFER_IN",
                "timestamp": "Wed Oct 08 19:56:51 UTC 2025",
                "relatedAccountId": 47
            }
        ]
    }
]
Request method:	POST
Request URI:	http://host.docker.internal:4111/api/v1/accounts/transfer
Proxy:			<none>
Request params:	<none>
Query params:	<none>
Form params:	<none>
Path params:	<none>
Headers:		Accept=application/json, application/javascript, text/javascript, text/json
				Authorization=Basic S0VUVHBrOlVUVGFpYnIzOTUkJA==
				Content-Type=application/json
Cookies:		<none>
Multiparts:		<none>
Body:
{
    "senderAccountId": 48,
    "receiverAccountId": 47,
    "amount": 50.0
}
HTTP/1.1 403 
Vary: Origin
Vary: Access-Control-Request-Method
Vary: Access-Control-Request-Headers
X-Content-Type-Options: nosniff
X-XSS-Protection: 0
Cache-Control: no-cache, no-store, max-age=0, must-revalidate
Pragma: no-cache
Expires: 0
X-Frame-Options: DENY
Content-Type: application/json
Content-Length: 30
Date: Wed, 08 Oct 2025 19:56:55 GMT
Keep-Alive: timeout=60
Connection: keep-alive

Unauthorized access to account
Request method:	GET
Request URI:	http://host.docker.internal:4111/api/v1/customer/accounts
Proxy:			<none>
Request params:	<none>
Query params:	<none>
Form params:	<none>
Path params:	<none>
Headers:		Accept=application/json, application/javascript, text/javascript, text/json
				Authorization=Basic S0VUVHBrOlVUVGFpYnIzOTUkJA==
				Content-Type=application/json
Cookies:		<none>
Multiparts:		<none>
Body:			<none>
HTTP/1.1 200 
Vary: Origin
Vary: Access-Control-Request-Method
Vary: Access-Control-Request-Headers
X-Content-Type-Options: nosniff
X-XSS-Protection: 0
Cache-Control: no-cache, no-store, max-age=0, must-revalidate
Pragma: no-cache
Expires: 0
X-Frame-Options: DENY
Content-Type: application/json
Transfer-Encoding: chunked
Date: Wed, 08 Oct 2025 19:56:56 GMT
Keep-Alive: timeout=60
Connection: keep-alive

[
    {
        "id": 47,
        "accountNumber": "ACC47",
        "balance": 259.99,
        "transactions": [
            {
                "id": 82,
                "amount": 300.0,
                "type": "DEPOSIT",
                "timestamp": "Wed Oct 08 19:56:50 UTC 2025",
                "relatedAccountId": 47
            },
            {
                "id": 85,
                "amount": 0.01,
                "type": "TRANSFER_OUT",
                "timestamp": "Wed Oct 08 19:56:53 UTC 2025",
                "relatedAccountId": 48
            },
            {
                "id": 83,
                "amount": 50.0,
                "type": "TRANSFER_OUT",
                "timestamp": "Wed Oct 08 19:56:51 UTC 2025",
                "relatedAccountId": 48
            },
            {
                "id": 88,
                "amount": 10.0,
                "type": "TRANSFER_IN",
                "timestamp": "Wed Oct 08 19:56:54 UTC 2025",
                "relatedAccountId": 48
            }
        ]
    }
]
Request method:	GET
Request URI:	http://host.docker.internal:4111/api/v1/customer/accounts
Proxy:			<none>
Request params:	<none>
Query params:	<none>
Form params:	<none>
Path params:	<none>
Headers:		Accept=application/json, application/javascript, text/javascript, text/json
				Authorization=Basic UkpzOkdBR2Fmb2gwNTUlJA==
				Content-Type=application/json
Cookies:		<none>
Multiparts:		<none>
Body:			<none>
HTTP/1.1 200 
Vary: Origin
Vary: Access-Control-Request-Method
Vary: Access-Control-Request-Headers
X-Content-Type-Options: nosniff
X-XSS-Protection: 0
Cache-Control: no-cache, no-store, max-age=0, must-revalidate
Pragma: no-cache
Expires: 0
X-Frame-Options: DENY
Content-Type: application/json
Transfer-Encoding: chunked
Date: Wed, 08 Oct 2025 19:56:56 GMT
Keep-Alive: timeout=60
Connection: keep-alive

[
    {
        "id": 48,
        "accountNumber": "ACC48",
        "balance": 40.01,
        "transactions": [
            {
                "id": 87,
                "amount": 10.0,
                "type": "TRANSFER_OUT",
                "timestamp": "Wed Oct 08 19:56:54 UTC 2025",
                "relatedAccountId": 47
            },
            {
                "id": 86,
                "amount": 0.01,
                "type": "TRANSFER_IN",
                "timestamp": "Wed Oct 08 19:56:53 UTC 2025",
                "relatedAccountId": 47
            },
            {
                "id": 84,
                "amount": 50.0,
                "type": "TRANSFER_IN",
                "timestamp": "Wed Oct 08 19:56:51 UTC 2025",
                "relatedAccountId": 47
            }
        ]
    }
]
]]></system-out>
  </testcase>
  <testcase name="userInvalidTransferToken(String, int, int, double)[2]" classname="iteration2.api.TransferTest" time="1.28">
    <system-out><![CDATA[Request method:	GET
Request URI:	http://host.docker.internal:4111/api/v1/customer/accounts
Proxy:			<none>
Request params:	<none>
Query params:	<none>
Form params:	<none>
Path params:	<none>
Headers:		Accept=application/json, application/javascript, text/javascript, text/json
				Authorization=Basic S0VUVHBrOlVUVGFpYnIzOTUkJA==
				Content-Type=application/json
Cookies:		<none>
Multiparts:		<none>
Body:			<none>
HTTP/1.1 200 
Vary: Origin
Vary: Access-Control-Request-Method
Vary: Access-Control-Request-Headers
X-Content-Type-Options: nosniff
X-XSS-Protection: 0
Cache-Control: no-cache, no-store, max-age=0, must-revalidate
Pragma: no-cache
Expires: 0
X-Frame-Options: DENY
Content-Type: application/json
Transfer-Encoding: chunked
Date: Wed, 08 Oct 2025 19:56:56 GMT
Keep-Alive: timeout=60
Connection: keep-alive

[
    {
        "id": 47,
        "accountNumber": "ACC47",
        "balance": 259.99,
        "transactions": [
            {
                "id": 82,
                "amount": 300.0,
                "type": "DEPOSIT",
                "timestamp": "Wed Oct 08 19:56:50 UTC 2025",
                "relatedAccountId": 47
            },
            {
                "id": 85,
                "amount": 0.01,
                "type": "TRANSFER_OUT",
                "timestamp": "Wed Oct 08 19:56:53 UTC 2025",
                "relatedAccountId": 48
            },
            {
                "id": 83,
                "amount": 50.0,
                "type": "TRANSFER_OUT",
                "timestamp": "Wed Oct 08 19:56:51 UTC 2025",
                "relatedAccountId": 48
            },
            {
                "id": 88,
                "amount": 10.0,
                "type": "TRANSFER_IN",
                "timestamp": "Wed Oct 08 19:56:54 UTC 2025",
                "relatedAccountId": 48
            }
        ]
    }
]
Request method:	GET
Request URI:	http://host.docker.internal:4111/api/v1/customer/accounts
Proxy:			<none>
Request params:	<none>
Query params:	<none>
Form params:	<none>
Path params:	<none>
Headers:		Accept=application/json, application/javascript, text/javascript, text/json
				Authorization=Basic UkpzOkdBR2Fmb2gwNTUlJA==
				Content-Type=application/json
Cookies:		<none>
Multiparts:		<none>
Body:			<none>
HTTP/1.1 200 
Vary: Origin
Vary: Access-Control-Request-Method
Vary: Access-Control-Request-Headers
X-Content-Type-Options: nosniff
X-XSS-Protection: 0
Cache-Control: no-cache, no-store, max-age=0, must-revalidate
Pragma: no-cache
Expires: 0
X-Frame-Options: DENY
Content-Type: application/json
Transfer-Encoding: chunked
Date: Wed, 08 Oct 2025 19:56:56 GMT
Keep-Alive: timeout=60
Connection: keep-alive

[
    {
        "id": 48,
        "accountNumber": "ACC48",
        "balance": 40.01,
        "transactions": [
            {
                "id": 87,
                "amount": 10.0,
                "type": "TRANSFER_OUT",
                "timestamp": "Wed Oct 08 19:56:54 UTC 2025",
                "relatedAccountId": 47
            },
            {
                "id": 86,
                "amount": 0.01,
                "type": "TRANSFER_IN",
                "timestamp": "Wed Oct 08 19:56:53 UTC 2025",
                "relatedAccountId": 47
            },
            {
                "id": 84,
                "amount": 50.0,
                "type": "TRANSFER_IN",
                "timestamp": "Wed Oct 08 19:56:51 UTC 2025",
                "relatedAccountId": 47
            }
        ]
    }
]
Request method:	POST
Request URI:	http://host.docker.internal:4111/api/v1/accounts/transfer
Proxy:			<none>
Request params:	<none>
Query params:	<none>
Form params:	<none>
Path params:	<none>
Headers:		Accept=application/json, application/javascript, text/javascript, text/json
				Authorization=Basic YWRtaW46YWRtaW4=
				Content-Type=application/json
Cookies:		<none>
Multiparts:		<none>
Body:
{
    "senderAccountId": 47,
    "receiverAccountId": 48,
    "amount": 50.0
}
HTTP/1.1 403 
Vary: Origin
Vary: Access-Control-Request-Method
Vary: Access-Control-Request-Headers
X-Content-Type-Options: nosniff
X-XSS-Protection: 0
Cache-Control: no-cache, no-store, max-age=0, must-revalidate
Pragma: no-cache
Expires: 0
X-Frame-Options: DENY
Content-Type: application/json
Transfer-Encoding: chunked
Date: Wed, 08 Oct 2025 19:56:57 GMT
Keep-Alive: timeout=60
Connection: keep-alive

{
    "timestamp": "2025-10-08T19:56:57.250+00:00",
    "status": 403,
    "error": "Forbidden",
    "path": "/api/v1/accounts/transfer"
}
Request method:	GET
Request URI:	http://host.docker.internal:4111/api/v1/customer/accounts
Proxy:			<none>
Request params:	<none>
Query params:	<none>
Form params:	<none>
Path params:	<none>
Headers:		Accept=application/json, application/javascript, text/javascript, text/json
				Authorization=Basic S0VUVHBrOlVUVGFpYnIzOTUkJA==
				Content-Type=application/json
Cookies:		<none>
Multiparts:		<none>
Body:			<none>
HTTP/1.1 200 
Vary: Origin
Vary: Access-Control-Request-Method
Vary: Access-Control-Request-Headers
X-Content-Type-Options: nosniff
X-XSS-Protection: 0
Cache-Control: no-cache, no-store, max-age=0, must-revalidate
Pragma: no-cache
Expires: 0
X-Frame-Options: DENY
Content-Type: application/json
Transfer-Encoding: chunked
Date: Wed, 08 Oct 2025 19:56:57 GMT
Keep-Alive: timeout=60
Connection: keep-alive

[
    {
        "id": 47,
        "accountNumber": "ACC47",
        "balance": 259.99,
        "transactions": [
            {
                "id": 82,
                "amount": 300.0,
                "type": "DEPOSIT",
                "timestamp": "Wed Oct 08 19:56:50 UTC 2025",
                "relatedAccountId": 47
            },
            {
                "id": 85,
                "amount": 0.01,
                "type": "TRANSFER_OUT",
                "timestamp": "Wed Oct 08 19:56:53 UTC 2025",
                "relatedAccountId": 48
            },
            {
                "id": 83,
                "amount": 50.0,
                "type": "TRANSFER_OUT",
                "timestamp": "Wed Oct 08 19:56:51 UTC 2025",
                "relatedAccountId": 48
            },
            {
                "id": 88,
                "amount": 10.0,
                "type": "TRANSFER_IN",
                "timestamp": "Wed Oct 08 19:56:54 UTC 2025",
                "relatedAccountId": 48
            }
        ]
    }
]
Request method:	GET
Request URI:	http://host.docker.internal:4111/api/v1/customer/accounts
Proxy:			<none>
Request params:	<none>
Query params:	<none>
Form params:	<none>
Path params:	<none>
Headers:		Accept=application/json, application/javascript, text/javascript, text/json
				Authorization=Basic UkpzOkdBR2Fmb2gwNTUlJA==
				Content-Type=application/json
Cookies:		<none>
Multiparts:		<none>
Body:			<none>
HTTP/1.1 200 
Vary: Origin
Vary: Access-Control-Request-Method
Vary: Access-Control-Request-Headers
X-Content-Type-Options: nosniff
X-XSS-Protection: 0
Cache-Control: no-cache, no-store, max-age=0, must-revalidate
Pragma: no-cache
Expires: 0
X-Frame-Options: DENY
Content-Type: application/json
Transfer-Encoding: chunked
Date: Wed, 08 Oct 2025 19:56:57 GMT
Keep-Alive: timeout=60
Connection: keep-alive

[
    {
        "id": 48,
        "accountNumber": "ACC48",
        "balance": 40.01,
        "transactions": [
            {
                "id": 87,
                "amount": 10.0,
                "type": "TRANSFER_OUT",
                "timestamp": "Wed Oct 08 19:56:54 UTC 2025",
                "relatedAccountId": 47
            },
            {
                "id": 86,
                "amount": 0.01,
                "type": "TRANSFER_IN",
                "timestamp": "Wed Oct 08 19:56:53 UTC 2025",
                "relatedAccountId": 47
            },
            {
                "id": 84,
                "amount": 50.0,
                "type": "TRANSFER_IN",
                "timestamp": "Wed Oct 08 19:56:51 UTC 2025",
                "relatedAccountId": 47
            }
        ]
    }
]
]]></system-out>
  </testcase>
  <testcase name="userWithoutAccountCantTransfer" classname="iteration2.api.TransferTest" time="0.754">
    <system-out><![CDATA[Request method:	GET
Request URI:	http://host.docker.internal:4111/api/v1/customer/accounts
Proxy:			<none>
Request params:	<none>
Query params:	<none>
Form params:	<none>
Path params:	<none>
Headers:		Accept=application/json, application/javascript, text/javascript, text/json
				Authorization=Basic S0VUVHBrOlVUVGFpYnIzOTUkJA==
				Content-Type=application/json
Cookies:		<none>
Multiparts:		<none>
Body:			<none>
HTTP/1.1 200 
Vary: Origin
Vary: Access-Control-Request-Method
Vary: Access-Control-Request-Headers
X-Content-Type-Options: nosniff
X-XSS-Protection: 0
Cache-Control: no-cache, no-store, max-age=0, must-revalidate
Pragma: no-cache
Expires: 0
X-Frame-Options: DENY
Content-Type: application/json
Transfer-Encoding: chunked
Date: Wed, 08 Oct 2025 19:56:57 GMT
Keep-Alive: timeout=60
Connection: keep-alive

[
    {
        "id": 47,
        "accountNumber": "ACC47",
        "balance": 259.99,
        "transactions": [
            {
                "id": 82,
                "amount": 300.0,
                "type": "DEPOSIT",
                "timestamp": "Wed Oct 08 19:56:50 UTC 2025",
                "relatedAccountId": 47
            },
            {
                "id": 85,
                "amount": 0.01,
                "type": "TRANSFER_OUT",
                "timestamp": "Wed Oct 08 19:56:53 UTC 2025",
                "relatedAccountId": 48
            },
            {
                "id": 83,
                "amount": 50.0,
                "type": "TRANSFER_OUT",
                "timestamp": "Wed Oct 08 19:56:51 UTC 2025",
                "relatedAccountId": 48
            },
            {
                "id": 88,
                "amount": 10.0,
                "type": "TRANSFER_IN",
                "timestamp": "Wed Oct 08 19:56:54 UTC 2025",
                "relatedAccountId": 48
            }
        ]
    }
]
Request method:	POST
Request URI:	http://host.docker.internal:4111/api/v1/accounts/transfer
Proxy:			<none>
Request params:	<none>
Query params:	<none>
Form params:	<none>
Path params:	<none>
Headers:		Accept=application/json, application/javascript, text/javascript, text/json
				Authorization=Basic WnhaRDROT3J2WHd3dzpDREZqaHJqODE1JSQ=
				Content-Type=application/json
Cookies:		<none>
Multiparts:		<none>
Body:
{
    "senderAccountId": 104,
    "receiverAccountId": 47,
    "amount": 50.0
}
HTTP/1.1 403 
Vary: Origin
Vary: Access-Control-Request-Method
Vary: Access-Control-Request-Headers
X-Content-Type-Options: nosniff
X-XSS-Protection: 0
Cache-Control: no-cache, no-store, max-age=0, must-revalidate
Pragma: no-cache
Expires: 0
X-Frame-Options: DENY
Content-Type: application/json
Content-Length: 30
Date: Wed, 08 Oct 2025 19:56:58 GMT
Keep-Alive: timeout=60
Connection: keep-alive

Unauthorized access to account
Request method:	GET
Request URI:	http://host.docker.internal:4111/api/v1/customer/accounts
Proxy:			<none>
Request params:	<none>
Query params:	<none>
Form params:	<none>
Path params:	<none>
Headers:		Accept=application/json, application/javascript, text/javascript, text/json
				Authorization=Basic S0VUVHBrOlVUVGFpYnIzOTUkJA==
				Content-Type=application/json
Cookies:		<none>
Multiparts:		<none>
Body:			<none>
HTTP/1.1 200 
Vary: Origin
Vary: Access-Control-Request-Method
Vary: Access-Control-Request-Headers
X-Content-Type-Options: nosniff
X-XSS-Protection: 0
Cache-Control: no-cache, no-store, max-age=0, must-revalidate
Pragma: no-cache
Expires: 0
X-Frame-Options: DENY
Content-Type: application/json
Transfer-Encoding: chunked
Date: Wed, 08 Oct 2025 19:56:58 GMT
Keep-Alive: timeout=60
Connection: keep-alive

[
    {
        "id": 47,
        "accountNumber": "ACC47",
        "balance": 259.99,
        "transactions": [
            {
                "id": 82,
                "amount": 300.0,
                "type": "DEPOSIT",
                "timestamp": "Wed Oct 08 19:56:50 UTC 2025",
                "relatedAccountId": 47
            },
            {
                "id": 85,
                "amount": 0.01,
                "type": "TRANSFER_OUT",
                "timestamp": "Wed Oct 08 19:56:53 UTC 2025",
                "relatedAccountId": 48
            },
            {
                "id": 83,
                "amount": 50.0,
                "type": "TRANSFER_OUT",
                "timestamp": "Wed Oct 08 19:56:51 UTC 2025",
                "relatedAccountId": 48
            },
            {
                "id": 88,
                "amount": 10.0,
                "type": "TRANSFER_IN",
                "timestamp": "Wed Oct 08 19:56:54 UTC 2025",
                "relatedAccountId": 48
            }
        ]
    }
]
]]></system-out>
  </testcase>
  <testcase name="userInvalidTransferToUserWithoutAccount" classname="iteration2.api.TransferTest" time="0.819">
    <system-out><![CDATA[Request method:	GET
Request URI:	http://host.docker.internal:4111/api/v1/customer/accounts
Proxy:			<none>
Request params:	<none>
Query params:	<none>
Form params:	<none>
Path params:	<none>
Headers:		Accept=application/json, application/javascript, text/javascript, text/json
				Authorization=Basic S0VUVHBrOlVUVGFpYnIzOTUkJA==
				Content-Type=application/json
Cookies:		<none>
Multiparts:		<none>
Body:			<none>
HTTP/1.1 200 
Vary: Origin
Vary: Access-Control-Request-Method
Vary: Access-Control-Request-Headers
X-Content-Type-Options: nosniff
X-XSS-Protection: 0
Cache-Control: no-cache, no-store, max-age=0, must-revalidate
Pragma: no-cache
Expires: 0
X-Frame-Options: DENY
Content-Type: application/json
Transfer-Encoding: chunked
Date: Wed, 08 Oct 2025 19:56:58 GMT
Keep-Alive: timeout=60
Connection: keep-alive

[
    {
        "id": 47,
        "accountNumber": "ACC47",
        "balance": 259.99,
        "transactions": [
            {
                "id": 82,
                "amount": 300.0,
                "type": "DEPOSIT",
                "timestamp": "Wed Oct 08 19:56:50 UTC 2025",
                "relatedAccountId": 47
            },
            {
                "id": 85,
                "amount": 0.01,
                "type": "TRANSFER_OUT",
                "timestamp": "Wed Oct 08 19:56:53 UTC 2025",
                "relatedAccountId": 48
            },
            {
                "id": 83,
                "amount": 50.0,
                "type": "TRANSFER_OUT",
                "timestamp": "Wed Oct 08 19:56:51 UTC 2025",
                "relatedAccountId": 48
            },
            {
                "id": 88,
                "amount": 10.0,
                "type": "TRANSFER_IN",
                "timestamp": "Wed Oct 08 19:56:54 UTC 2025",
                "relatedAccountId": 48
            }
        ]
    }
]
Request method:	POST
Request URI:	http://host.docker.internal:4111/api/v1/accounts/transfer
Proxy:			<none>
Request params:	<none>
Query params:	<none>
Form params:	<none>
Path params:	<none>
Headers:		Accept=application/json, application/javascript, text/javascript, text/json
				Authorization=Basic S0VUVHBrOlVUVGFpYnIzOTUkJA==
				Content-Type=application/json
Cookies:		<none>
Multiparts:		<none>
Body:
{
    "senderAccountId": 47,
    "receiverAccountId": 104,
    "amount": 50.0
}
HTTP/1.1 400 
Vary: Origin
Vary: Access-Control-Request-Method
Vary: Access-Control-Request-Headers
X-Content-Type-Options: nosniff
X-XSS-Protection: 0
Cache-Control: no-cache, no-store, max-age=0, must-revalidate
Pragma: no-cache
Expires: 0
X-Frame-Options: DENY
Content-Type: application/json
Content-Length: 56
Date: Wed, 08 Oct 2025 19:56:58 GMT
Connection: close

Invalid transfer: insufficient funds or invalid accounts
Request method:	GET
Request URI:	http://host.docker.internal:4111/api/v1/customer/accounts
Proxy:			<none>
Request params:	<none>
Query params:	<none>
Form params:	<none>
Path params:	<none>
Headers:		Accept=application/json, application/javascript, text/javascript, text/json
				Authorization=Basic S0VUVHBrOlVUVGFpYnIzOTUkJA==
				Content-Type=application/json
Cookies:		<none>
Multiparts:		<none>
Body:			<none>
HTTP/1.1 200 
Vary: Origin
Vary: Access-Control-Request-Method
Vary: Access-Control-Request-Headers
X-Content-Type-Options: nosniff
X-XSS-Protection: 0
Cache-Control: no-cache, no-store, max-age=0, must-revalidate
Pragma: no-cache
Expires: 0
X-Frame-Options: DENY
Content-Type: application/json
Transfer-Encoding: chunked
Date: Wed, 08 Oct 2025 19:56:59 GMT
Keep-Alive: timeout=60
Connection: keep-alive

[
    {
        "id": 47,
        "accountNumber": "ACC47",
        "balance": 259.99,
        "transactions": [
            {
                "id": 82,
                "amount": 300.0,
                "type": "DEPOSIT",
                "timestamp": "Wed Oct 08 19:56:50 UTC 2025",
                "relatedAccountId": 47
            },
            {
                "id": 85,
                "amount": 0.01,
                "type": "TRANSFER_OUT",
                "timestamp": "Wed Oct 08 19:56:53 UTC 2025",
                "relatedAccountId": 48
            },
            {
                "id": 83,
                "amount": 50.0,
                "type": "TRANSFER_OUT",
                "timestamp": "Wed Oct 08 19:56:51 UTC 2025",
                "relatedAccountId": 48
            },
            {
                "id": 88,
                "amount": 10.0,
                "type": "TRANSFER_IN",
                "timestamp": "Wed Oct 08 19:56:54 UTC 2025",
                "relatedAccountId": 48
            }
        ]
    }
]
]]></system-out>
  </testcase>
  <testcase name="userInvalidTransfer(String, String, int, int, double)[1]" classname="iteration2.api.TransferTest" time="1.273">
    <system-out><![CDATA[Request method:	GET
Request URI:	http://host.docker.internal:4111/api/v1/customer/accounts
Proxy:			<none>
Request params:	<none>
Query params:	<none>
Form params:	<none>
Path params:	<none>
Headers:		Accept=application/json, application/javascript, text/javascript, text/json
				Authorization=Basic S0VUVHBrOlVUVGFpYnIzOTUkJA==
				Content-Type=application/json
Cookies:		<none>
Multiparts:		<none>
Body:			<none>
HTTP/1.1 200 
Vary: Origin
Vary: Access-Control-Request-Method
Vary: Access-Control-Request-Headers
X-Content-Type-Options: nosniff
X-XSS-Protection: 0
Cache-Control: no-cache, no-store, max-age=0, must-revalidate
Pragma: no-cache
Expires: 0
X-Frame-Options: DENY
Content-Type: application/json
Transfer-Encoding: chunked
Date: Wed, 08 Oct 2025 19:56:59 GMT
Keep-Alive: timeout=60
Connection: keep-alive

[
    {
        "id": 47,
        "accountNumber": "ACC47",
        "balance": 259.99,
        "transactions": [
            {
                "id": 82,
                "amount": 300.0,
                "type": "DEPOSIT",
                "timestamp": "Wed Oct 08 19:56:50 UTC 2025",
                "relatedAccountId": 47
            },
            {
                "id": 85,
                "amount": 0.01,
                "type": "TRANSFER_OUT",
                "timestamp": "Wed Oct 08 19:56:53 UTC 2025",
                "relatedAccountId": 48
            },
            {
                "id": 83,
                "amount": 50.0,
                "type": "TRANSFER_OUT",
                "timestamp": "Wed Oct 08 19:56:51 UTC 2025",
                "relatedAccountId": 48
            },
            {
                "id": 88,
                "amount": 10.0,
                "type": "TRANSFER_IN",
                "timestamp": "Wed Oct 08 19:56:54 UTC 2025",
                "relatedAccountId": 48
            }
        ]
    }
]
Request method:	GET
Request URI:	http://host.docker.internal:4111/api/v1/customer/accounts
Proxy:			<none>
Request params:	<none>
Query params:	<none>
Form params:	<none>
Path params:	<none>
Headers:		Accept=application/json, application/javascript, text/javascript, text/json
				Authorization=Basic UkpzOkdBR2Fmb2gwNTUlJA==
				Content-Type=application/json
Cookies:		<none>
Multiparts:		<none>
Body:			<none>
HTTP/1.1 200 
Vary: Origin
Vary: Access-Control-Request-Method
Vary: Access-Control-Request-Headers
X-Content-Type-Options: nosniff
X-XSS-Protection: 0
Cache-Control: no-cache, no-store, max-age=0, must-revalidate
Pragma: no-cache
Expires: 0
X-Frame-Options: DENY
Content-Type: application/json
Transfer-Encoding: chunked
Date: Wed, 08 Oct 2025 19:56:59 GMT
Keep-Alive: timeout=60
Connection: keep-alive

[
    {
        "id": 48,
        "accountNumber": "ACC48",
        "balance": 40.01,
        "transactions": [
            {
                "id": 87,
                "amount": 10.0,
                "type": "TRANSFER_OUT",
                "timestamp": "Wed Oct 08 19:56:54 UTC 2025",
                "relatedAccountId": 47
            },
            {
                "id": 86,
                "amount": 0.01,
                "type": "TRANSFER_IN",
                "timestamp": "Wed Oct 08 19:56:53 UTC 2025",
                "relatedAccountId": 47
            },
            {
                "id": 84,
                "amount": 50.0,
                "type": "TRANSFER_IN",
                "timestamp": "Wed Oct 08 19:56:51 UTC 2025",
                "relatedAccountId": 47
            }
        ]
    }
]
Request method:	POST
Request URI:	http://host.docker.internal:4111/api/v1/accounts/transfer
Proxy:			<none>
Request params:	<none>
Query params:	<none>
Form params:	<none>
Path params:	<none>
Headers:		Accept=application/json, application/javascript, text/javascript, text/json
				Authorization=Basic S0VUVHBrOlVUVGFpYnIzOTUkJA==
				Content-Type=application/json
Cookies:		<none>
Multiparts:		<none>
Body:
{
    "senderAccountId": 47,
    "receiverAccountId": 48,
    "amount": 0.0
}
HTTP/1.1 400 
Vary: Origin
Vary: Access-Control-Request-Method
Vary: Access-Control-Request-Headers
X-Content-Type-Options: nosniff
X-XSS-Protection: 0
Cache-Control: no-cache, no-store, max-age=0, must-revalidate
Pragma: no-cache
Expires: 0
X-Frame-Options: DENY
Content-Type: application/json
Content-Length: 56
Date: Wed, 08 Oct 2025 19:56:59 GMT
Connection: close

Invalid transfer: insufficient funds or invalid accounts
Request method:	GET
Request URI:	http://host.docker.internal:4111/api/v1/customer/accounts
Proxy:			<none>
Request params:	<none>
Query params:	<none>
Form params:	<none>
Path params:	<none>
Headers:		Accept=application/json, application/javascript, text/javascript, text/json
				Authorization=Basic S0VUVHBrOlVUVGFpYnIzOTUkJA==
				Content-Type=application/json
Cookies:		<none>
Multiparts:		<none>
Body:			<none>
HTTP/1.1 200 
Vary: Origin
Vary: Access-Control-Request-Method
Vary: Access-Control-Request-Headers
X-Content-Type-Options: nosniff
X-XSS-Protection: 0
Cache-Control: no-cache, no-store, max-age=0, must-revalidate
Pragma: no-cache
Expires: 0
X-Frame-Options: DENY
Content-Type: application/json
Transfer-Encoding: chunked
Date: Wed, 08 Oct 2025 19:57:00 GMT
Keep-Alive: timeout=60
Connection: keep-alive

[
    {
        "id": 47,
        "accountNumber": "ACC47",
        "balance": 259.99,
        "transactions": [
            {
                "id": 82,
                "amount": 300.0,
                "type": "DEPOSIT",
                "timestamp": "Wed Oct 08 19:56:50 UTC 2025",
                "relatedAccountId": 47
            },
            {
                "id": 85,
                "amount": 0.01,
                "type": "TRANSFER_OUT",
                "timestamp": "Wed Oct 08 19:56:53 UTC 2025",
                "relatedAccountId": 48
            },
            {
                "id": 83,
                "amount": 50.0,
                "type": "TRANSFER_OUT",
                "timestamp": "Wed Oct 08 19:56:51 UTC 2025",
                "relatedAccountId": 48
            },
            {
                "id": 88,
                "amount": 10.0,
                "type": "TRANSFER_IN",
                "timestamp": "Wed Oct 08 19:56:54 UTC 2025",
                "relatedAccountId": 48
            }
        ]
    }
]
Request method:	GET
Request URI:	http://host.docker.internal:4111/api/v1/customer/accounts
Proxy:			<none>
Request params:	<none>
Query params:	<none>
Form params:	<none>
Path params:	<none>
Headers:		Accept=application/json, application/javascript, text/javascript, text/json
				Authorization=Basic UkpzOkdBR2Fmb2gwNTUlJA==
				Content-Type=application/json
Cookies:		<none>
Multiparts:		<none>
Body:			<none>
HTTP/1.1 200 
Vary: Origin
Vary: Access-Control-Request-Method
Vary: Access-Control-Request-Headers
X-Content-Type-Options: nosniff
X-XSS-Protection: 0
Cache-Control: no-cache, no-store, max-age=0, must-revalidate
Pragma: no-cache
Expires: 0
X-Frame-Options: DENY
Content-Type: application/json
Transfer-Encoding: chunked
Date: Wed, 08 Oct 2025 19:57:00 GMT
Keep-Alive: timeout=60
Connection: keep-alive

[
    {
        "id": 48,
        "accountNumber": "ACC48",
        "balance": 40.01,
        "transactions": [
            {
                "id": 87,
                "amount": 10.0,
                "type": "TRANSFER_OUT",
                "timestamp": "Wed Oct 08 19:56:54 UTC 2025",
                "relatedAccountId": 47
            },
            {
                "id": 86,
                "amount": 0.01,
                "type": "TRANSFER_IN",
                "timestamp": "Wed Oct 08 19:56:53 UTC 2025",
                "relatedAccountId": 47
            },
            {
                "id": 84,
                "amount": 50.0,
                "type": "TRANSFER_IN",
                "timestamp": "Wed Oct 08 19:56:51 UTC 2025",
                "relatedAccountId": 47
            }
        ]
    }
]
]]></system-out>
  </testcase>
  <testcase name="userInvalidTransfer(String, String, int, int, double)[2]" classname="iteration2.api.TransferTest" time="1.293">
    <system-out><![CDATA[Request method:	GET
Request URI:	http://host.docker.internal:4111/api/v1/customer/accounts
Proxy:			<none>
Request params:	<none>
Query params:	<none>
Form params:	<none>
Path params:	<none>
Headers:		Accept=application/json, application/javascript, text/javascript, text/json
				Authorization=Basic S0VUVHBrOlVUVGFpYnIzOTUkJA==
				Content-Type=application/json
Cookies:		<none>
Multiparts:		<none>
Body:			<none>
HTTP/1.1 200 
Vary: Origin
Vary: Access-Control-Request-Method
Vary: Access-Control-Request-Headers
X-Content-Type-Options: nosniff
X-XSS-Protection: 0
Cache-Control: no-cache, no-store, max-age=0, must-revalidate
Pragma: no-cache
Expires: 0
X-Frame-Options: DENY
Content-Type: application/json
Transfer-Encoding: chunked
Date: Wed, 08 Oct 2025 19:57:00 GMT
Keep-Alive: timeout=60
Connection: keep-alive

[
    {
        "id": 47,
        "accountNumber": "ACC47",
        "balance": 259.99,
        "transactions": [
            {
                "id": 82,
                "amount": 300.0,
                "type": "DEPOSIT",
                "timestamp": "Wed Oct 08 19:56:50 UTC 2025",
                "relatedAccountId": 47
            },
            {
                "id": 85,
                "amount": 0.01,
                "type": "TRANSFER_OUT",
                "timestamp": "Wed Oct 08 19:56:53 UTC 2025",
                "relatedAccountId": 48
            },
            {
                "id": 83,
                "amount": 50.0,
                "type": "TRANSFER_OUT",
                "timestamp": "Wed Oct 08 19:56:51 UTC 2025",
                "relatedAccountId": 48
            },
            {
                "id": 88,
                "amount": 10.0,
                "type": "TRANSFER_IN",
                "timestamp": "Wed Oct 08 19:56:54 UTC 2025",
                "relatedAccountId": 48
            }
        ]
    }
]
Request method:	GET
Request URI:	http://host.docker.internal:4111/api/v1/customer/accounts
Proxy:			<none>
Request params:	<none>
Query params:	<none>
Form params:	<none>
Path params:	<none>
Headers:		Accept=application/json, application/javascript, text/javascript, text/json
				Authorization=Basic UkpzOkdBR2Fmb2gwNTUlJA==
				Content-Type=application/json
Cookies:		<none>
Multiparts:		<none>
Body:			<none>
HTTP/1.1 200 
Vary: Origin
Vary: Access-Control-Request-Method
Vary: Access-Control-Request-Headers
X-Content-Type-Options: nosniff
X-XSS-Protection: 0
Cache-Control: no-cache, no-store, max-age=0, must-revalidate
Pragma: no-cache
Expires: 0
X-Frame-Options: DENY
Content-Type: application/json
Transfer-Encoding: chunked
Date: Wed, 08 Oct 2025 19:57:00 GMT
Keep-Alive: timeout=60
Connection: keep-alive

[
    {
        "id": 48,
        "accountNumber": "ACC48",
        "balance": 40.01,
        "transactions": [
            {
                "id": 87,
                "amount": 10.0,
                "type": "TRANSFER_OUT",
                "timestamp": "Wed Oct 08 19:56:54 UTC 2025",
                "relatedAccountId": 47
            },
            {
                "id": 86,
                "amount": 0.01,
                "type": "TRANSFER_IN",
                "timestamp": "Wed Oct 08 19:56:53 UTC 2025",
                "relatedAccountId": 47
            },
            {
                "id": 84,
                "amount": 50.0,
                "type": "TRANSFER_IN",
                "timestamp": "Wed Oct 08 19:56:51 UTC 2025",
                "relatedAccountId": 47
            }
        ]
    }
]
Request method:	POST
Request URI:	http://host.docker.internal:4111/api/v1/accounts/transfer
Proxy:			<none>
Request params:	<none>
Query params:	<none>
Form params:	<none>
Path params:	<none>
Headers:		Accept=application/json, application/javascript, text/javascript, text/json
				Authorization=Basic S0VUVHBrOlVUVGFpYnIzOTUkJA==
				Content-Type=application/json
Cookies:		<none>
Multiparts:		<none>
Body:
{
    "senderAccountId": 47,
    "receiverAccountId": 48,
    "amount": -100.0
}
HTTP/1.1 400 
Vary: Origin
Vary: Access-Control-Request-Method
Vary: Access-Control-Request-Headers
X-Content-Type-Options: nosniff
X-XSS-Protection: 0
Cache-Control: no-cache, no-store, max-age=0, must-revalidate
Pragma: no-cache
Expires: 0
X-Frame-Options: DENY
Content-Type: application/json
Content-Length: 56
Date: Wed, 08 Oct 2025 19:57:01 GMT
Connection: close

Invalid transfer: insufficient funds or invalid accounts
Request method:	GET
Request URI:	http://host.docker.internal:4111/api/v1/customer/accounts
Proxy:			<none>
Request params:	<none>
Query params:	<none>
Form params:	<none>
Path params:	<none>
Headers:		Accept=application/json, application/javascript, text/javascript, text/json
				Authorization=Basic S0VUVHBrOlVUVGFpYnIzOTUkJA==
				Content-Type=application/json
Cookies:		<none>
Multiparts:		<none>
Body:			<none>
HTTP/1.1 200 
Vary: Origin
Vary: Access-Control-Request-Method
Vary: Access-Control-Request-Headers
X-Content-Type-Options: nosniff
X-XSS-Protection: 0
Cache-Control: no-cache, no-store, max-age=0, must-revalidate
Pragma: no-cache
Expires: 0
X-Frame-Options: DENY
Content-Type: application/json
Transfer-Encoding: chunked
Date: Wed, 08 Oct 2025 19:57:01 GMT
Keep-Alive: timeout=60
Connection: keep-alive

[
    {
        "id": 47,
        "accountNumber": "ACC47",
        "balance": 259.99,
        "transactions": [
            {
                "id": 82,
                "amount": 300.0,
                "type": "DEPOSIT",
                "timestamp": "Wed Oct 08 19:56:50 UTC 2025",
                "relatedAccountId": 47
            },
            {
                "id": 85,
                "amount": 0.01,
                "type": "TRANSFER_OUT",
                "timestamp": "Wed Oct 08 19:56:53 UTC 2025",
                "relatedAccountId": 48
            },
            {
                "id": 83,
                "amount": 50.0,
                "type": "TRANSFER_OUT",
                "timestamp": "Wed Oct 08 19:56:51 UTC 2025",
                "relatedAccountId": 48
            },
            {
                "id": 88,
                "amount": 10.0,
                "type": "TRANSFER_IN",
                "timestamp": "Wed Oct 08 19:56:54 UTC 2025",
                "relatedAccountId": 48
            }
        ]
    }
]
Request method:	GET
Request URI:	http://host.docker.internal:4111/api/v1/customer/accounts
Proxy:			<none>
Request params:	<none>
Query params:	<none>
Form params:	<none>
Path params:	<none>
Headers:		Accept=application/json, application/javascript, text/javascript, text/json
				Authorization=Basic UkpzOkdBR2Fmb2gwNTUlJA==
				Content-Type=application/json
Cookies:		<none>
Multiparts:		<none>
Body:			<none>
HTTP/1.1 200 
Vary: Origin
Vary: Access-Control-Request-Method
Vary: Access-Control-Request-Headers
X-Content-Type-Options: nosniff
X-XSS-Protection: 0
Cache-Control: no-cache, no-store, max-age=0, must-revalidate
Pragma: no-cache
Expires: 0
X-Frame-Options: DENY
Content-Type: application/json
Transfer-Encoding: chunked
Date: Wed, 08 Oct 2025 19:57:01 GMT
Keep-Alive: timeout=60
Connection: keep-alive

[
    {
        "id": 48,
        "accountNumber": "ACC48",
        "balance": 40.01,
        "transactions": [
            {
                "id": 87,
                "amount": 10.0,
                "type": "TRANSFER_OUT",
                "timestamp": "Wed Oct 08 19:56:54 UTC 2025",
                "relatedAccountId": 47
            },
            {
                "id": 86,
                "amount": 0.01,
                "type": "TRANSFER_IN",
                "timestamp": "Wed Oct 08 19:56:53 UTC 2025",
                "relatedAccountId": 47
            },
            {
                "id": 84,
                "amount": 50.0,
                "type": "TRANSFER_IN",
                "timestamp": "Wed Oct 08 19:56:51 UTC 2025",
                "relatedAccountId": 47
            }
        ]
    }
]
]]></system-out>
  </testcase>
</testsuite>